[0.013s] Invoking command in '/home/shu/ros2_ws/build/base_demo_cpp': CMAKE_PREFIX_PATH=${CMAKE_PREFIX_PATH}:/opt/ros/jazzy DEBUGINFOD_URLS=https://debuginfod.ubuntu.com /usr/bin/cmake --build /home/shu/ros2_ws/build/base_demo_cpp -- -j4 -l4
[0.146s] [  2%] Built target base_demo_cpp__rosidl_generator_type_description
[0.147s] [  4%] Built target base_demo_cpp__rs
[0.147s] [  8%] Built target tcp_client
[0.156s] [  8%] Built target ament_cmake_python_copy_base_demo_cpp
[0.171s] [ 13%] Built target base_demo_cpp__cpp
[0.171s] [ 15%] Built target cmd_vel_test_node
[0.173s] [ 26%] Built target base_demo_cpp__rosidl_generator_c
[0.189s] [ 31%] Built target tcp_client_test_node
[0.200s] [ 37%] Built target base_demo_cpp__rosidl_typesupport_fastrtps_cpp
[0.202s] [ 44%] Built target base_demo_cpp__rosidl_typesupport_fastrtps_c
[0.212s] [ 51%] Built target base_demo_cpp__rosidl_typesupport_introspection_c
[0.225s] [ 57%] Built target base_demo_cpp__rosidl_typesupport_introspection_cpp
[0.227s] [ 64%] Built target base_demo_cpp__rosidl_typesupport_c
[0.234s] [ 71%] Built target base_demo_cpp__rosidl_typesupport_cpp
[0.254s] [ 75%] Built target base_status_listener_node
[0.255s] [ 75%] Built target base_demo_cpp
[0.265s] [ 77%] [32mBuilding CXX object CMakeFiles/base_node.dir/src/base_node.cpp.o[0m
[0.274s] [ 80%] Built target base_demo_cpp__py
[0.305s] [ 84%] Built target base_demo_cpp__rosidl_generator_py
[0.324s] [ 88%] Built target base_demo_cpp_s__rosidl_typesupport_fastrtps_c
[0.327s] [ 93%] Built target base_demo_cpp_s__rosidl_typesupport_introspection_c
[0.334s] running egg_info
[0.345s] [ 97%] Built target base_demo_cpp_s__rosidl_typesupport_c
[0.346s] writing base_demo_cpp.egg-info/PKG-INFO
[0.346s] writing dependency_links to base_demo_cpp.egg-info/dependency_links.txt
[0.347s] writing top-level names to base_demo_cpp.egg-info/top_level.txt
[0.379s] reading manifest file 'base_demo_cpp.egg-info/SOURCES.txt'
[0.380s] writing manifest file 'base_demo_cpp.egg-info/SOURCES.txt'
[0.402s] [ 97%] Built target ament_cmake_python_build_base_demo_cpp_egg
[2.229s] In file included from [01m[K/opt/ros/jazzy/include/rclcpp/rclcpp/logging.hpp:24[m[K,
[2.229s]                  from [01m[K/opt/ros/jazzy/include/rclcpp/rclcpp/copy_all_parameter_values.hpp:27[m[K,
[2.229s]                  from [01m[K/opt/ros/jazzy/include/rclcpp/rclcpp/rclcpp.hpp:171[m[K,
[2.229s]                  from [01m[K/home/shu/ros2_ws/src/base_demo_cpp/src/base_node.cpp:20[m[K:
[2.229s] [01m[K/home/shu/ros2_ws/src/base_demo_cpp/src/base_node.cpp:[m[K In member function ‘[01m[Kvoid BaseNode::[01;32m[KonTimer[m[K()[m[K’:
[2.229s] [01m[K/home/shu/ros2_ws/src/base_demo_cpp/src/base_node.cpp:276:11:[m[K [01;35m[Kwarning: [m[Kformat ‘[01m[K%s[m[K’ expects argument of type ‘[01m[Kchar*[m[K’, but argument 5 has type ‘[01m[Kstd::string[m[K’ {aka ‘[01m[Kstd::__cxx11::basic_string<char>[m[K’} [[01;35m[K]8;;https://gcc.gnu.org/onlinedocs/gcc/Warning-Options.html#index-Wformat=-Wformat=]8;;[m[K]
[2.229s]   276 |           [01;35m[K"connect qemu failed : %s:%d"[m[K,
[2.229s]       |           [01;35m[K^~~~~~~~~~~~~~~~~~~~~~~~~~~~~[m[K
[2.229s] [01m[K/home/shu/ros2_ws/src/base_demo_cpp/src/base_node.cpp:276:35:[m[K [01;36m[Knote: [m[Kformat string is defined here
[2.229s]   276 |           "connect qemu failed : [01;36m[K%s[m[K:%d",
[2.229s]       |                                  [01;36m[K~^[m[K
[2.229s]       |                                   [01;36m[K|[m[K
[2.229s]       |                                   [01;36m[Kchar*[m[K
[7.930s] [100%] [32m[1mLinking CXX executable base_node[0m
[8.232s] [100%] Built target base_node
[8.241s] Invoked command in '/home/shu/ros2_ws/build/base_demo_cpp' returned '0': CMAKE_PREFIX_PATH=${CMAKE_PREFIX_PATH}:/opt/ros/jazzy DEBUGINFOD_URLS=https://debuginfod.ubuntu.com /usr/bin/cmake --build /home/shu/ros2_ws/build/base_demo_cpp -- -j4 -l4
[8.249s] Invoking command in '/home/shu/ros2_ws/build/base_demo_cpp': CMAKE_PREFIX_PATH=${CMAKE_PREFIX_PATH}:/opt/ros/jazzy DEBUGINFOD_URLS=https://debuginfod.ubuntu.com /usr/bin/cmake --install /home/shu/ros2_ws/build/base_demo_cpp
[8.256s] -- Install configuration: ""
[8.256s] -- Up-to-date: /home/shu/ros2_ws/install/base_demo_cpp/share/ament_index/resource_index/rosidl_interfaces/base_demo_cpp
[8.257s] -- Up-to-date: /home/shu/ros2_ws/install/base_demo_cpp/share/base_demo_cpp/msg/BaseStatus.json
[8.257s] -- Up-to-date: /home/shu/ros2_ws/install/base_demo_cpp/include/base_demo_cpp/base_demo_cpp
[8.257s] -- Up-to-date: /home/shu/ros2_ws/install/base_demo_cpp/include/base_demo_cpp/base_demo_cpp/msg
[8.257s] -- Up-to-date: /home/shu/ros2_ws/install/base_demo_cpp/include/base_demo_cpp/base_demo_cpp/msg/detail
[8.257s] -- Up-to-date: /home/shu/ros2_ws/install/base_demo_cpp/include/base_demo_cpp/base_demo_cpp/msg/detail/base_status__type_support.h
[8.257s] -- Up-to-date: /home/shu/ros2_ws/install/base_demo_cpp/include/base_demo_cpp/base_demo_cpp/msg/detail/base_status__functions.h
[8.257s] -- Up-to-date: /home/shu/ros2_ws/install/base_demo_cpp/include/base_demo_cpp/base_demo_cpp/msg/detail/base_status__description.c
[8.257s] -- Up-to-date: /home/shu/ros2_ws/install/base_demo_cpp/include/base_demo_cpp/base_demo_cpp/msg/detail/base_status__functions.c
[8.257s] -- Up-to-date: /home/shu/ros2_ws/install/base_demo_cpp/include/base_demo_cpp/base_demo_cpp/msg/detail/base_status__struct.h
[8.257s] -- Up-to-date: /home/shu/ros2_ws/install/base_demo_cpp/include/base_demo_cpp/base_demo_cpp/msg/detail/base_status__type_support.c
[8.257s] -- Up-to-date: /home/shu/ros2_ws/install/base_demo_cpp/include/base_demo_cpp/base_demo_cpp/msg/rosidl_generator_c__visibility_control.h
[8.257s] -- Up-to-date: /home/shu/ros2_ws/install/base_demo_cpp/include/base_demo_cpp/base_demo_cpp/msg/base_status.h
[8.257s] -- Up-to-date: /home/shu/ros2_ws/install/base_demo_cpp/share/base_demo_cpp/environment/library_path.sh
[8.257s] -- Up-to-date: /home/shu/ros2_ws/install/base_demo_cpp/share/base_demo_cpp/environment/library_path.dsv
[8.258s] -- Up-to-date: /home/shu/ros2_ws/install/base_demo_cpp/lib/libbase_demo_cpp__rosidl_generator_c.so
[8.258s] -- Up-to-date: /home/shu/ros2_ws/install/base_demo_cpp/include/base_demo_cpp/base_demo_cpp
[8.258s] -- Up-to-date: /home/shu/ros2_ws/install/base_demo_cpp/include/base_demo_cpp/base_demo_cpp/msg
[8.258s] -- Up-to-date: /home/shu/ros2_ws/install/base_demo_cpp/include/base_demo_cpp/base_demo_cpp/msg/detail
[8.258s] -- Up-to-date: /home/shu/ros2_ws/install/base_demo_cpp/include/base_demo_cpp/base_demo_cpp/msg/detail/base_status__rosidl_typesupport_fastrtps_c.h
[8.258s] -- Up-to-date: /home/shu/ros2_ws/install/base_demo_cpp/include/base_demo_cpp/base_demo_cpp/msg/rosidl_typesupport_fastrtps_c__visibility_control.h
[8.259s] -- Up-to-date: /home/shu/ros2_ws/install/base_demo_cpp/lib/libbase_demo_cpp__rosidl_typesupport_fastrtps_c.so
[8.259s] -- Up-to-date: /home/shu/ros2_ws/install/base_demo_cpp/include/base_demo_cpp/base_demo_cpp
[8.259s] -- Up-to-date: /home/shu/ros2_ws/install/base_demo_cpp/include/base_demo_cpp/base_demo_cpp/msg
[8.259s] -- Up-to-date: /home/shu/ros2_ws/install/base_demo_cpp/include/base_demo_cpp/base_demo_cpp/msg/detail
[8.259s] -- Up-to-date: /home/shu/ros2_ws/install/base_demo_cpp/include/base_demo_cpp/base_demo_cpp/msg/detail/base_status__type_support.hpp
[8.259s] -- Up-to-date: /home/shu/ros2_ws/install/base_demo_cpp/include/base_demo_cpp/base_demo_cpp/msg/detail/base_status__builder.hpp
[8.259s] -- Up-to-date: /home/shu/ros2_ws/install/base_demo_cpp/include/base_demo_cpp/base_demo_cpp/msg/detail/base_status__struct.hpp
[8.259s] -- Up-to-date: /home/shu/ros2_ws/install/base_demo_cpp/include/base_demo_cpp/base_demo_cpp/msg/detail/base_status__traits.hpp
[8.260s] -- Up-to-date: /home/shu/ros2_ws/install/base_demo_cpp/include/base_demo_cpp/base_demo_cpp/msg/rosidl_generator_cpp__visibility_control.hpp
[8.260s] -- Up-to-date: /home/shu/ros2_ws/install/base_demo_cpp/include/base_demo_cpp/base_demo_cpp/msg/base_status.hpp
[8.260s] -- Up-to-date: /home/shu/ros2_ws/install/base_demo_cpp/include/base_demo_cpp/base_demo_cpp
[8.260s] -- Up-to-date: /home/shu/ros2_ws/install/base_demo_cpp/include/base_demo_cpp/base_demo_cpp/msg
[8.260s] -- Up-to-date: /home/shu/ros2_ws/install/base_demo_cpp/include/base_demo_cpp/base_demo_cpp/msg/detail
[8.260s] -- Up-to-date: /home/shu/ros2_ws/install/base_demo_cpp/include/base_demo_cpp/base_demo_cpp/msg/detail/dds_fastrtps
[8.260s] -- Up-to-date: /home/shu/ros2_ws/install/base_demo_cpp/include/base_demo_cpp/base_demo_cpp/msg/detail/base_status__rosidl_typesupport_fastrtps_cpp.hpp
[8.260s] -- Up-to-date: /home/shu/ros2_ws/install/base_demo_cpp/include/base_demo_cpp/base_demo_cpp/msg/rosidl_typesupport_fastrtps_cpp__visibility_control.h
[8.260s] -- Up-to-date: /home/shu/ros2_ws/install/base_demo_cpp/lib/libbase_demo_cpp__rosidl_typesupport_fastrtps_cpp.so
[8.260s] -- Up-to-date: /home/shu/ros2_ws/install/base_demo_cpp/include/base_demo_cpp/base_demo_cpp
[8.260s] -- Up-to-date: /home/shu/ros2_ws/install/base_demo_cpp/include/base_demo_cpp/base_demo_cpp/msg
[8.261s] -- Up-to-date: /home/shu/ros2_ws/install/base_demo_cpp/include/base_demo_cpp/base_demo_cpp/msg/detail
[8.261s] -- Up-to-date: /home/shu/ros2_ws/install/base_demo_cpp/include/base_demo_cpp/base_demo_cpp/msg/detail/base_status__rosidl_typesupport_introspection_c.h
[8.261s] -- Up-to-date: /home/shu/ros2_ws/install/base_demo_cpp/include/base_demo_cpp/base_demo_cpp/msg/detail/base_status__type_support.c
[8.261s] -- Up-to-date: /home/shu/ros2_ws/install/base_demo_cpp/include/base_demo_cpp/base_demo_cpp/msg/rosidl_typesupport_introspection_c__visibility_control.h
[8.261s] -- Up-to-date: /home/shu/ros2_ws/install/base_demo_cpp/lib/libbase_demo_cpp__rosidl_typesupport_introspection_c.so
[8.261s] -- Up-to-date: /home/shu/ros2_ws/install/base_demo_cpp/lib/libbase_demo_cpp__rosidl_typesupport_c.so
[8.261s] -- Up-to-date: /home/shu/ros2_ws/install/base_demo_cpp/include/base_demo_cpp/base_demo_cpp
[8.262s] -- Up-to-date: /home/shu/ros2_ws/install/base_demo_cpp/include/base_demo_cpp/base_demo_cpp/msg
[8.262s] -- Up-to-date: /home/shu/ros2_ws/install/base_demo_cpp/include/base_demo_cpp/base_demo_cpp/msg/detail
[8.262s] -- Up-to-date: /home/shu/ros2_ws/install/base_demo_cpp/include/base_demo_cpp/base_demo_cpp/msg/detail/base_status__rosidl_typesupport_introspection_cpp.hpp
[8.262s] -- Up-to-date: /home/shu/ros2_ws/install/base_demo_cpp/include/base_demo_cpp/base_demo_cpp/msg/detail/base_status__type_support.cpp
[8.262s] -- Up-to-date: /home/shu/ros2_ws/install/base_demo_cpp/lib/libbase_demo_cpp__rosidl_typesupport_introspection_cpp.so
[8.262s] -- Up-to-date: /home/shu/ros2_ws/install/base_demo_cpp/lib/libbase_demo_cpp__rosidl_typesupport_cpp.so
[8.263s] -- Up-to-date: /home/shu/ros2_ws/install/base_demo_cpp/share/base_demo_cpp/environment/pythonpath.sh
[8.263s] -- Up-to-date: /home/shu/ros2_ws/install/base_demo_cpp/share/base_demo_cpp/environment/pythonpath.dsv
[8.263s] -- Up-to-date: /home/shu/ros2_ws/install/base_demo_cpp/lib/python3.12/site-packages/base_demo_cpp-0.0.0-py3.12.egg-info
[8.263s] -- Installing: /home/shu/ros2_ws/install/base_demo_cpp/lib/python3.12/site-packages/base_demo_cpp-0.0.0-py3.12.egg-info/PKG-INFO
[8.263s] -- Installing: /home/shu/ros2_ws/install/base_demo_cpp/lib/python3.12/site-packages/base_demo_cpp-0.0.0-py3.12.egg-info/SOURCES.txt
[8.263s] -- Installing: /home/shu/ros2_ws/install/base_demo_cpp/lib/python3.12/site-packages/base_demo_cpp-0.0.0-py3.12.egg-info/dependency_links.txt
[8.264s] -- Installing: /home/shu/ros2_ws/install/base_demo_cpp/lib/python3.12/site-packages/base_demo_cpp-0.0.0-py3.12.egg-info/top_level.txt
[8.264s] -- Up-to-date: /home/shu/ros2_ws/install/base_demo_cpp/lib/python3.12/site-packages/base_demo_cpp
[8.264s] -- Up-to-date: /home/shu/ros2_ws/install/base_demo_cpp/lib/python3.12/site-packages/base_demo_cpp/_base_demo_cpp_s.ep.rosidl_typesupport_introspection_c.c
[8.264s] -- Up-to-date: /home/shu/ros2_ws/install/base_demo_cpp/lib/python3.12/site-packages/base_demo_cpp/base_demo_cpp_s__rosidl_typesupport_introspection_c.so
[8.264s] -- Up-to-date: /home/shu/ros2_ws/install/base_demo_cpp/lib/python3.12/site-packages/base_demo_cpp/_base_demo_cpp_s.ep.rosidl_typesupport_c.c
[8.264s] -- Up-to-date: /home/shu/ros2_ws/install/base_demo_cpp/lib/python3.12/site-packages/base_demo_cpp/base_demo_cpp_s__rosidl_typesupport_fastrtps_c.so
[8.264s] -- Up-to-date: /home/shu/ros2_ws/install/base_demo_cpp/lib/python3.12/site-packages/base_demo_cpp/__init__.py
[8.264s] -- Up-to-date: /home/shu/ros2_ws/install/base_demo_cpp/lib/python3.12/site-packages/base_demo_cpp/_base_demo_cpp_s.ep.rosidl_typesupport_fastrtps_c.c
[8.264s] -- Up-to-date: /home/shu/ros2_ws/install/base_demo_cpp/lib/python3.12/site-packages/base_demo_cpp/base_demo_cpp_s__rosidl_typesupport_c.so
[8.264s] -- Up-to-date: /home/shu/ros2_ws/install/base_demo_cpp/lib/python3.12/site-packages/base_demo_cpp/msg
[8.264s] -- Up-to-date: /home/shu/ros2_ws/install/base_demo_cpp/lib/python3.12/site-packages/base_demo_cpp/msg/__init__.py
[8.264s] -- Up-to-date: /home/shu/ros2_ws/install/base_demo_cpp/lib/python3.12/site-packages/base_demo_cpp/msg/_base_status.py
[8.264s] -- Up-to-date: /home/shu/ros2_ws/install/base_demo_cpp/lib/python3.12/site-packages/base_demo_cpp/msg/_base_status_s.c
[8.296s] Listing '/home/shu/ros2_ws/install/base_demo_cpp/lib/python3.12/site-packages/base_demo_cpp'...
[8.296s] Listing '/home/shu/ros2_ws/install/base_demo_cpp/lib/python3.12/site-packages/base_demo_cpp/msg'...
[8.301s] -- Up-to-date: /home/shu/ros2_ws/install/base_demo_cpp/lib/python3.12/site-packages/base_demo_cpp/base_demo_cpp_s__rosidl_typesupport_fastrtps_c.so
[8.301s] -- Up-to-date: /home/shu/ros2_ws/install/base_demo_cpp/lib/python3.12/site-packages/base_demo_cpp/base_demo_cpp_s__rosidl_typesupport_introspection_c.so
[8.301s] -- Up-to-date: /home/shu/ros2_ws/install/base_demo_cpp/lib/python3.12/site-packages/base_demo_cpp/base_demo_cpp_s__rosidl_typesupport_c.so
[8.301s] -- Up-to-date: /home/shu/ros2_ws/install/base_demo_cpp/lib/libbase_demo_cpp__rosidl_generator_py.so
[8.302s] -- Up-to-date: /home/shu/ros2_ws/install/base_demo_cpp/share/ament_index/resource_index/rust_packages/base_demo_cpp
[8.302s] -- Up-to-date: /home/shu/ros2_ws/install/base_demo_cpp/share/base_demo_cpp/rust
[8.302s] -- Up-to-date: /home/shu/ros2_ws/install/base_demo_cpp/share/base_demo_cpp/rust/src
[8.302s] -- Up-to-date: /home/shu/ros2_ws/install/base_demo_cpp/share/base_demo_cpp/rust/src/lib.rs
[8.302s] -- Up-to-date: /home/shu/ros2_ws/install/base_demo_cpp/share/base_demo_cpp/rust/src/msg.rs
[8.302s] -- Up-to-date: /home/shu/ros2_ws/install/base_demo_cpp/share/base_demo_cpp/rust/src/msg
[8.303s] -- Up-to-date: /home/shu/ros2_ws/install/base_demo_cpp/share/base_demo_cpp/rust/src/msg/rmw.rs
[8.303s] -- Up-to-date: /home/shu/ros2_ws/install/base_demo_cpp/share/base_demo_cpp/rust/build.rs
[8.303s] -- Up-to-date: /home/shu/ros2_ws/install/base_demo_cpp/share/base_demo_cpp/rust/Cargo.toml
[8.303s] -- Up-to-date: /home/shu/ros2_ws/install/base_demo_cpp/share/base_demo_cpp/msg/BaseStatus.idl
[8.303s] -- Up-to-date: /home/shu/ros2_ws/install/base_demo_cpp/share/base_demo_cpp/msg/BaseStatus.msg
[8.304s] -- Installing: /home/shu/ros2_ws/install/base_demo_cpp/lib/base_demo_cpp/base_node
[8.306s] -- Set non-toolchain portion of runtime path of "/home/shu/ros2_ws/install/base_demo_cpp/lib/base_demo_cpp/base_node" to ""
[8.307s] -- Up-to-date: /home/shu/ros2_ws/install/base_demo_cpp/lib/base_demo_cpp/base_status_listener_node
[8.308s] -- Up-to-date: /home/shu/ros2_ws/install/base_demo_cpp/lib/base_demo_cpp/cmd_vel_test_node
[8.309s] -- Up-to-date: /home/shu/ros2_ws/install/base_demo_cpp/lib/base_demo_cpp/tcp_client_test_node
[8.309s] -- Up-to-date: /home/shu/ros2_ws/install/base_demo_cpp/share/base_demo_cpp/launch
[8.310s] -- Installing: /home/shu/ros2_ws/install/base_demo_cpp/share/base_demo_cpp/launch/base_system.launch.py
[8.310s] -- Up-to-date: /home/shu/ros2_ws/install/base_demo_cpp/include
[8.310s] -- Up-to-date: /home/shu/ros2_ws/install/base_demo_cpp/include/base_demo_cpp
[8.310s] -- Up-to-date: /home/shu/ros2_ws/install/base_demo_cpp/include/base_demo_cpp/tcp_client.hpp
[8.311s] -- Up-to-date: /home/shu/ros2_ws/install/base_demo_cpp/share/ament_index/resource_index/package_run_dependencies/base_demo_cpp
[8.311s] -- Up-to-date: /home/shu/ros2_ws/install/base_demo_cpp/share/ament_index/resource_index/parent_prefix_path/base_demo_cpp
[8.311s] -- Up-to-date: /home/shu/ros2_ws/install/base_demo_cpp/share/base_demo_cpp/environment/ament_prefix_path.sh
[8.311s] -- Up-to-date: /home/shu/ros2_ws/install/base_demo_cpp/share/base_demo_cpp/environment/ament_prefix_path.dsv
[8.311s] -- Up-to-date: /home/shu/ros2_ws/install/base_demo_cpp/share/base_demo_cpp/environment/path.sh
[8.311s] -- Up-to-date: /home/shu/ros2_ws/install/base_demo_cpp/share/base_demo_cpp/environment/path.dsv
[8.311s] -- Up-to-date: /home/shu/ros2_ws/install/base_demo_cpp/share/base_demo_cpp/local_setup.bash
[8.311s] -- Up-to-date: /home/shu/ros2_ws/install/base_demo_cpp/share/base_demo_cpp/local_setup.sh
[8.311s] -- Up-to-date: /home/shu/ros2_ws/install/base_demo_cpp/share/base_demo_cpp/local_setup.zsh
[8.311s] -- Up-to-date: /home/shu/ros2_ws/install/base_demo_cpp/share/base_demo_cpp/local_setup.dsv
[8.311s] -- Installing: /home/shu/ros2_ws/install/base_demo_cpp/share/base_demo_cpp/package.dsv
[8.312s] -- Up-to-date: /home/shu/ros2_ws/install/base_demo_cpp/share/ament_index/resource_index/packages/base_demo_cpp
[8.313s] -- Up-to-date: /home/shu/ros2_ws/install/base_demo_cpp/share/base_demo_cpp/cmake/export_base_demo_cpp__rosidl_generator_cExport.cmake
[8.313s] -- Up-to-date: /home/shu/ros2_ws/install/base_demo_cpp/share/base_demo_cpp/cmake/export_base_demo_cpp__rosidl_generator_cExport-noconfig.cmake
[8.313s] -- Up-to-date: /home/shu/ros2_ws/install/base_demo_cpp/share/base_demo_cpp/cmake/export_base_demo_cpp__rosidl_typesupport_fastrtps_cExport.cmake
[8.313s] -- Up-to-date: /home/shu/ros2_ws/install/base_demo_cpp/share/base_demo_cpp/cmake/export_base_demo_cpp__rosidl_typesupport_fastrtps_cExport-noconfig.cmake
[8.314s] -- Up-to-date: /home/shu/ros2_ws/install/base_demo_cpp/share/base_demo_cpp/cmake/export_base_demo_cpp__rosidl_generator_cppExport.cmake
[8.315s] -- Up-to-date: /home/shu/ros2_ws/install/base_demo_cpp/share/base_demo_cpp/cmake/export_base_demo_cpp__rosidl_typesupport_fastrtps_cppExport.cmake
[8.315s] -- Up-to-date: /home/shu/ros2_ws/install/base_demo_cpp/share/base_demo_cpp/cmake/export_base_demo_cpp__rosidl_typesupport_fastrtps_cppExport-noconfig.cmake
[8.316s] -- Up-to-date: /home/shu/ros2_ws/install/base_demo_cpp/share/base_demo_cpp/cmake/base_demo_cpp__rosidl_typesupport_introspection_cExport.cmake
[8.316s] -- Up-to-date: /home/shu/ros2_ws/install/base_demo_cpp/share/base_demo_cpp/cmake/base_demo_cpp__rosidl_typesupport_introspection_cExport-noconfig.cmake
[8.316s] -- Up-to-date: /home/shu/ros2_ws/install/base_demo_cpp/share/base_demo_cpp/cmake/base_demo_cpp__rosidl_typesupport_cExport.cmake
[8.316s] -- Up-to-date: /home/shu/ros2_ws/install/base_demo_cpp/share/base_demo_cpp/cmake/base_demo_cpp__rosidl_typesupport_cExport-noconfig.cmake
[8.317s] -- Up-to-date: /home/shu/ros2_ws/install/base_demo_cpp/share/base_demo_cpp/cmake/base_demo_cpp__rosidl_typesupport_introspection_cppExport.cmake
[8.317s] -- Up-to-date: /home/shu/ros2_ws/install/base_demo_cpp/share/base_demo_cpp/cmake/base_demo_cpp__rosidl_typesupport_introspection_cppExport-noconfig.cmake
[8.318s] -- Up-to-date: /home/shu/ros2_ws/install/base_demo_cpp/share/base_demo_cpp/cmake/base_demo_cpp__rosidl_typesupport_cppExport.cmake
[8.318s] -- Up-to-date: /home/shu/ros2_ws/install/base_demo_cpp/share/base_demo_cpp/cmake/base_demo_cpp__rosidl_typesupport_cppExport-noconfig.cmake
[8.318s] -- Up-to-date: /home/shu/ros2_ws/install/base_demo_cpp/share/base_demo_cpp/cmake/export_base_demo_cpp__rosidl_generator_pyExport.cmake
[8.318s] -- Up-to-date: /home/shu/ros2_ws/install/base_demo_cpp/share/base_demo_cpp/cmake/export_base_demo_cpp__rosidl_generator_pyExport-noconfig.cmake
[8.319s] -- Up-to-date: /home/shu/ros2_ws/install/base_demo_cpp/share/base_demo_cpp/cmake/rosidl_cmake-extras.cmake
[8.319s] -- Up-to-date: /home/shu/ros2_ws/install/base_demo_cpp/share/base_demo_cpp/cmake/ament_cmake_export_include_directories-extras.cmake
[8.319s] -- Up-to-date: /home/shu/ros2_ws/install/base_demo_cpp/share/base_demo_cpp/cmake/ament_cmake_export_libraries-extras.cmake
[8.319s] -- Up-to-date: /home/shu/ros2_ws/install/base_demo_cpp/share/base_demo_cpp/cmake/ament_cmake_export_targets-extras.cmake
[8.319s] -- Up-to-date: /home/shu/ros2_ws/install/base_demo_cpp/share/base_demo_cpp/cmake/rosidl_cmake_export_typesupport_targets-extras.cmake
[8.319s] -- Up-to-date: /home/shu/ros2_ws/install/base_demo_cpp/share/base_demo_cpp/cmake/ament_cmake_export_dependencies-extras.cmake
[8.319s] -- Up-to-date: /home/shu/ros2_ws/install/base_demo_cpp/share/base_demo_cpp/cmake/rosidl_cmake_export_typesupport_libraries-extras.cmake
[8.319s] -- Up-to-date: /home/shu/ros2_ws/install/base_demo_cpp/share/base_demo_cpp/cmake/base_demo_cppConfig.cmake
[8.319s] -- Up-to-date: /home/shu/ros2_ws/install/base_demo_cpp/share/base_demo_cpp/cmake/base_demo_cppConfig-version.cmake
[8.319s] -- Up-to-date: /home/shu/ros2_ws/install/base_demo_cpp/share/base_demo_cpp/package.xml
[8.322s] Invoked command in '/home/shu/ros2_ws/build/base_demo_cpp' returned '0': CMAKE_PREFIX_PATH=${CMAKE_PREFIX_PATH}:/opt/ros/jazzy DEBUGINFOD_URLS=https://debuginfod.ubuntu.com /usr/bin/cmake --install /home/shu/ros2_ws/build/base_demo_cpp
