[  2%] Built target base_demo_cpp__rosidl_generator_type_description
[  4%] Built target base_demo_cpp__rs
[  8%] Built target talker_node
[ 13%] Built target listener_node
[ 13%] Built target ament_cmake_python_copy_base_demo_cpp
[ 17%] Built target base_status_node
[ 33%] Built target base_demo_cpp__rosidl_generator_c
[ 33%] Built target cmd_vel_listener_node
[ 35%] Built target base_demo_cpp__cpp
[ 42%] Built target base_demo_cpp__rosidl_typesupport_introspection_c
[ 48%] Built target base_demo_cpp__rosidl_typesupport_fastrtps_c
[ 55%] Built target base_demo_cpp__rosidl_typesupport_c
[ 62%] Built target base_demo_cpp__rosidl_typesupport_cpp
[ 68%] Built target base_demo_cpp__rosidl_typesupport_introspection_cpp
[ 75%] Built target base_demo_cpp__rosidl_typesupport_fastrtps_cpp
[ 75%] Built target base_demo_cpp
[ 77%] [32mBuilding CXX object CMakeFiles/base_node.dir/src/base_node.cpp.o[0m
[ 80%] Built target base_demo_cpp__py
[ 84%] Built target base_demo_cpp__rosidl_generator_py
[ 88%] Built target base_demo_cpp_s__rosidl_typesupport_introspection_c
[ 93%] Built target base_demo_cpp_s__rosidl_typesupport_fastrtps_c
[ 97%] Built target base_demo_cpp_s__rosidl_typesupport_c
running egg_info
writing base_demo_cpp.egg-info/PKG-INFO
writing dependency_links to base_demo_cpp.egg-info/dependency_links.txt
writing top-level names to base_demo_cpp.egg-info/top_level.txt
reading manifest file 'base_demo_cpp.egg-info/SOURCES.txt'
writing manifest file 'base_demo_cpp.egg-info/SOURCES.txt'
[ 97%] Built target ament_cmake_python_build_base_demo_cpp_egg
[100%] [32m[1mLinking CXX executable base_node[0m
[100%] Built target base_node
-- Install configuration: ""
-- Installing: /home/shu/ros2_ws/install/base_demo_cpp/share/ament_index/resource_index/rosidl_interfaces/base_demo_cpp
-- Installing: /home/shu/ros2_ws/install/base_demo_cpp/share/base_demo_cpp/msg/BaseStatus.json
-- Installing: /home/shu/ros2_ws/install/base_demo_cpp/include/base_demo_cpp/base_demo_cpp
-- Installing: /home/shu/ros2_ws/install/base_demo_cpp/include/base_demo_cpp/base_demo_cpp/msg
-- Installing: /home/shu/ros2_ws/install/base_demo_cpp/include/base_demo_cpp/base_demo_cpp/msg/detail
-- Installing: /home/shu/ros2_ws/install/base_demo_cpp/include/base_demo_cpp/base_demo_cpp/msg/detail/base_status__type_support.h
-- Installing: /home/shu/ros2_ws/install/base_demo_cpp/include/base_demo_cpp/base_demo_cpp/msg/detail/base_status__functions.h
-- Installing: /home/shu/ros2_ws/install/base_demo_cpp/include/base_demo_cpp/base_demo_cpp/msg/detail/base_status__description.c
-- Installing: /home/shu/ros2_ws/install/base_demo_cpp/include/base_demo_cpp/base_demo_cpp/msg/detail/base_status__functions.c
-- Installing: /home/shu/ros2_ws/install/base_demo_cpp/include/base_demo_cpp/base_demo_cpp/msg/detail/base_status__struct.h
-- Installing: /home/shu/ros2_ws/install/base_demo_cpp/include/base_demo_cpp/base_demo_cpp/msg/detail/base_status__type_support.c
-- Installing: /home/shu/ros2_ws/install/base_demo_cpp/include/base_demo_cpp/base_demo_cpp/msg/rosidl_generator_c__visibility_control.h
-- Installing: /home/shu/ros2_ws/install/base_demo_cpp/include/base_demo_cpp/base_demo_cpp/msg/base_status.h
-- Installing: /home/shu/ros2_ws/install/base_demo_cpp/share/base_demo_cpp/environment/library_path.sh
-- Installing: /home/shu/ros2_ws/install/base_demo_cpp/share/base_demo_cpp/environment/library_path.dsv
-- Installing: /home/shu/ros2_ws/install/base_demo_cpp/lib/libbase_demo_cpp__rosidl_generator_c.so
-- Set non-toolchain portion of runtime path of "/home/shu/ros2_ws/install/base_demo_cpp/lib/libbase_demo_cpp__rosidl_generator_c.so" to ""
-- Up-to-date: /home/shu/ros2_ws/install/base_demo_cpp/include/base_demo_cpp/base_demo_cpp
-- Up-to-date: /home/shu/ros2_ws/install/base_demo_cpp/include/base_demo_cpp/base_demo_cpp/msg
-- Up-to-date: /home/shu/ros2_ws/install/base_demo_cpp/include/base_demo_cpp/base_demo_cpp/msg/detail
-- Installing: /home/shu/ros2_ws/install/base_demo_cpp/include/base_demo_cpp/base_demo_cpp/msg/detail/base_status__rosidl_typesupport_fastrtps_c.h
-- Installing: /home/shu/ros2_ws/install/base_demo_cpp/include/base_demo_cpp/base_demo_cpp/msg/rosidl_typesupport_fastrtps_c__visibility_control.h
-- Installing: /home/shu/ros2_ws/install/base_demo_cpp/lib/libbase_demo_cpp__rosidl_typesupport_fastrtps_c.so
-- Set non-toolchain portion of runtime path of "/home/shu/ros2_ws/install/base_demo_cpp/lib/libbase_demo_cpp__rosidl_typesupport_fastrtps_c.so" to ""
-- Up-to-date: /home/shu/ros2_ws/install/base_demo_cpp/include/base_demo_cpp/base_demo_cpp
-- Up-to-date: /home/shu/ros2_ws/install/base_demo_cpp/include/base_demo_cpp/base_demo_cpp/msg
-- Up-to-date: /home/shu/ros2_ws/install/base_demo_cpp/include/base_demo_cpp/base_demo_cpp/msg/detail
-- Installing: /home/shu/ros2_ws/install/base_demo_cpp/include/base_demo_cpp/base_demo_cpp/msg/detail/base_status__type_support.hpp
-- Installing: /home/shu/ros2_ws/install/base_demo_cpp/include/base_demo_cpp/base_demo_cpp/msg/detail/base_status__builder.hpp
-- Installing: /home/shu/ros2_ws/install/base_demo_cpp/include/base_demo_cpp/base_demo_cpp/msg/detail/base_status__struct.hpp
-- Installing: /home/shu/ros2_ws/install/base_demo_cpp/include/base_demo_cpp/base_demo_cpp/msg/detail/base_status__traits.hpp
-- Installing: /home/shu/ros2_ws/install/base_demo_cpp/include/base_demo_cpp/base_demo_cpp/msg/rosidl_generator_cpp__visibility_control.hpp
-- Installing: /home/shu/ros2_ws/install/base_demo_cpp/include/base_demo_cpp/base_demo_cpp/msg/base_status.hpp
-- Up-to-date: /home/shu/ros2_ws/install/base_demo_cpp/include/base_demo_cpp/base_demo_cpp
-- Up-to-date: /home/shu/ros2_ws/install/base_demo_cpp/include/base_demo_cpp/base_demo_cpp/msg
-- Up-to-date: /home/shu/ros2_ws/install/base_demo_cpp/include/base_demo_cpp/base_demo_cpp/msg/detail
-- Installing: /home/shu/ros2_ws/install/base_demo_cpp/include/base_demo_cpp/base_demo_cpp/msg/detail/dds_fastrtps
-- Installing: /home/shu/ros2_ws/install/base_demo_cpp/include/base_demo_cpp/base_demo_cpp/msg/detail/base_status__rosidl_typesupport_fastrtps_cpp.hpp
-- Installing: /home/shu/ros2_ws/install/base_demo_cpp/include/base_demo_cpp/base_demo_cpp/msg/rosidl_typesupport_fastrtps_cpp__visibility_control.h
-- Installing: /home/shu/ros2_ws/install/base_demo_cpp/lib/libbase_demo_cpp__rosidl_typesupport_fastrtps_cpp.so
-- Set non-toolchain portion of runtime path of "/home/shu/ros2_ws/install/base_demo_cpp/lib/libbase_demo_cpp__rosidl_typesupport_fastrtps_cpp.so" to ""
-- Up-to-date: /home/shu/ros2_ws/install/base_demo_cpp/include/base_demo_cpp/base_demo_cpp
-- Up-to-date: /home/shu/ros2_ws/install/base_demo_cpp/include/base_demo_cpp/base_demo_cpp/msg
-- Up-to-date: /home/shu/ros2_ws/install/base_demo_cpp/include/base_demo_cpp/base_demo_cpp/msg/detail
-- Installing: /home/shu/ros2_ws/install/base_demo_cpp/include/base_demo_cpp/base_demo_cpp/msg/detail/base_status__rosidl_typesupport_introspection_c.h
-- Installing: /home/shu/ros2_ws/install/base_demo_cpp/include/base_demo_cpp/base_demo_cpp/msg/detail/base_status__type_support.c
-- Installing: /home/shu/ros2_ws/install/base_demo_cpp/include/base_demo_cpp/base_demo_cpp/msg/rosidl_typesupport_introspection_c__visibility_control.h
-- Installing: /home/shu/ros2_ws/install/base_demo_cpp/lib/libbase_demo_cpp__rosidl_typesupport_introspection_c.so
-- Set non-toolchain portion of runtime path of "/home/shu/ros2_ws/install/base_demo_cpp/lib/libbase_demo_cpp__rosidl_typesupport_introspection_c.so" to ""
-- Installing: /home/shu/ros2_ws/install/base_demo_cpp/lib/libbase_demo_cpp__rosidl_typesupport_c.so
-- Set non-toolchain portion of runtime path of "/home/shu/ros2_ws/install/base_demo_cpp/lib/libbase_demo_cpp__rosidl_typesupport_c.so" to ""
-- Up-to-date: /home/shu/ros2_ws/install/base_demo_cpp/include/base_demo_cpp/base_demo_cpp
-- Up-to-date: /home/shu/ros2_ws/install/base_demo_cpp/include/base_demo_cpp/base_demo_cpp/msg
-- Up-to-date: /home/shu/ros2_ws/install/base_demo_cpp/include/base_demo_cpp/base_demo_cpp/msg/detail
-- Installing: /home/shu/ros2_ws/install/base_demo_cpp/include/base_demo_cpp/base_demo_cpp/msg/detail/base_status__rosidl_typesupport_introspection_cpp.hpp
-- Installing: /home/shu/ros2_ws/install/base_demo_cpp/include/base_demo_cpp/base_demo_cpp/msg/detail/base_status__type_support.cpp
-- Installing: /home/shu/ros2_ws/install/base_demo_cpp/lib/libbase_demo_cpp__rosidl_typesupport_introspection_cpp.so
-- Set non-toolchain portion of runtime path of "/home/shu/ros2_ws/install/base_demo_cpp/lib/libbase_demo_cpp__rosidl_typesupport_introspection_cpp.so" to ""
-- Installing: /home/shu/ros2_ws/install/base_demo_cpp/lib/libbase_demo_cpp__rosidl_typesupport_cpp.so
-- Set non-toolchain portion of runtime path of "/home/shu/ros2_ws/install/base_demo_cpp/lib/libbase_demo_cpp__rosidl_typesupport_cpp.so" to ""
-- Installing: /home/shu/ros2_ws/install/base_demo_cpp/share/base_demo_cpp/environment/pythonpath.sh
-- Installing: /home/shu/ros2_ws/install/base_demo_cpp/share/base_demo_cpp/environment/pythonpath.dsv
-- Installing: /home/shu/ros2_ws/install/base_demo_cpp/lib/python3.12/site-packages/base_demo_cpp-0.0.0-py3.12.egg-info
-- Installing: /home/shu/ros2_ws/install/base_demo_cpp/lib/python3.12/site-packages/base_demo_cpp-0.0.0-py3.12.egg-info/PKG-INFO
-- Installing: /home/shu/ros2_ws/install/base_demo_cpp/lib/python3.12/site-packages/base_demo_cpp-0.0.0-py3.12.egg-info/SOURCES.txt
-- Installing: /home/shu/ros2_ws/install/base_demo_cpp/lib/python3.12/site-packages/base_demo_cpp-0.0.0-py3.12.egg-info/dependency_links.txt
-- Installing: /home/shu/ros2_ws/install/base_demo_cpp/lib/python3.12/site-packages/base_demo_cpp-0.0.0-py3.12.egg-info/top_level.txt
-- Installing: /home/shu/ros2_ws/install/base_demo_cpp/lib/python3.12/site-packages/base_demo_cpp
-- Installing: /home/shu/ros2_ws/install/base_demo_cpp/lib/python3.12/site-packages/base_demo_cpp/_base_demo_cpp_s.ep.rosidl_typesupport_introspection_c.c
-- Installing: /home/shu/ros2_ws/install/base_demo_cpp/lib/python3.12/site-packages/base_demo_cpp/base_demo_cpp_s__rosidl_typesupport_introspection_c.so
-- Installing: /home/shu/ros2_ws/install/base_demo_cpp/lib/python3.12/site-packages/base_demo_cpp/_base_demo_cpp_s.ep.rosidl_typesupport_c.c
-- Installing: /home/shu/ros2_ws/install/base_demo_cpp/lib/python3.12/site-packages/base_demo_cpp/base_demo_cpp_s__rosidl_typesupport_fastrtps_c.so
-- Installing: /home/shu/ros2_ws/install/base_demo_cpp/lib/python3.12/site-packages/base_demo_cpp/__init__.py
-- Installing: /home/shu/ros2_ws/install/base_demo_cpp/lib/python3.12/site-packages/base_demo_cpp/_base_demo_cpp_s.ep.rosidl_typesupport_fastrtps_c.c
-- Installing: /home/shu/ros2_ws/install/base_demo_cpp/lib/python3.12/site-packages/base_demo_cpp/base_demo_cpp_s__rosidl_typesupport_c.so
-- Installing: /home/shu/ros2_ws/install/base_demo_cpp/lib/python3.12/site-packages/base_demo_cpp/msg
-- Installing: /home/shu/ros2_ws/install/base_demo_cpp/lib/python3.12/site-packages/base_demo_cpp/msg/__init__.py
-- Installing: /home/shu/ros2_ws/install/base_demo_cpp/lib/python3.12/site-packages/base_demo_cpp/msg/_base_status.py
-- Installing: /home/shu/ros2_ws/install/base_demo_cpp/lib/python3.12/site-packages/base_demo_cpp/msg/_base_status_s.c
Listing '/home/shu/ros2_ws/install/base_demo_cpp/lib/python3.12/site-packages/base_demo_cpp'...
Compiling '/home/shu/ros2_ws/install/base_demo_cpp/lib/python3.12/site-packages/base_demo_cpp/__init__.py'...
Listing '/home/shu/ros2_ws/install/base_demo_cpp/lib/python3.12/site-packages/base_demo_cpp/msg'...
Compiling '/home/shu/ros2_ws/install/base_demo_cpp/lib/python3.12/site-packages/base_demo_cpp/msg/__init__.py'...
Compiling '/home/shu/ros2_ws/install/base_demo_cpp/lib/python3.12/site-packages/base_demo_cpp/msg/_base_status.py'...
-- Installing: /home/shu/ros2_ws/install/base_demo_cpp/lib/python3.12/site-packages/base_demo_cpp/base_demo_cpp_s__rosidl_typesupport_fastrtps_c.so
-- Set non-toolchain portion of runtime path of "/home/shu/ros2_ws/install/base_demo_cpp/lib/python3.12/site-packages/base_demo_cpp/base_demo_cpp_s__rosidl_typesupport_fastrtps_c.so" to ""
-- Installing: /home/shu/ros2_ws/install/base_demo_cpp/lib/python3.12/site-packages/base_demo_cpp/base_demo_cpp_s__rosidl_typesupport_introspection_c.so
-- Set non-toolchain portion of runtime path of "/home/shu/ros2_ws/install/base_demo_cpp/lib/python3.12/site-packages/base_demo_cpp/base_demo_cpp_s__rosidl_typesupport_introspection_c.so" to ""
-- Installing: /home/shu/ros2_ws/install/base_demo_cpp/lib/python3.12/site-packages/base_demo_cpp/base_demo_cpp_s__rosidl_typesupport_c.so
-- Set non-toolchain portion of runtime path of "/home/shu/ros2_ws/install/base_demo_cpp/lib/python3.12/site-packages/base_demo_cpp/base_demo_cpp_s__rosidl_typesupport_c.so" to ""
-- Installing: /home/shu/ros2_ws/install/base_demo_cpp/lib/libbase_demo_cpp__rosidl_generator_py.so
-- Set non-toolchain portion of runtime path of "/home/shu/ros2_ws/install/base_demo_cpp/lib/libbase_demo_cpp__rosidl_generator_py.so" to ""
-- Installing: /home/shu/ros2_ws/install/base_demo_cpp/share/ament_index/resource_index/rust_packages/base_demo_cpp
-- Installing: /home/shu/ros2_ws/install/base_demo_cpp/share/base_demo_cpp/rust
-- Installing: /home/shu/ros2_ws/install/base_demo_cpp/share/base_demo_cpp/rust/src
-- Installing: /home/shu/ros2_ws/install/base_demo_cpp/share/base_demo_cpp/rust/src/lib.rs
-- Installing: /home/shu/ros2_ws/install/base_demo_cpp/share/base_demo_cpp/rust/src/msg.rs
-- Installing: /home/shu/ros2_ws/install/base_demo_cpp/share/base_demo_cpp/rust/src/msg
-- Installing: /home/shu/ros2_ws/install/base_demo_cpp/share/base_demo_cpp/rust/src/msg/rmw.rs
-- Installing: /home/shu/ros2_ws/install/base_demo_cpp/share/base_demo_cpp/rust/build.rs
-- Installing: /home/shu/ros2_ws/install/base_demo_cpp/share/base_demo_cpp/rust/Cargo.toml
-- Installing: /home/shu/ros2_ws/install/base_demo_cpp/share/base_demo_cpp/msg/BaseStatus.idl
-- Installing: /home/shu/ros2_ws/install/base_demo_cpp/share/base_demo_cpp/msg/BaseStatus.msg
-- Installing: /home/shu/ros2_ws/install/base_demo_cpp/lib/base_demo_cpp/talker_node
-- Set non-toolchain portion of runtime path of "/home/shu/ros2_ws/install/base_demo_cpp/lib/base_demo_cpp/talker_node" to ""
-- Installing: /home/shu/ros2_ws/install/base_demo_cpp/lib/base_demo_cpp/listener_node
-- Set non-toolchain portion of runtime path of "/home/shu/ros2_ws/install/base_demo_cpp/lib/base_demo_cpp/listener_node" to ""
-- Installing: /home/shu/ros2_ws/install/base_demo_cpp/lib/base_demo_cpp/base_status_node
-- Set non-toolchain portion of runtime path of "/home/shu/ros2_ws/install/base_demo_cpp/lib/base_demo_cpp/base_status_node" to ""
-- Installing: /home/shu/ros2_ws/install/base_demo_cpp/lib/base_demo_cpp/cmd_vel_listener_node
-- Set non-toolchain portion of runtime path of "/home/shu/ros2_ws/install/base_demo_cpp/lib/base_demo_cpp/cmd_vel_listener_node" to ""
-- Installing: /home/shu/ros2_ws/install/base_demo_cpp/lib/base_demo_cpp/base_node
-- Set non-toolchain portion of runtime path of "/home/shu/ros2_ws/install/base_demo_cpp/lib/base_demo_cpp/base_node" to ""
-- Installing: /home/shu/ros2_ws/install/base_demo_cpp/share/ament_index/resource_index/package_run_dependencies/base_demo_cpp
-- Installing: /home/shu/ros2_ws/install/base_demo_cpp/share/ament_index/resource_index/parent_prefix_path/base_demo_cpp
-- Up-to-date: /home/shu/ros2_ws/install/base_demo_cpp/share/base_demo_cpp/environment/ament_prefix_path.sh
-- Up-to-date: /home/shu/ros2_ws/install/base_demo_cpp/share/base_demo_cpp/environment/ament_prefix_path.dsv
-- Up-to-date: /home/shu/ros2_ws/install/base_demo_cpp/share/base_demo_cpp/environment/path.sh
-- Up-to-date: /home/shu/ros2_ws/install/base_demo_cpp/share/base_demo_cpp/environment/path.dsv
-- Up-to-date: /home/shu/ros2_ws/install/base_demo_cpp/share/base_demo_cpp/local_setup.bash
-- Installing: /home/shu/ros2_ws/install/base_demo_cpp/share/base_demo_cpp/local_setup.sh
-- Up-to-date: /home/shu/ros2_ws/install/base_demo_cpp/share/base_demo_cpp/local_setup.zsh
-- Installing: /home/shu/ros2_ws/install/base_demo_cpp/share/base_demo_cpp/local_setup.dsv
-- Installing: /home/shu/ros2_ws/install/base_demo_cpp/share/base_demo_cpp/package.dsv
-- Up-to-date: /home/shu/ros2_ws/install/base_demo_cpp/share/ament_index/resource_index/packages/base_demo_cpp
-- Installing: /home/shu/ros2_ws/install/base_demo_cpp/share/base_demo_cpp/cmake/export_base_demo_cpp__rosidl_generator_cExport.cmake
-- Installing: /home/shu/ros2_ws/install/base_demo_cpp/share/base_demo_cpp/cmake/export_base_demo_cpp__rosidl_generator_cExport-noconfig.cmake
-- Installing: /home/shu/ros2_ws/install/base_demo_cpp/share/base_demo_cpp/cmake/export_base_demo_cpp__rosidl_typesupport_fastrtps_cExport.cmake
-- Installing: /home/shu/ros2_ws/install/base_demo_cpp/share/base_demo_cpp/cmake/export_base_demo_cpp__rosidl_typesupport_fastrtps_cExport-noconfig.cmake
-- Installing: /home/shu/ros2_ws/install/base_demo_cpp/share/base_demo_cpp/cmake/export_base_demo_cpp__rosidl_generator_cppExport.cmake
-- Installing: /home/shu/ros2_ws/install/base_demo_cpp/share/base_demo_cpp/cmake/export_base_demo_cpp__rosidl_typesupport_fastrtps_cppExport.cmake
-- Installing: /home/shu/ros2_ws/install/base_demo_cpp/share/base_demo_cpp/cmake/export_base_demo_cpp__rosidl_typesupport_fastrtps_cppExport-noconfig.cmake
-- Installing: /home/shu/ros2_ws/install/base_demo_cpp/share/base_demo_cpp/cmake/base_demo_cpp__rosidl_typesupport_introspection_cExport.cmake
-- Installing: /home/shu/ros2_ws/install/base_demo_cpp/share/base_demo_cpp/cmake/base_demo_cpp__rosidl_typesupport_introspection_cExport-noconfig.cmake
-- Installing: /home/shu/ros2_ws/install/base_demo_cpp/share/base_demo_cpp/cmake/base_demo_cpp__rosidl_typesupport_cExport.cmake
-- Installing: /home/shu/ros2_ws/install/base_demo_cpp/share/base_demo_cpp/cmake/base_demo_cpp__rosidl_typesupport_cExport-noconfig.cmake
-- Installing: /home/shu/ros2_ws/install/base_demo_cpp/share/base_demo_cpp/cmake/base_demo_cpp__rosidl_typesupport_introspection_cppExport.cmake
-- Installing: /home/shu/ros2_ws/install/base_demo_cpp/share/base_demo_cpp/cmake/base_demo_cpp__rosidl_typesupport_introspection_cppExport-noconfig.cmake
-- Installing: /home/shu/ros2_ws/install/base_demo_cpp/share/base_demo_cpp/cmake/base_demo_cpp__rosidl_typesupport_cppExport.cmake
-- Installing: /home/shu/ros2_ws/install/base_demo_cpp/share/base_demo_cpp/cmake/base_demo_cpp__rosidl_typesupport_cppExport-noconfig.cmake
-- Installing: /home/shu/ros2_ws/install/base_demo_cpp/share/base_demo_cpp/cmake/export_base_demo_cpp__rosidl_generator_pyExport.cmake
-- Installing: /home/shu/ros2_ws/install/base_demo_cpp/share/base_demo_cpp/cmake/export_base_demo_cpp__rosidl_generator_pyExport-noconfig.cmake
-- Installing: /home/shu/ros2_ws/install/base_demo_cpp/share/base_demo_cpp/cmake/rosidl_cmake-extras.cmake
-- Installing: /home/shu/ros2_ws/install/base_demo_cpp/share/base_demo_cpp/cmake/ament_cmake_export_include_directories-extras.cmake
-- Installing: /home/shu/ros2_ws/install/base_demo_cpp/share/base_demo_cpp/cmake/ament_cmake_export_libraries-extras.cmake
-- Installing: /home/shu/ros2_ws/install/base_demo_cpp/share/base_demo_cpp/cmake/ament_cmake_export_targets-extras.cmake
-- Installing: /home/shu/ros2_ws/install/base_demo_cpp/share/base_demo_cpp/cmake/rosidl_cmake_export_typesupport_targets-extras.cmake
-- Installing: /home/shu/ros2_ws/install/base_demo_cpp/share/base_demo_cpp/cmake/ament_cmake_export_dependencies-extras.cmake
-- Installing: /home/shu/ros2_ws/install/base_demo_cpp/share/base_demo_cpp/cmake/rosidl_cmake_export_typesupport_libraries-extras.cmake
-- Installing: /home/shu/ros2_ws/install/base_demo_cpp/share/base_demo_cpp/cmake/base_demo_cppConfig.cmake
-- Up-to-date: /home/shu/ros2_ws/install/base_demo_cpp/share/base_demo_cpp/cmake/base_demo_cppConfig-version.cmake
-- Installing: /home/shu/ros2_ws/install/base_demo_cpp/share/base_demo_cpp/package.xml
