[0.008s] Invoking command in '/home/shu/ros2_ws/build/base_demo_cpp': CMAKE_PREFIX_PATH=${CMAKE_PREFIX_PATH}:/opt/ros/jazzy DEBUGINFOD_URLS=https://debuginfod.ubuntu.com /usr/bin/cmake --build /home/shu/ros2_ws/build/base_demo_cpp -- -j4 -l4
[0.045s] -- Found ament_cmake: 2.5.6 (/opt/ros/jazzy/share/ament_cmake/cmake)
[0.125s] -- Found rclcpp: 28.1.18 (/opt/ros/jazzy/share/rclcpp/cmake)
[0.150s] -- Found rosidl_generator_c: 4.6.7 (/opt/ros/jazzy/share/rosidl_generator_c/cmake)
[0.158s] -- Found rosidl_generator_cpp: 4.6.7 (/opt/ros/jazzy/share/rosidl_generator_cpp/cmake)
[0.168s] -- Using all available rosidl_typesupport_c: rosidl_typesupport_fastrtps_c;rosidl_typesupport_introspection_c
[0.178s] -- Using all available rosidl_typesupport_cpp: rosidl_typesupport_fastrtps_cpp;rosidl_typesupport_introspection_cpp
[0.227s] -- Found rmw_implementation_cmake: 7.3.3 (/opt/ros/jazzy/share/rmw_implementation_cmake/cmake)
[0.228s] -- Found rmw_fastrtps_cpp: 8.4.3 (/opt/ros/jazzy/share/rmw_fastrtps_cpp/cmake)
[0.274s] -- Using RMW implementation 'rmw_fastrtps_cpp' as default
[0.325s] -- Found std_msgs: 5.3.7 (/opt/ros/jazzy/share/std_msgs/cmake)
[0.336s] -- Found geometry_msgs: 5.3.7 (/opt/ros/jazzy/share/geometry_msgs/cmake)
[0.348s] -- Found rosidl_default_generators: 1.6.0 (/opt/ros/jazzy/share/rosidl_default_generators/cmake)
[0.356s] -- Found rosidl_adapter: 4.6.7 (/opt/ros/jazzy/share/rosidl_adapter/cmake)
[0.508s] -- Found ament_cmake_ros: 0.12.0 (/opt/ros/jazzy/share/ament_cmake_ros/cmake)
[0.612s] -- Using all available rosidl_typesupport_c: rosidl_typesupport_fastrtps_c;rosidl_typesupport_introspection_c
[0.649s] -- Using all available rosidl_typesupport_cpp: rosidl_typesupport_fastrtps_cpp;rosidl_typesupport_introspection_cpp
[0.650s] -- Found python_cmake_module: 0.11.1 (/opt/ros/jazzy/share/python_cmake_module/cmake)
[0.851s] -- Found Python3: /usr/bin/python3 (found version "3.12.3") found components: Interpreter Development NumPy Development.Module Development.Embed 
[0.875s] -- Found Python3: /usr/bin/python3 (found version "3.12.3") found components: Interpreter 
[0.878s] -- Found ament_lint_auto: 0.17.5 (/opt/ros/jazzy/share/ament_lint_auto/cmake)
[0.889s] -- Added test 'cppcheck' to perform static code analysis on C / C++ code
[0.890s] -- Configured cppcheck include dirs: 
[0.890s] -- Configured cppcheck exclude dirs and/or files: 
[0.890s] -- Added test 'flake8' to check Python code syntax and style conventions
[0.890s] -- Configured 'flake8' exclude dirs and/or files: 
[0.890s] -- Added test 'lint_cmake' to check CMake code style
[0.891s] -- Added test 'pep257' to check Python code against some of the docstring style conventions in PEP 257
[0.891s] -- Added test 'uncrustify' to check C / C++ code style
[0.891s] -- Configured uncrustify additional arguments: 
[0.892s] -- Added test 'xmllint' to check XML markup files
[0.893s] -- Configuring done (0.9s)
[0.944s] -- Generating done (0.0s)
[0.959s] -- Build files have been written to: /home/shu/ros2_ws/build/base_demo_cpp
[0.987s] [  2%] Built target base_demo_cpp__rs
[0.987s] [  4%] Built target base_demo_cpp__rosidl_generator_type_description
[1.000s] [  8%] Built target listener_node
[1.000s] [ 12%] Built target talker_node
[1.006s] [ 17%] Built target base_status_node
[1.011s] [ 17%] Built target ament_cmake_python_copy_base_demo_cpp
[1.017s] [ 19%] Built target base_demo_cpp__cpp
[1.020s] [ 29%] Built target base_demo_cpp__rosidl_generator_c
[1.020s] [ 34%] Built target cmd_vel_listener_node
[1.036s] [ 51%] Built target base_demo_cpp__rosidl_typesupport_fastrtps_cpp
[1.037s] [ 51%] Built target base_demo_cpp__rosidl_typesupport_fastrtps_c
[1.037s] [ 53%] Built target base_demo_cpp__rosidl_typesupport_introspection_c
[1.053s] [ 61%] Built target base_demo_cpp__rosidl_typesupport_cpp
[1.054s] [ 65%] Built target base_demo_cpp__rosidl_typesupport_introspection_cpp
[1.054s] [ 72%] Built target base_demo_cpp__rosidl_typesupport_c
[1.069s] [ 72%] Built target base_demo_cpp
[1.074s] [ 76%] Built target base_status_listener_node
[1.075s] [ 80%] Built target base_node
[1.082s] [ 82%] Built target base_demo_cpp__py
[1.100s] [ 87%] Built target base_demo_cpp__rosidl_generator_py
[1.116s] [ 91%] Built target base_demo_cpp_s__rosidl_typesupport_fastrtps_c
[1.117s] [ 95%] Built target base_demo_cpp_s__rosidl_typesupport_c
[1.119s] [100%] Built target base_demo_cpp_s__rosidl_typesupport_introspection_c
[1.152s] running egg_info
[1.163s] writing base_demo_cpp.egg-info/PKG-INFO
[1.163s] writing dependency_links to base_demo_cpp.egg-info/dependency_links.txt
[1.164s] writing top-level names to base_demo_cpp.egg-info/top_level.txt
[1.191s] reading manifest file 'base_demo_cpp.egg-info/SOURCES.txt'
[1.192s] writing manifest file 'base_demo_cpp.egg-info/SOURCES.txt'
[1.208s] [100%] Built target ament_cmake_python_build_base_demo_cpp_egg
[1.217s] Invoked command in '/home/shu/ros2_ws/build/base_demo_cpp' returned '0': CMAKE_PREFIX_PATH=${CMAKE_PREFIX_PATH}:/opt/ros/jazzy DEBUGINFOD_URLS=https://debuginfod.ubuntu.com /usr/bin/cmake --build /home/shu/ros2_ws/build/base_demo_cpp -- -j4 -l4
[1.223s] Invoking command in '/home/shu/ros2_ws/build/base_demo_cpp': CMAKE_PREFIX_PATH=${CMAKE_PREFIX_PATH}:/opt/ros/jazzy DEBUGINFOD_URLS=https://debuginfod.ubuntu.com /usr/bin/cmake --install /home/shu/ros2_ws/build/base_demo_cpp
[1.228s] -- Install configuration: ""
[1.228s] -- Up-to-date: /home/shu/ros2_ws/install/base_demo_cpp/share/ament_index/resource_index/rosidl_interfaces/base_demo_cpp
[1.228s] -- Up-to-date: /home/shu/ros2_ws/install/base_demo_cpp/share/base_demo_cpp/msg/BaseStatus.json
[1.228s] -- Up-to-date: /home/shu/ros2_ws/install/base_demo_cpp/include/base_demo_cpp/base_demo_cpp
[1.228s] -- Up-to-date: /home/shu/ros2_ws/install/base_demo_cpp/include/base_demo_cpp/base_demo_cpp/msg
[1.228s] -- Up-to-date: /home/shu/ros2_ws/install/base_demo_cpp/include/base_demo_cpp/base_demo_cpp/msg/detail
[1.228s] -- Up-to-date: /home/shu/ros2_ws/install/base_demo_cpp/include/base_demo_cpp/base_demo_cpp/msg/detail/base_status__type_support.h
[1.228s] -- Up-to-date: /home/shu/ros2_ws/install/base_demo_cpp/include/base_demo_cpp/base_demo_cpp/msg/detail/base_status__functions.h
[1.229s] -- Up-to-date: /home/shu/ros2_ws/install/base_demo_cpp/include/base_demo_cpp/base_demo_cpp/msg/detail/base_status__description.c
[1.230s] -- Up-to-date: /home/shu/ros2_ws/install/base_demo_cpp/include/base_demo_cpp/base_demo_cpp/msg/detail/base_status__functions.c
[1.230s] -- Up-to-date: /home/shu/ros2_ws/install/base_demo_cpp/include/base_demo_cpp/base_demo_cpp/msg/detail/base_status__struct.h
[1.230s] -- Up-to-date: /home/shu/ros2_ws/install/base_demo_cpp/include/base_demo_cpp/base_demo_cpp/msg/detail/base_status__type_support.c
[1.230s] -- Up-to-date: /home/shu/ros2_ws/install/base_demo_cpp/include/base_demo_cpp/base_demo_cpp/msg/rosidl_generator_c__visibility_control.h
[1.230s] -- Up-to-date: /home/shu/ros2_ws/install/base_demo_cpp/include/base_demo_cpp/base_demo_cpp/msg/base_status.h
[1.230s] -- Up-to-date: /home/shu/ros2_ws/install/base_demo_cpp/share/base_demo_cpp/environment/library_path.sh
[1.230s] -- Up-to-date: /home/shu/ros2_ws/install/base_demo_cpp/share/base_demo_cpp/environment/library_path.dsv
[1.230s] -- Up-to-date: /home/shu/ros2_ws/install/base_demo_cpp/lib/libbase_demo_cpp__rosidl_generator_c.so
[1.230s] -- Up-to-date: /home/shu/ros2_ws/install/base_demo_cpp/include/base_demo_cpp/base_demo_cpp
[1.230s] -- Up-to-date: /home/shu/ros2_ws/install/base_demo_cpp/include/base_demo_cpp/base_demo_cpp/msg
[1.230s] -- Up-to-date: /home/shu/ros2_ws/install/base_demo_cpp/include/base_demo_cpp/base_demo_cpp/msg/detail
[1.230s] -- Up-to-date: /home/shu/ros2_ws/install/base_demo_cpp/include/base_demo_cpp/base_demo_cpp/msg/detail/base_status__rosidl_typesupport_fastrtps_c.h
[1.230s] -- Up-to-date: /home/shu/ros2_ws/install/base_demo_cpp/include/base_demo_cpp/base_demo_cpp/msg/rosidl_typesupport_fastrtps_c__visibility_control.h
[1.230s] -- Up-to-date: /home/shu/ros2_ws/install/base_demo_cpp/lib/libbase_demo_cpp__rosidl_typesupport_fastrtps_c.so
[1.230s] -- Up-to-date: /home/shu/ros2_ws/install/base_demo_cpp/include/base_demo_cpp/base_demo_cpp
[1.230s] -- Up-to-date: /home/shu/ros2_ws/install/base_demo_cpp/include/base_demo_cpp/base_demo_cpp/msg
[1.230s] -- Up-to-date: /home/shu/ros2_ws/install/base_demo_cpp/include/base_demo_cpp/base_demo_cpp/msg/detail
[1.231s] -- Up-to-date: /home/shu/ros2_ws/install/base_demo_cpp/include/base_demo_cpp/base_demo_cpp/msg/detail/base_status__type_support.hpp
[1.231s] -- Up-to-date: /home/shu/ros2_ws/install/base_demo_cpp/include/base_demo_cpp/base_demo_cpp/msg/detail/base_status__builder.hpp
[1.231s] -- Up-to-date: /home/shu/ros2_ws/install/base_demo_cpp/include/base_demo_cpp/base_demo_cpp/msg/detail/base_status__struct.hpp
[1.231s] -- Up-to-date: /home/shu/ros2_ws/install/base_demo_cpp/include/base_demo_cpp/base_demo_cpp/msg/detail/base_status__traits.hpp
[1.231s] -- Up-to-date: /home/shu/ros2_ws/install/base_demo_cpp/include/base_demo_cpp/base_demo_cpp/msg/rosidl_generator_cpp__visibility_control.hpp
[1.231s] -- Up-to-date: /home/shu/ros2_ws/install/base_demo_cpp/include/base_demo_cpp/base_demo_cpp/msg/base_status.hpp
[1.231s] -- Up-to-date: /home/shu/ros2_ws/install/base_demo_cpp/include/base_demo_cpp/base_demo_cpp
[1.231s] -- Up-to-date: /home/shu/ros2_ws/install/base_demo_cpp/include/base_demo_cpp/base_demo_cpp/msg
[1.231s] -- Up-to-date: /home/shu/ros2_ws/install/base_demo_cpp/include/base_demo_cpp/base_demo_cpp/msg/detail
[1.231s] -- Up-to-date: /home/shu/ros2_ws/install/base_demo_cpp/include/base_demo_cpp/base_demo_cpp/msg/detail/dds_fastrtps
[1.231s] -- Up-to-date: /home/shu/ros2_ws/install/base_demo_cpp/include/base_demo_cpp/base_demo_cpp/msg/detail/base_status__rosidl_typesupport_fastrtps_cpp.hpp
[1.231s] -- Up-to-date: /home/shu/ros2_ws/install/base_demo_cpp/include/base_demo_cpp/base_demo_cpp/msg/rosidl_typesupport_fastrtps_cpp__visibility_control.h
[1.232s] -- Up-to-date: /home/shu/ros2_ws/install/base_demo_cpp/lib/libbase_demo_cpp__rosidl_typesupport_fastrtps_cpp.so
[1.232s] -- Up-to-date: /home/shu/ros2_ws/install/base_demo_cpp/include/base_demo_cpp/base_demo_cpp
[1.232s] -- Up-to-date: /home/shu/ros2_ws/install/base_demo_cpp/include/base_demo_cpp/base_demo_cpp/msg
[1.232s] -- Up-to-date: /home/shu/ros2_ws/install/base_demo_cpp/include/base_demo_cpp/base_demo_cpp/msg/detail
[1.232s] -- Up-to-date: /home/shu/ros2_ws/install/base_demo_cpp/include/base_demo_cpp/base_demo_cpp/msg/detail/base_status__rosidl_typesupport_introspection_c.h
[1.232s] -- Up-to-date: /home/shu/ros2_ws/install/base_demo_cpp/include/base_demo_cpp/base_demo_cpp/msg/detail/base_status__type_support.c
[1.232s] -- Up-to-date: /home/shu/ros2_ws/install/base_demo_cpp/include/base_demo_cpp/base_demo_cpp/msg/rosidl_typesupport_introspection_c__visibility_control.h
[1.232s] -- Up-to-date: /home/shu/ros2_ws/install/base_demo_cpp/lib/libbase_demo_cpp__rosidl_typesupport_introspection_c.so
[1.232s] -- Up-to-date: /home/shu/ros2_ws/install/base_demo_cpp/lib/libbase_demo_cpp__rosidl_typesupport_c.so
[1.232s] -- Up-to-date: /home/shu/ros2_ws/install/base_demo_cpp/include/base_demo_cpp/base_demo_cpp
[1.232s] -- Up-to-date: /home/shu/ros2_ws/install/base_demo_cpp/include/base_demo_cpp/base_demo_cpp/msg
[1.232s] -- Up-to-date: /home/shu/ros2_ws/install/base_demo_cpp/include/base_demo_cpp/base_demo_cpp/msg/detail
[1.232s] -- Up-to-date: /home/shu/ros2_ws/install/base_demo_cpp/include/base_demo_cpp/base_demo_cpp/msg/detail/base_status__rosidl_typesupport_introspection_cpp.hpp
[1.232s] -- Up-to-date: /home/shu/ros2_ws/install/base_demo_cpp/include/base_demo_cpp/base_demo_cpp/msg/detail/base_status__type_support.cpp
[1.232s] -- Up-to-date: /home/shu/ros2_ws/install/base_demo_cpp/lib/libbase_demo_cpp__rosidl_typesupport_introspection_cpp.so
[1.232s] -- Up-to-date: /home/shu/ros2_ws/install/base_demo_cpp/lib/libbase_demo_cpp__rosidl_typesupport_cpp.so
[1.232s] -- Up-to-date: /home/shu/ros2_ws/install/base_demo_cpp/share/base_demo_cpp/environment/pythonpath.sh
[1.232s] -- Up-to-date: /home/shu/ros2_ws/install/base_demo_cpp/share/base_demo_cpp/environment/pythonpath.dsv
[1.232s] -- Up-to-date: /home/shu/ros2_ws/install/base_demo_cpp/lib/python3.12/site-packages/base_demo_cpp-0.0.0-py3.12.egg-info
[1.232s] -- Installing: /home/shu/ros2_ws/install/base_demo_cpp/lib/python3.12/site-packages/base_demo_cpp-0.0.0-py3.12.egg-info/PKG-INFO
[1.232s] -- Installing: /home/shu/ros2_ws/install/base_demo_cpp/lib/python3.12/site-packages/base_demo_cpp-0.0.0-py3.12.egg-info/SOURCES.txt
[1.232s] -- Installing: /home/shu/ros2_ws/install/base_demo_cpp/lib/python3.12/site-packages/base_demo_cpp-0.0.0-py3.12.egg-info/dependency_links.txt
[1.232s] -- Installing: /home/shu/ros2_ws/install/base_demo_cpp/lib/python3.12/site-packages/base_demo_cpp-0.0.0-py3.12.egg-info/top_level.txt
[1.232s] -- Up-to-date: /home/shu/ros2_ws/install/base_demo_cpp/lib/python3.12/site-packages/base_demo_cpp
[1.232s] -- Up-to-date: /home/shu/ros2_ws/install/base_demo_cpp/lib/python3.12/site-packages/base_demo_cpp/_base_demo_cpp_s.ep.rosidl_typesupport_introspection_c.c
[1.232s] -- Up-to-date: /home/shu/ros2_ws/install/base_demo_cpp/lib/python3.12/site-packages/base_demo_cpp/base_demo_cpp_s__rosidl_typesupport_introspection_c.so
[1.233s] -- Up-to-date: /home/shu/ros2_ws/install/base_demo_cpp/lib/python3.12/site-packages/base_demo_cpp/_base_demo_cpp_s.ep.rosidl_typesupport_c.c
[1.233s] -- Up-to-date: /home/shu/ros2_ws/install/base_demo_cpp/lib/python3.12/site-packages/base_demo_cpp/base_demo_cpp_s__rosidl_typesupport_fastrtps_c.so
[1.233s] -- Installing: /home/shu/ros2_ws/install/base_demo_cpp/lib/python3.12/site-packages/base_demo_cpp/__init__.py
[1.233s] -- Up-to-date: /home/shu/ros2_ws/install/base_demo_cpp/lib/python3.12/site-packages/base_demo_cpp/_base_demo_cpp_s.ep.rosidl_typesupport_fastrtps_c.c
[1.233s] -- Up-to-date: /home/shu/ros2_ws/install/base_demo_cpp/lib/python3.12/site-packages/base_demo_cpp/base_demo_cpp_s__rosidl_typesupport_c.so
[1.233s] -- Up-to-date: /home/shu/ros2_ws/install/base_demo_cpp/lib/python3.12/site-packages/base_demo_cpp/msg
[1.233s] -- Up-to-date: /home/shu/ros2_ws/install/base_demo_cpp/lib/python3.12/site-packages/base_demo_cpp/msg/__init__.py
[1.233s] -- Up-to-date: /home/shu/ros2_ws/install/base_demo_cpp/lib/python3.12/site-packages/base_demo_cpp/msg/_base_status.py
[1.233s] -- Up-to-date: /home/shu/ros2_ws/install/base_demo_cpp/lib/python3.12/site-packages/base_demo_cpp/msg/_base_status_s.c
[1.254s] Listing '/home/shu/ros2_ws/install/base_demo_cpp/lib/python3.12/site-packages/base_demo_cpp'...
[1.254s] Compiling '/home/shu/ros2_ws/install/base_demo_cpp/lib/python3.12/site-packages/base_demo_cpp/__init__.py'...
[1.254s] Listing '/home/shu/ros2_ws/install/base_demo_cpp/lib/python3.12/site-packages/base_demo_cpp/msg'...
[1.258s] -- Up-to-date: /home/shu/ros2_ws/install/base_demo_cpp/lib/python3.12/site-packages/base_demo_cpp/base_demo_cpp_s__rosidl_typesupport_fastrtps_c.so
[1.258s] -- Up-to-date: /home/shu/ros2_ws/install/base_demo_cpp/lib/python3.12/site-packages/base_demo_cpp/base_demo_cpp_s__rosidl_typesupport_introspection_c.so
[1.259s] -- Up-to-date: /home/shu/ros2_ws/install/base_demo_cpp/lib/python3.12/site-packages/base_demo_cpp/base_demo_cpp_s__rosidl_typesupport_c.so
[1.259s] -- Up-to-date: /home/shu/ros2_ws/install/base_demo_cpp/lib/libbase_demo_cpp__rosidl_generator_py.so
[1.259s] -- Up-to-date: /home/shu/ros2_ws/install/base_demo_cpp/share/ament_index/resource_index/rust_packages/base_demo_cpp
[1.259s] -- Up-to-date: /home/shu/ros2_ws/install/base_demo_cpp/share/base_demo_cpp/rust
[1.259s] -- Up-to-date: /home/shu/ros2_ws/install/base_demo_cpp/share/base_demo_cpp/rust/src
[1.259s] -- Up-to-date: /home/shu/ros2_ws/install/base_demo_cpp/share/base_demo_cpp/rust/src/lib.rs
[1.259s] -- Up-to-date: /home/shu/ros2_ws/install/base_demo_cpp/share/base_demo_cpp/rust/src/msg.rs
[1.259s] -- Up-to-date: /home/shu/ros2_ws/install/base_demo_cpp/share/base_demo_cpp/rust/src/msg
[1.259s] -- Up-to-date: /home/shu/ros2_ws/install/base_demo_cpp/share/base_demo_cpp/rust/src/msg/rmw.rs
[1.259s] -- Up-to-date: /home/shu/ros2_ws/install/base_demo_cpp/share/base_demo_cpp/rust/build.rs
[1.259s] -- Up-to-date: /home/shu/ros2_ws/install/base_demo_cpp/share/base_demo_cpp/rust/Cargo.toml
[1.259s] -- Up-to-date: /home/shu/ros2_ws/install/base_demo_cpp/share/base_demo_cpp/msg/BaseStatus.idl
[1.259s] -- Up-to-date: /home/shu/ros2_ws/install/base_demo_cpp/share/base_demo_cpp/msg/BaseStatus.msg
[1.259s] -- Up-to-date: /home/shu/ros2_ws/install/base_demo_cpp/lib/base_demo_cpp/talker_node
[1.260s] -- Up-to-date: /home/shu/ros2_ws/install/base_demo_cpp/lib/base_demo_cpp/listener_node
[1.260s] -- Up-to-date: /home/shu/ros2_ws/install/base_demo_cpp/lib/base_demo_cpp/base_status_node
[1.260s] -- Up-to-date: /home/shu/ros2_ws/install/base_demo_cpp/lib/base_demo_cpp/cmd_vel_listener_node
[1.260s] -- Up-to-date: /home/shu/ros2_ws/install/base_demo_cpp/lib/base_demo_cpp/base_node
[1.261s] -- Up-to-date: /home/shu/ros2_ws/install/base_demo_cpp/lib/base_demo_cpp/base_status_listener_node
[1.261s] -- Installing: /home/shu/ros2_ws/install/base_demo_cpp/share/base_demo_cpp/launch
[1.261s] -- Installing: /home/shu/ros2_ws/install/base_demo_cpp/share/base_demo_cpp/launch/base_system.launch.py
[1.261s] -- Up-to-date: /home/shu/ros2_ws/install/base_demo_cpp/share/ament_index/resource_index/package_run_dependencies/base_demo_cpp
[1.262s] -- Up-to-date: /home/shu/ros2_ws/install/base_demo_cpp/share/ament_index/resource_index/parent_prefix_path/base_demo_cpp
[1.262s] -- Up-to-date: /home/shu/ros2_ws/install/base_demo_cpp/share/base_demo_cpp/environment/ament_prefix_path.sh
[1.262s] -- Up-to-date: /home/shu/ros2_ws/install/base_demo_cpp/share/base_demo_cpp/environment/ament_prefix_path.dsv
[1.262s] -- Up-to-date: /home/shu/ros2_ws/install/base_demo_cpp/share/base_demo_cpp/environment/path.sh
[1.262s] -- Up-to-date: /home/shu/ros2_ws/install/base_demo_cpp/share/base_demo_cpp/environment/path.dsv
[1.262s] -- Up-to-date: /home/shu/ros2_ws/install/base_demo_cpp/share/base_demo_cpp/local_setup.bash
[1.262s] -- Up-to-date: /home/shu/ros2_ws/install/base_demo_cpp/share/base_demo_cpp/local_setup.sh
[1.262s] -- Up-to-date: /home/shu/ros2_ws/install/base_demo_cpp/share/base_demo_cpp/local_setup.zsh
[1.262s] -- Up-to-date: /home/shu/ros2_ws/install/base_demo_cpp/share/base_demo_cpp/local_setup.dsv
[1.262s] -- Installing: /home/shu/ros2_ws/install/base_demo_cpp/share/base_demo_cpp/package.dsv
[1.262s] -- Up-to-date: /home/shu/ros2_ws/install/base_demo_cpp/share/ament_index/resource_index/packages/base_demo_cpp
[1.262s] -- Up-to-date: /home/shu/ros2_ws/install/base_demo_cpp/share/base_demo_cpp/cmake/export_base_demo_cpp__rosidl_generator_cExport.cmake
[1.262s] -- Up-to-date: /home/shu/ros2_ws/install/base_demo_cpp/share/base_demo_cpp/cmake/export_base_demo_cpp__rosidl_generator_cExport-noconfig.cmake
[1.263s] -- Up-to-date: /home/shu/ros2_ws/install/base_demo_cpp/share/base_demo_cpp/cmake/export_base_demo_cpp__rosidl_typesupport_fastrtps_cExport.cmake
[1.263s] -- Up-to-date: /home/shu/ros2_ws/install/base_demo_cpp/share/base_demo_cpp/cmake/export_base_demo_cpp__rosidl_typesupport_fastrtps_cExport-noconfig.cmake
[1.263s] -- Up-to-date: /home/shu/ros2_ws/install/base_demo_cpp/share/base_demo_cpp/cmake/export_base_demo_cpp__rosidl_generator_cppExport.cmake
[1.263s] -- Up-to-date: /home/shu/ros2_ws/install/base_demo_cpp/share/base_demo_cpp/cmake/export_base_demo_cpp__rosidl_typesupport_fastrtps_cppExport.cmake
[1.263s] -- Up-to-date: /home/shu/ros2_ws/install/base_demo_cpp/share/base_demo_cpp/cmake/export_base_demo_cpp__rosidl_typesupport_fastrtps_cppExport-noconfig.cmake
[1.263s] -- Up-to-date: /home/shu/ros2_ws/install/base_demo_cpp/share/base_demo_cpp/cmake/base_demo_cpp__rosidl_typesupport_introspection_cExport.cmake
[1.263s] -- Up-to-date: /home/shu/ros2_ws/install/base_demo_cpp/share/base_demo_cpp/cmake/base_demo_cpp__rosidl_typesupport_introspection_cExport-noconfig.cmake
[1.263s] -- Up-to-date: /home/shu/ros2_ws/install/base_demo_cpp/share/base_demo_cpp/cmake/base_demo_cpp__rosidl_typesupport_cExport.cmake
[1.263s] -- Up-to-date: /home/shu/ros2_ws/install/base_demo_cpp/share/base_demo_cpp/cmake/base_demo_cpp__rosidl_typesupport_cExport-noconfig.cmake
[1.263s] -- Up-to-date: /home/shu/ros2_ws/install/base_demo_cpp/share/base_demo_cpp/cmake/base_demo_cpp__rosidl_typesupport_introspection_cppExport.cmake
[1.264s] -- Up-to-date: /home/shu/ros2_ws/install/base_demo_cpp/share/base_demo_cpp/cmake/base_demo_cpp__rosidl_typesupport_introspection_cppExport-noconfig.cmake
[1.264s] -- Up-to-date: /home/shu/ros2_ws/install/base_demo_cpp/share/base_demo_cpp/cmake/base_demo_cpp__rosidl_typesupport_cppExport.cmake
[1.264s] -- Up-to-date: /home/shu/ros2_ws/install/base_demo_cpp/share/base_demo_cpp/cmake/base_demo_cpp__rosidl_typesupport_cppExport-noconfig.cmake
[1.264s] -- Up-to-date: /home/shu/ros2_ws/install/base_demo_cpp/share/base_demo_cpp/cmake/export_base_demo_cpp__rosidl_generator_pyExport.cmake
[1.264s] -- Up-to-date: /home/shu/ros2_ws/install/base_demo_cpp/share/base_demo_cpp/cmake/export_base_demo_cpp__rosidl_generator_pyExport-noconfig.cmake
[1.264s] -- Up-to-date: /home/shu/ros2_ws/install/base_demo_cpp/share/base_demo_cpp/cmake/rosidl_cmake-extras.cmake
[1.265s] -- Up-to-date: /home/shu/ros2_ws/install/base_demo_cpp/share/base_demo_cpp/cmake/ament_cmake_export_include_directories-extras.cmake
[1.265s] -- Up-to-date: /home/shu/ros2_ws/install/base_demo_cpp/share/base_demo_cpp/cmake/ament_cmake_export_libraries-extras.cmake
[1.265s] -- Up-to-date: /home/shu/ros2_ws/install/base_demo_cpp/share/base_demo_cpp/cmake/ament_cmake_export_targets-extras.cmake
[1.265s] -- Up-to-date: /home/shu/ros2_ws/install/base_demo_cpp/share/base_demo_cpp/cmake/rosidl_cmake_export_typesupport_targets-extras.cmake
[1.265s] -- Up-to-date: /home/shu/ros2_ws/install/base_demo_cpp/share/base_demo_cpp/cmake/ament_cmake_export_dependencies-extras.cmake
[1.265s] -- Up-to-date: /home/shu/ros2_ws/install/base_demo_cpp/share/base_demo_cpp/cmake/rosidl_cmake_export_typesupport_libraries-extras.cmake
[1.265s] -- Up-to-date: /home/shu/ros2_ws/install/base_demo_cpp/share/base_demo_cpp/cmake/base_demo_cppConfig.cmake
[1.265s] -- Up-to-date: /home/shu/ros2_ws/install/base_demo_cpp/share/base_demo_cpp/cmake/base_demo_cppConfig-version.cmake
[1.265s] -- Up-to-date: /home/shu/ros2_ws/install/base_demo_cpp/share/base_demo_cpp/package.xml
[1.266s] Invoked command in '/home/shu/ros2_ws/build/base_demo_cpp' returned '0': CMAKE_PREFIX_PATH=${CMAKE_PREFIX_PATH}:/opt/ros/jazzy DEBUGINFOD_URLS=https://debuginfod.ubuntu.com /usr/bin/cmake --install /home/shu/ros2_ws/build/base_demo_cpp
