[ 75%] Built target listener_node
[ 75%] Built target base_status_node
[ 75%] Built target talker_node
[ 87%] [32mBuilding CXX object CMakeFiles/cmd_vel_listener_node.dir/src/cmd_vel_listener_node.cpp.o[0m
[100%] [32m[1mLinking CXX executable cmd_vel_listener_node[0m
[100%] Built target cmd_vel_listener_node
-- Install configuration: ""
-- Up-to-date: /home/shu/ros2_ws/install/base_demo_cpp/lib/base_demo_cpp/talker_node
-- Up-to-date: /home/shu/ros2_ws/install/base_demo_cpp/lib/base_demo_cpp/listener_node
-- Up-to-date: /home/shu/ros2_ws/install/base_demo_cpp/lib/base_demo_cpp/base_status_node
-- Installing: /home/shu/ros2_ws/install/base_demo_cpp/lib/base_demo_cpp/cmd_vel_listener_node
-- Set non-toolchain portion of runtime path of "/home/shu/ros2_ws/install/base_demo_cpp/lib/base_demo_cpp/cmd_vel_listener_node" to ""
-- Up-to-date: /home/shu/ros2_ws/install/base_demo_cpp/share/ament_index/resource_index/package_run_dependencies/base_demo_cpp
-- Up-to-date: /home/shu/ros2_ws/install/base_demo_cpp/share/ament_index/resource_index/parent_prefix_path/base_demo_cpp
-- Up-to-date: /home/shu/ros2_ws/install/base_demo_cpp/share/base_demo_cpp/environment/ament_prefix_path.sh
-- Up-to-date: /home/shu/ros2_ws/install/base_demo_cpp/share/base_demo_cpp/environment/ament_prefix_path.dsv
-- Up-to-date: /home/shu/ros2_ws/install/base_demo_cpp/share/base_demo_cpp/environment/path.sh
-- Up-to-date: /home/shu/ros2_ws/install/base_demo_cpp/share/base_demo_cpp/environment/path.dsv
-- Up-to-date: /home/shu/ros2_ws/install/base_demo_cpp/share/base_demo_cpp/local_setup.bash
-- Up-to-date: /home/shu/ros2_ws/install/base_demo_cpp/share/base_demo_cpp/local_setup.sh
-- Up-to-date: /home/shu/ros2_ws/install/base_demo_cpp/share/base_demo_cpp/local_setup.zsh
-- Up-to-date: /home/shu/ros2_ws/install/base_demo_cpp/share/base_demo_cpp/local_setup.dsv
-- Installing: /home/shu/ros2_ws/install/base_demo_cpp/share/base_demo_cpp/package.dsv
-- Up-to-date: /home/shu/ros2_ws/install/base_demo_cpp/share/ament_index/resource_index/packages/base_demo_cpp
-- Up-to-date: /home/shu/ros2_ws/install/base_demo_cpp/share/base_demo_cpp/cmake/base_demo_cppConfig.cmake
-- Up-to-date: /home/shu/ros2_ws/install/base_demo_cpp/share/base_demo_cpp/cmake/base_demo_cppConfig-version.cmake
-- Up-to-date: /home/shu/ros2_ws/install/base_demo_cpp/share/base_demo_cpp/package.xml
