[0.009s] Invoking command in '/home/shu/ros2_ws/build/base_demo_cpp': CMAKE_PREFIX_PATH=${CMAKE_PREFIX_PATH}:/opt/ros/jazzy DEBUGINFOD_URLS=https://debuginfod.ubuntu.com /usr/bin/cmake /home/shu/ros2_ws/src/base_demo_cpp -DCMAKE_INSTALL_PREFIX=/home/shu/ros2_ws/install/base_demo_cpp
[0.052s] -- Found ament_cmake: 2.5.6 (/opt/ros/jazzy/share/ament_cmake/cmake)
[0.186s] -- Found rclcpp: 28.1.18 (/opt/ros/jazzy/share/rclcpp/cmake)
[0.216s] -- Found rosidl_generator_c: 4.6.7 (/opt/ros/jazzy/share/rosidl_generator_c/cmake)
[0.224s] -- Found rosidl_generator_cpp: 4.6.7 (/opt/ros/jazzy/share/rosidl_generator_cpp/cmake)
[0.236s] -- Using all available rosidl_typesupport_c: rosidl_typesupport_fastrtps_c;rosidl_typesupport_introspection_c
[0.249s] -- Using all available rosidl_typesupport_cpp: rosidl_typesupport_fastrtps_cpp;rosidl_typesupport_introspection_cpp
[0.322s] -- Found rmw_implementation_cmake: 7.3.3 (/opt/ros/jazzy/share/rmw_implementation_cmake/cmake)
[0.324s] -- Found rmw_fastrtps_cpp: 8.4.3 (/opt/ros/jazzy/share/rmw_fastrtps_cpp/cmake)
[0.401s] -- Using RMW implementation 'rmw_fastrtps_cpp' as default
[0.466s] -- Found std_msgs: 5.3.7 (/opt/ros/jazzy/share/std_msgs/cmake)
[0.480s] -- Found geometry_msgs: 5.3.7 (/opt/ros/jazzy/share/geometry_msgs/cmake)
[0.493s] -- Found rosidl_default_generators: 1.6.0 (/opt/ros/jazzy/share/rosidl_default_generators/cmake)
[0.502s] -- Found rosidl_adapter: 4.6.7 (/opt/ros/jazzy/share/rosidl_adapter/cmake)
[0.689s] -- Found ament_cmake_ros: 0.12.0 (/opt/ros/jazzy/share/ament_cmake_ros/cmake)
[0.799s] -- Using all available rosidl_typesupport_c: rosidl_typesupport_fastrtps_c;rosidl_typesupport_introspection_c
[0.840s] -- Using all available rosidl_typesupport_cpp: rosidl_typesupport_fastrtps_cpp;rosidl_typesupport_introspection_cpp
[0.841s] -- Found python_cmake_module: 0.11.1 (/opt/ros/jazzy/share/python_cmake_module/cmake)
[1.067s] -- Found Python3: /usr/bin/python3 (found version "3.12.3") found components: Interpreter Development NumPy Development.Module Development.Embed 
[1.096s] -- Found Python3: /usr/bin/python3 (found version "3.12.3") found components: Interpreter 
[1.099s] -- Found ament_lint_auto: 0.17.5 (/opt/ros/jazzy/share/ament_lint_auto/cmake)
[1.114s] -- Added test 'cppcheck' to perform static code analysis on C / C++ code
[1.115s] -- Configured cppcheck include dirs: $<BUILD_INTERFACE:/home/shu/ros2_ws/src/base_demo_cpp/include>
[1.115s] -- Configured cppcheck exclude dirs and/or files: 
[1.115s] -- Added test 'flake8' to check Python code syntax and style conventions
[1.115s] -- Configured 'flake8' exclude dirs and/or files: 
[1.116s] -- Added test 'lint_cmake' to check CMake code style
[1.116s] -- Added test 'pep257' to check Python code against some of the docstring style conventions in PEP 257
[1.117s] -- Added test 'uncrustify' to check C / C++ code style
[1.117s] -- Configured uncrustify additional arguments: 
[1.117s] -- Added test 'xmllint' to check XML markup files
[1.120s] -- Configuring done (1.1s)
[1.165s] -- Generating done (0.0s)
[1.180s] -- Build files have been written to: /home/shu/ros2_ws/build/base_demo_cpp
[1.189s] Invoked command in '/home/shu/ros2_ws/build/base_demo_cpp' returned '0': CMAKE_PREFIX_PATH=${CMAKE_PREFIX_PATH}:/opt/ros/jazzy DEBUGINFOD_URLS=https://debuginfod.ubuntu.com /usr/bin/cmake /home/shu/ros2_ws/src/base_demo_cpp -DCMAKE_INSTALL_PREFIX=/home/shu/ros2_ws/install/base_demo_cpp
[1.191s] Invoking command in '/home/shu/ros2_ws/build/base_demo_cpp': CMAKE_PREFIX_PATH=${CMAKE_PREFIX_PATH}:/opt/ros/jazzy DEBUGINFOD_URLS=https://debuginfod.ubuntu.com /usr/bin/cmake --build /home/shu/ros2_ws/build/base_demo_cpp -- -j4 -l4
[1.227s] [  3%] [34m[1mGenerating Rust code for ROS interfaces[0m
[1.228s] [  3%] [32mBuilding CXX object CMakeFiles/talker_node.dir/src/talker_node.cpp.o[0m
[1.228s] [  5%] [32mBuilding CXX object CMakeFiles/listener_node.dir/src/listener_node.cpp.o[0m
[1.232s] [  7%] [34m[1mGenerating type hashes for ROS interfaces[0m
[1.397s] [  7%] Built target base_demo_cpp__rosidl_generator_type_description
[1.430s] [  7%] Built target ament_cmake_python_copy_base_demo_cpp
[1.442s] [  9%] [32mBuilding CXX object CMakeFiles/tcp_client.dir/src/tcp_client.cpp.o[0m
[1.449s] [  9%] Built target base_demo_cpp__rs
[1.468s] [ 11%] [32mBuilding CXX object CMakeFiles/base_status_node.dir/src/base_status_node.cpp.o[0m
[1.812s] [ 13%] [32m[1mLinking CXX shared library libtcp_client.so[0m
[1.912s] [ 13%] Built target tcp_client
[1.935s] [ 15%] [32mBuilding CXX object CMakeFiles/cmd_vel_listener_node.dir/src/cmd_vel_listener_node.cpp.o[0m
[8.724s] [ 16%] [32m[1mLinking CXX executable base_status_node[0m
[8.926s] [ 16%] Built target base_status_node
[8.954s] [ 18%] [32mBuilding CXX object CMakeFiles/cmd_vel_test_node.dir/src/cmd_vel_test_node.cpp.o[0m
[9.120s] [ 20%] [32m[1mLinking CXX executable talker_node[0m
[9.254s] [ 20%] Built target talker_node
[9.270s] [ 22%] [32mBuilding CXX object CMakeFiles/tcp_client_test_node.dir/src/tcp_client_test_node.cpp.o[0m
[12.508s] [ 24%] [32m[1mLinking CXX executable tcp_client_test_node[0m
[12.592s] [ 24%] Built target tcp_client_test_node
[12.607s] [ 26%] [34m[1mGenerating C code for ROS interfaces[0m
[12.961s] [ 28%] [32mBuilding C object CMakeFiles/base_demo_cpp__rosidl_generator_c.dir/rosidl_generator_c/base_demo_cpp/msg/detail/base_status__description.c.o[0m
[13.026s] [ 30%] [32mBuilding C object CMakeFiles/base_demo_cpp__rosidl_generator_c.dir/rosidl_generator_c/base_demo_cpp/msg/detail/base_status__functions.c.o[0m
[13.073s] [ 32%] [32mBuilding C object CMakeFiles/base_demo_cpp__rosidl_generator_c.dir/rosidl_generator_c/base_demo_cpp/msg/detail/base_status__type_support.c.o[0m
[13.128s] [ 33%] [32m[1mLinking C shared library libbase_demo_cpp__rosidl_generator_c.so[0m
[13.224s] [ 33%] Built target base_demo_cpp__rosidl_generator_c
[13.268s] [ 35%] [34m[1mGenerating C++ code for ROS interfaces[0m
[13.406s] [ 37%] [32m[1mLinking CXX executable listener_node[0m
[13.501s] [ 37%] Built target base_demo_cpp__cpp
[13.510s] [ 39%] [34m[1mGenerating C introspection for ROS interfaces[0m
[13.612s] [ 39%] Built target listener_node
[13.621s] [ 41%] [34m[1mGenerating C type support dispatch for ROS interfaces[0m
[13.690s] [ 43%] [32mBuilding C object CMakeFiles/base_demo_cpp__rosidl_typesupport_introspection_c.dir/rosidl_typesupport_introspection_c/base_demo_cpp/msg/detail/base_status__type_support.c.o[0m
[13.716s] [ 45%] [32m[1mLinking C shared library libbase_demo_cpp__rosidl_typesupport_introspection_c.so[0m
[13.744s] [ 45%] Built target base_demo_cpp__rosidl_typesupport_introspection_c
[13.753s] [ 47%] [34m[1mGenerating C++ introspection for ROS interfaces[0m
[13.798s] [ 49%] [32mBuilding CXX object CMakeFiles/base_demo_cpp__rosidl_typesupport_c.dir/rosidl_typesupport_c/base_demo_cpp/msg/base_status__type_support.cpp.o[0m
[13.832s] [ 50%] [32m[1mLinking CXX shared library libbase_demo_cpp__rosidl_typesupport_c.so[0m
[13.866s] [ 50%] Built target base_demo_cpp__rosidl_typesupport_c
[13.875s] [ 52%] [34m[1mGenerating C++ type support dispatch for ROS interfaces[0m
[13.933s] [ 54%] [32mBuilding CXX object CMakeFiles/base_demo_cpp__rosidl_typesupport_introspection_cpp.dir/rosidl_typesupport_introspection_cpp/base_demo_cpp/msg/detail/base_status__type_support.cpp.o[0m
[13.999s] [ 56%] [32m[1mLinking CXX executable cmd_vel_listener_node[0m
[14.056s] [ 58%] [32mBuilding CXX object CMakeFiles/base_demo_cpp__rosidl_typesupport_cpp.dir/rosidl_typesupport_cpp/base_demo_cpp/msg/base_status__type_support.cpp.o[0m
[14.060s] [ 60%] [32m[1mLinking CXX executable cmd_vel_test_node[0m
[14.167s] [ 62%] [32m[1mLinking CXX shared library libbase_demo_cpp__rosidl_typesupport_introspection_cpp.so[0m
[14.212s] [ 62%] Built target base_demo_cpp__rosidl_typesupport_introspection_cpp
[14.215s] [ 62%] Built target cmd_vel_test_node
[14.223s] [ 64%] [34m[1mGenerating C type support for eProsima Fast-RTPS[0m
[14.269s] [ 64%] Built target cmd_vel_listener_node
[14.278s] [ 66%] [34m[1mGenerating C++ type support for eProsima Fast-RTPS[0m
[14.330s] [ 67%] [32m[1mLinking CXX shared library libbase_demo_cpp__rosidl_typesupport_cpp.so[0m
[14.362s] [ 67%] Built target base_demo_cpp__rosidl_typesupport_cpp
[14.377s] [ 69%] [32mBuilding CXX object CMakeFiles/base_node.dir/src/base_node.cpp.o[0m
[14.421s] [ 71%] [32mBuilding CXX object CMakeFiles/base_demo_cpp__rosidl_typesupport_fastrtps_c.dir/rosidl_typesupport_fastrtps_c/base_demo_cpp/msg/detail/base_status__type_support_c.cpp.o[0m
[14.452s] running egg_info
[14.453s] creating base_demo_cpp.egg-info
[14.466s] writing base_demo_cpp.egg-info/PKG-INFO
[14.466s] writing dependency_links to base_demo_cpp.egg-info/dependency_links.txt
[14.467s] writing top-level names to base_demo_cpp.egg-info/top_level.txt
[14.467s] writing manifest file 'base_demo_cpp.egg-info/SOURCES.txt'
[14.476s] [ 73%] [32mBuilding CXX object CMakeFiles/base_demo_cpp__rosidl_typesupport_fastrtps_cpp.dir/rosidl_typesupport_fastrtps_cpp/base_demo_cpp/msg/detail/dds_fastrtps/base_status__type_support.cpp.o[0m
[14.503s] reading manifest file 'base_demo_cpp.egg-info/SOURCES.txt'
[14.505s] writing manifest file 'base_demo_cpp.egg-info/SOURCES.txt'
[14.526s] [ 73%] Built target ament_cmake_python_build_base_demo_cpp_egg
[14.542s] [ 75%] [32mBuilding CXX object CMakeFiles/base_status_listener_node.dir/src/base_status_listener_node.cpp.o[0m
[14.748s] [ 77%] [32m[1mLinking CXX shared library libbase_demo_cpp__rosidl_typesupport_fastrtps_c.so[0m
[14.800s] [ 77%] Built target base_demo_cpp__rosidl_typesupport_fastrtps_c
[14.825s] [ 79%] [32m[1mLinking CXX shared library libbase_demo_cpp__rosidl_typesupport_fastrtps_cpp.so[0m
[14.877s] [ 79%] Built target base_demo_cpp__rosidl_typesupport_fastrtps_cpp
[14.893s] [ 79%] Built target base_demo_cpp
[14.909s] [ 81%] [34m[1mGenerating Python code for ROS interfaces[0m
[15.135s] [ 81%] Built target base_demo_cpp__py
[15.154s] [ 83%] [32mBuilding C object CMakeFiles/base_demo_cpp__rosidl_generator_py.dir/rosidl_generator_py/base_demo_cpp/msg/_base_status_s.c.o[0m
[15.268s] [ 84%] [32m[1mLinking C shared library libbase_demo_cpp__rosidl_generator_py.so[0m
[15.306s] [ 84%] Built target base_demo_cpp__rosidl_generator_py
[15.323s] [ 86%] [32mBuilding C object CMakeFiles/base_demo_cpp_s__rosidl_typesupport_fastrtps_c.dir/rosidl_generator_py/base_demo_cpp/_base_demo_cpp_s.ep.rosidl_typesupport_fastrtps_c.c.o[0m
[15.329s] [ 88%] [32mBuilding C object CMakeFiles/base_demo_cpp_s__rosidl_typesupport_introspection_c.dir/rosidl_generator_py/base_demo_cpp/_base_demo_cpp_s.ep.rosidl_typesupport_introspection_c.c.o[0m
[15.407s] [ 90%] [32m[1mLinking C shared module rosidl_generator_py/base_demo_cpp/base_demo_cpp_s__rosidl_typesupport_fastrtps_c.so[0m
[15.424s] [ 92%] [32m[1mLinking C shared module rosidl_generator_py/base_demo_cpp/base_demo_cpp_s__rosidl_typesupport_introspection_c.so[0m
[15.437s] [ 92%] Built target base_demo_cpp_s__rosidl_typesupport_fastrtps_c
[15.462s] [ 94%] [32mBuilding C object CMakeFiles/base_demo_cpp_s__rosidl_typesupport_c.dir/rosidl_generator_py/base_demo_cpp/_base_demo_cpp_s.ep.rosidl_typesupport_c.c.o[0m
[15.470s] [ 94%] Built target base_demo_cpp_s__rosidl_typesupport_introspection_c
[15.537s] [ 96%] [32m[1mLinking C shared module rosidl_generator_py/base_demo_cpp/base_demo_cpp_s__rosidl_typesupport_c.so[0m
[15.565s] [ 96%] Built target base_demo_cpp_s__rosidl_typesupport_c
[20.381s] [ 98%] [32m[1mLinking CXX executable base_status_listener_node[0m
[20.553s] [ 98%] Built target base_status_listener_node
[21.144s] [100%] [32m[1mLinking CXX executable base_node[0m
[21.338s] [100%] Built target base_node
[21.423s] Invoked command in '/home/shu/ros2_ws/build/base_demo_cpp' returned '0': CMAKE_PREFIX_PATH=${CMAKE_PREFIX_PATH}:/opt/ros/jazzy DEBUGINFOD_URLS=https://debuginfod.ubuntu.com /usr/bin/cmake --build /home/shu/ros2_ws/build/base_demo_cpp -- -j4 -l4
[21.504s] Invoking command in '/home/shu/ros2_ws/build/base_demo_cpp': CMAKE_PREFIX_PATH=${CMAKE_PREFIX_PATH}:/opt/ros/jazzy DEBUGINFOD_URLS=https://debuginfod.ubuntu.com /usr/bin/cmake --install /home/shu/ros2_ws/build/base_demo_cpp
[21.530s] -- Install configuration: ""
[21.530s] -- Installing: /home/shu/ros2_ws/install/base_demo_cpp/share/ament_index/resource_index/rosidl_interfaces/base_demo_cpp
[21.530s] -- Installing: /home/shu/ros2_ws/install/base_demo_cpp/share/base_demo_cpp/msg/BaseStatus.json
[21.530s] -- Installing: /home/shu/ros2_ws/install/base_demo_cpp/include/base_demo_cpp/base_demo_cpp
[21.530s] -- Installing: /home/shu/ros2_ws/install/base_demo_cpp/include/base_demo_cpp/base_demo_cpp/msg
[21.530s] -- Installing: /home/shu/ros2_ws/install/base_demo_cpp/include/base_demo_cpp/base_demo_cpp/msg/detail
[21.530s] -- Installing: /home/shu/ros2_ws/install/base_demo_cpp/include/base_demo_cpp/base_demo_cpp/msg/detail/base_status__type_support.h
[21.530s] -- Installing: /home/shu/ros2_ws/install/base_demo_cpp/include/base_demo_cpp/base_demo_cpp/msg/detail/base_status__functions.h
[21.530s] -- Installing: /home/shu/ros2_ws/install/base_demo_cpp/include/base_demo_cpp/base_demo_cpp/msg/detail/base_status__description.c
[21.530s] -- Installing: /home/shu/ros2_ws/install/base_demo_cpp/include/base_demo_cpp/base_demo_cpp/msg/detail/base_status__functions.c
[21.530s] -- Installing: /home/shu/ros2_ws/install/base_demo_cpp/include/base_demo_cpp/base_demo_cpp/msg/detail/base_status__struct.h
[21.530s] -- Installing: /home/shu/ros2_ws/install/base_demo_cpp/include/base_demo_cpp/base_demo_cpp/msg/detail/base_status__type_support.c
[21.530s] -- Installing: /home/shu/ros2_ws/install/base_demo_cpp/include/base_demo_cpp/base_demo_cpp/msg/rosidl_generator_c__visibility_control.h
[21.531s] -- Installing: /home/shu/ros2_ws/install/base_demo_cpp/include/base_demo_cpp/base_demo_cpp/msg/base_status.h
[21.531s] -- Installing: /home/shu/ros2_ws/install/base_demo_cpp/share/base_demo_cpp/environment/library_path.sh
[21.531s] -- Installing: /home/shu/ros2_ws/install/base_demo_cpp/share/base_demo_cpp/environment/library_path.dsv
[21.531s] -- Installing: /home/shu/ros2_ws/install/base_demo_cpp/lib/libbase_demo_cpp__rosidl_generator_c.so
[21.531s] -- Set non-toolchain portion of runtime path of "/home/shu/ros2_ws/install/base_demo_cpp/lib/libbase_demo_cpp__rosidl_generator_c.so" to ""
[21.531s] -- Up-to-date: /home/shu/ros2_ws/install/base_demo_cpp/include/base_demo_cpp/base_demo_cpp
[21.531s] -- Up-to-date: /home/shu/ros2_ws/install/base_demo_cpp/include/base_demo_cpp/base_demo_cpp/msg
[21.531s] -- Up-to-date: /home/shu/ros2_ws/install/base_demo_cpp/include/base_demo_cpp/base_demo_cpp/msg/detail
[21.531s] -- Installing: /home/shu/ros2_ws/install/base_demo_cpp/include/base_demo_cpp/base_demo_cpp/msg/detail/base_status__rosidl_typesupport_fastrtps_c.h
[21.531s] -- Installing: /home/shu/ros2_ws/install/base_demo_cpp/include/base_demo_cpp/base_demo_cpp/msg/rosidl_typesupport_fastrtps_c__visibility_control.h
[21.531s] -- Installing: /home/shu/ros2_ws/install/base_demo_cpp/lib/libbase_demo_cpp__rosidl_typesupport_fastrtps_c.so
[21.531s] -- Set non-toolchain portion of runtime path of "/home/shu/ros2_ws/install/base_demo_cpp/lib/libbase_demo_cpp__rosidl_typesupport_fastrtps_c.so" to ""
[21.531s] -- Up-to-date: /home/shu/ros2_ws/install/base_demo_cpp/include/base_demo_cpp/base_demo_cpp
[21.531s] -- Up-to-date: /home/shu/ros2_ws/install/base_demo_cpp/include/base_demo_cpp/base_demo_cpp/msg
[21.531s] -- Up-to-date: /home/shu/ros2_ws/install/base_demo_cpp/include/base_demo_cpp/base_demo_cpp/msg/detail
[21.531s] -- Installing: /home/shu/ros2_ws/install/base_demo_cpp/include/base_demo_cpp/base_demo_cpp/msg/detail/base_status__type_support.hpp
[21.531s] -- Installing: /home/shu/ros2_ws/install/base_demo_cpp/include/base_demo_cpp/base_demo_cpp/msg/detail/base_status__builder.hpp
[21.531s] -- Installing: /home/shu/ros2_ws/install/base_demo_cpp/include/base_demo_cpp/base_demo_cpp/msg/detail/base_status__struct.hpp
[21.531s] -- Installing: /home/shu/ros2_ws/install/base_demo_cpp/include/base_demo_cpp/base_demo_cpp/msg/detail/base_status__traits.hpp
[21.531s] -- Installing: /home/shu/ros2_ws/install/base_demo_cpp/include/base_demo_cpp/base_demo_cpp/msg/rosidl_generator_cpp__visibility_control.hpp
[21.531s] -- Installing: /home/shu/ros2_ws/install/base_demo_cpp/include/base_demo_cpp/base_demo_cpp/msg/base_status.hpp
[21.531s] -- Up-to-date: /home/shu/ros2_ws/install/base_demo_cpp/include/base_demo_cpp/base_demo_cpp
[21.531s] -- Up-to-date: /home/shu/ros2_ws/install/base_demo_cpp/include/base_demo_cpp/base_demo_cpp/msg
[21.531s] -- Up-to-date: /home/shu/ros2_ws/install/base_demo_cpp/include/base_demo_cpp/base_demo_cpp/msg/detail
[21.531s] -- Installing: /home/shu/ros2_ws/install/base_demo_cpp/include/base_demo_cpp/base_demo_cpp/msg/detail/dds_fastrtps
[21.531s] -- Installing: /home/shu/ros2_ws/install/base_demo_cpp/include/base_demo_cpp/base_demo_cpp/msg/detail/base_status__rosidl_typesupport_fastrtps_cpp.hpp
[21.531s] -- Installing: /home/shu/ros2_ws/install/base_demo_cpp/include/base_demo_cpp/base_demo_cpp/msg/rosidl_typesupport_fastrtps_cpp__visibility_control.h
[21.531s] -- Installing: /home/shu/ros2_ws/install/base_demo_cpp/lib/libbase_demo_cpp__rosidl_typesupport_fastrtps_cpp.so
[21.531s] -- Set non-toolchain portion of runtime path of "/home/shu/ros2_ws/install/base_demo_cpp/lib/libbase_demo_cpp__rosidl_typesupport_fastrtps_cpp.so" to ""
[21.531s] -- Up-to-date: /home/shu/ros2_ws/install/base_demo_cpp/include/base_demo_cpp/base_demo_cpp
[21.531s] -- Up-to-date: /home/shu/ros2_ws/install/base_demo_cpp/include/base_demo_cpp/base_demo_cpp/msg
[21.531s] -- Up-to-date: /home/shu/ros2_ws/install/base_demo_cpp/include/base_demo_cpp/base_demo_cpp/msg/detail
[21.532s] -- Installing: /home/shu/ros2_ws/install/base_demo_cpp/include/base_demo_cpp/base_demo_cpp/msg/detail/base_status__rosidl_typesupport_introspection_c.h
[21.532s] -- Installing: /home/shu/ros2_ws/install/base_demo_cpp/include/base_demo_cpp/base_demo_cpp/msg/detail/base_status__type_support.c
[21.532s] -- Installing: /home/shu/ros2_ws/install/base_demo_cpp/include/base_demo_cpp/base_demo_cpp/msg/rosidl_typesupport_introspection_c__visibility_control.h
[21.532s] -- Installing: /home/shu/ros2_ws/install/base_demo_cpp/lib/libbase_demo_cpp__rosidl_typesupport_introspection_c.so
[21.532s] -- Set non-toolchain portion of runtime path of "/home/shu/ros2_ws/install/base_demo_cpp/lib/libbase_demo_cpp__rosidl_typesupport_introspection_c.so" to ""
[21.532s] -- Installing: /home/shu/ros2_ws/install/base_demo_cpp/lib/libbase_demo_cpp__rosidl_typesupport_c.so
[21.532s] -- Set non-toolchain portion of runtime path of "/home/shu/ros2_ws/install/base_demo_cpp/lib/libbase_demo_cpp__rosidl_typesupport_c.so" to ""
[21.532s] -- Up-to-date: /home/shu/ros2_ws/install/base_demo_cpp/include/base_demo_cpp/base_demo_cpp
[21.532s] -- Up-to-date: /home/shu/ros2_ws/install/base_demo_cpp/include/base_demo_cpp/base_demo_cpp/msg
[21.532s] -- Up-to-date: /home/shu/ros2_ws/install/base_demo_cpp/include/base_demo_cpp/base_demo_cpp/msg/detail
[21.532s] -- Installing: /home/shu/ros2_ws/install/base_demo_cpp/include/base_demo_cpp/base_demo_cpp/msg/detail/base_status__rosidl_typesupport_introspection_cpp.hpp
[21.532s] -- Installing: /home/shu/ros2_ws/install/base_demo_cpp/include/base_demo_cpp/base_demo_cpp/msg/detail/base_status__type_support.cpp
[21.532s] -- Installing: /home/shu/ros2_ws/install/base_demo_cpp/lib/libbase_demo_cpp__rosidl_typesupport_introspection_cpp.so
[21.532s] -- Set non-toolchain portion of runtime path of "/home/shu/ros2_ws/install/base_demo_cpp/lib/libbase_demo_cpp__rosidl_typesupport_introspection_cpp.so" to ""
[21.532s] -- Installing: /home/shu/ros2_ws/install/base_demo_cpp/lib/libbase_demo_cpp__rosidl_typesupport_cpp.so
[21.532s] -- Set non-toolchain portion of runtime path of "/home/shu/ros2_ws/install/base_demo_cpp/lib/libbase_demo_cpp__rosidl_typesupport_cpp.so" to ""
[21.532s] -- Installing: /home/shu/ros2_ws/install/base_demo_cpp/share/base_demo_cpp/environment/pythonpath.sh
[21.532s] -- Installing: /home/shu/ros2_ws/install/base_demo_cpp/share/base_demo_cpp/environment/pythonpath.dsv
[21.532s] -- Installing: /home/shu/ros2_ws/install/base_demo_cpp/lib/python3.12/site-packages/base_demo_cpp-0.0.0-py3.12.egg-info
[21.532s] -- Installing: /home/shu/ros2_ws/install/base_demo_cpp/lib/python3.12/site-packages/base_demo_cpp-0.0.0-py3.12.egg-info/PKG-INFO
[21.532s] -- Installing: /home/shu/ros2_ws/install/base_demo_cpp/lib/python3.12/site-packages/base_demo_cpp-0.0.0-py3.12.egg-info/SOURCES.txt
[21.532s] -- Installing: /home/shu/ros2_ws/install/base_demo_cpp/lib/python3.12/site-packages/base_demo_cpp-0.0.0-py3.12.egg-info/dependency_links.txt
[21.532s] -- Installing: /home/shu/ros2_ws/install/base_demo_cpp/lib/python3.12/site-packages/base_demo_cpp-0.0.0-py3.12.egg-info/top_level.txt
[21.532s] -- Installing: /home/shu/ros2_ws/install/base_demo_cpp/lib/python3.12/site-packages/base_demo_cpp
[21.532s] -- Installing: /home/shu/ros2_ws/install/base_demo_cpp/lib/python3.12/site-packages/base_demo_cpp/_base_demo_cpp_s.ep.rosidl_typesupport_introspection_c.c
[21.532s] -- Installing: /home/shu/ros2_ws/install/base_demo_cpp/lib/python3.12/site-packages/base_demo_cpp/base_demo_cpp_s__rosidl_typesupport_introspection_c.so
[21.532s] -- Installing: /home/shu/ros2_ws/install/base_demo_cpp/lib/python3.12/site-packages/base_demo_cpp/_base_demo_cpp_s.ep.rosidl_typesupport_c.c
[21.532s] -- Installing: /home/shu/ros2_ws/install/base_demo_cpp/lib/python3.12/site-packages/base_demo_cpp/base_demo_cpp_s__rosidl_typesupport_fastrtps_c.so
[21.532s] -- Installing: /home/shu/ros2_ws/install/base_demo_cpp/lib/python3.12/site-packages/base_demo_cpp/__init__.py
[21.532s] -- Installing: /home/shu/ros2_ws/install/base_demo_cpp/lib/python3.12/site-packages/base_demo_cpp/_base_demo_cpp_s.ep.rosidl_typesupport_fastrtps_c.c
[21.533s] -- Installing: /home/shu/ros2_ws/install/base_demo_cpp/lib/python3.12/site-packages/base_demo_cpp/base_demo_cpp_s__rosidl_typesupport_c.so
[21.533s] -- Installing: /home/shu/ros2_ws/install/base_demo_cpp/lib/python3.12/site-packages/base_demo_cpp/msg
[21.533s] -- Installing: /home/shu/ros2_ws/install/base_demo_cpp/lib/python3.12/site-packages/base_demo_cpp/msg/__init__.py
[21.533s] -- Installing: /home/shu/ros2_ws/install/base_demo_cpp/lib/python3.12/site-packages/base_demo_cpp/msg/_base_status.py
[21.533s] -- Installing: /home/shu/ros2_ws/install/base_demo_cpp/lib/python3.12/site-packages/base_demo_cpp/msg/_base_status_s.c
[21.553s] Listing '/home/shu/ros2_ws/install/base_demo_cpp/lib/python3.12/site-packages/base_demo_cpp'...
[21.553s] Compiling '/home/shu/ros2_ws/install/base_demo_cpp/lib/python3.12/site-packages/base_demo_cpp/__init__.py'...
[21.553s] Listing '/home/shu/ros2_ws/install/base_demo_cpp/lib/python3.12/site-packages/base_demo_cpp/msg'...
[21.553s] Compiling '/home/shu/ros2_ws/install/base_demo_cpp/lib/python3.12/site-packages/base_demo_cpp/msg/__init__.py'...
[21.553s] Compiling '/home/shu/ros2_ws/install/base_demo_cpp/lib/python3.12/site-packages/base_demo_cpp/msg/_base_status.py'...
[21.560s] -- Installing: /home/shu/ros2_ws/install/base_demo_cpp/lib/python3.12/site-packages/base_demo_cpp/base_demo_cpp_s__rosidl_typesupport_fastrtps_c.so
[21.560s] -- Set non-toolchain portion of runtime path of "/home/shu/ros2_ws/install/base_demo_cpp/lib/python3.12/site-packages/base_demo_cpp/base_demo_cpp_s__rosidl_typesupport_fastrtps_c.so" to ""
[21.561s] -- Installing: /home/shu/ros2_ws/install/base_demo_cpp/lib/python3.12/site-packages/base_demo_cpp/base_demo_cpp_s__rosidl_typesupport_introspection_c.so
[21.561s] -- Set non-toolchain portion of runtime path of "/home/shu/ros2_ws/install/base_demo_cpp/lib/python3.12/site-packages/base_demo_cpp/base_demo_cpp_s__rosidl_typesupport_introspection_c.so" to ""
[21.561s] -- Installing: /home/shu/ros2_ws/install/base_demo_cpp/lib/python3.12/site-packages/base_demo_cpp/base_demo_cpp_s__rosidl_typesupport_c.so
[21.561s] -- Set non-toolchain portion of runtime path of "/home/shu/ros2_ws/install/base_demo_cpp/lib/python3.12/site-packages/base_demo_cpp/base_demo_cpp_s__rosidl_typesupport_c.so" to ""
[21.561s] -- Installing: /home/shu/ros2_ws/install/base_demo_cpp/lib/libbase_demo_cpp__rosidl_generator_py.so
[21.561s] -- Set non-toolchain portion of runtime path of "/home/shu/ros2_ws/install/base_demo_cpp/lib/libbase_demo_cpp__rosidl_generator_py.so" to ""
[21.562s] -- Installing: /home/shu/ros2_ws/install/base_demo_cpp/share/ament_index/resource_index/rust_packages/base_demo_cpp
[21.562s] -- Installing: /home/shu/ros2_ws/install/base_demo_cpp/share/base_demo_cpp/rust
[21.562s] -- Installing: /home/shu/ros2_ws/install/base_demo_cpp/share/base_demo_cpp/rust/src
[21.562s] -- Installing: /home/shu/ros2_ws/install/base_demo_cpp/share/base_demo_cpp/rust/src/lib.rs
[21.562s] -- Installing: /home/shu/ros2_ws/install/base_demo_cpp/share/base_demo_cpp/rust/src/msg.rs
[21.562s] -- Installing: /home/shu/ros2_ws/install/base_demo_cpp/share/base_demo_cpp/rust/src/msg
[21.562s] -- Installing: /home/shu/ros2_ws/install/base_demo_cpp/share/base_demo_cpp/rust/src/msg/rmw.rs
[21.563s] -- Installing: /home/shu/ros2_ws/install/base_demo_cpp/share/base_demo_cpp/rust/build.rs
[21.563s] -- Installing: /home/shu/ros2_ws/install/base_demo_cpp/share/base_demo_cpp/rust/Cargo.toml
[21.563s] -- Installing: /home/shu/ros2_ws/install/base_demo_cpp/share/base_demo_cpp/msg/BaseStatus.idl
[21.563s] -- Installing: /home/shu/ros2_ws/install/base_demo_cpp/share/base_demo_cpp/msg/BaseStatus.msg
[21.563s] -- Installing: /home/shu/ros2_ws/install/base_demo_cpp/lib/base_demo_cpp/talker_node
[21.563s] -- Set non-toolchain portion of runtime path of "/home/shu/ros2_ws/install/base_demo_cpp/lib/base_demo_cpp/talker_node" to ""
[21.563s] -- Installing: /home/shu/ros2_ws/install/base_demo_cpp/lib/base_demo_cpp/listener_node
[21.565s] -- Set non-toolchain portion of runtime path of "/home/shu/ros2_ws/install/base_demo_cpp/lib/base_demo_cpp/listener_node" to ""
[21.565s] -- Installing: /home/shu/ros2_ws/install/base_demo_cpp/lib/base_demo_cpp/base_status_node
[21.565s] -- Set non-toolchain portion of runtime path of "/home/shu/ros2_ws/install/base_demo_cpp/lib/base_demo_cpp/base_status_node" to ""
[21.566s] -- Installing: /home/shu/ros2_ws/install/base_demo_cpp/lib/base_demo_cpp/cmd_vel_listener_node
[21.567s] -- Set non-toolchain portion of runtime path of "/home/shu/ros2_ws/install/base_demo_cpp/lib/base_demo_cpp/cmd_vel_listener_node" to ""
[21.568s] -- Installing: /home/shu/ros2_ws/install/base_demo_cpp/lib/base_demo_cpp/base_node
[21.570s] -- Set non-toolchain portion of runtime path of "/home/shu/ros2_ws/install/base_demo_cpp/lib/base_demo_cpp/base_node" to ""
[21.570s] -- Installing: /home/shu/ros2_ws/install/base_demo_cpp/lib/base_demo_cpp/base_status_listener_node
[21.572s] -- Set non-toolchain portion of runtime path of "/home/shu/ros2_ws/install/base_demo_cpp/lib/base_demo_cpp/base_status_listener_node" to ""
[21.572s] -- Installing: /home/shu/ros2_ws/install/base_demo_cpp/lib/base_demo_cpp/cmd_vel_test_node
[21.573s] -- Set non-toolchain portion of runtime path of "/home/shu/ros2_ws/install/base_demo_cpp/lib/base_demo_cpp/cmd_vel_test_node" to ""
[21.573s] -- Installing: /home/shu/ros2_ws/install/base_demo_cpp/lib/base_demo_cpp/tcp_client_test_node
[21.573s] -- Set non-toolchain portion of runtime path of "/home/shu/ros2_ws/install/base_demo_cpp/lib/base_demo_cpp/tcp_client_test_node" to ""
[21.573s] -- Installing: /home/shu/ros2_ws/install/base_demo_cpp/share/base_demo_cpp/launch
[21.573s] -- Installing: /home/shu/ros2_ws/install/base_demo_cpp/share/base_demo_cpp/launch/base_system.launch.py
[21.573s] -- Installing: /home/shu/ros2_ws/install/base_demo_cpp/share/ament_index/resource_index/package_run_dependencies/base_demo_cpp
[21.574s] -- Installing: /home/shu/ros2_ws/install/base_demo_cpp/share/ament_index/resource_index/parent_prefix_path/base_demo_cpp
[21.574s] -- Installing: /home/shu/ros2_ws/install/base_demo_cpp/share/base_demo_cpp/environment/ament_prefix_path.sh
[21.574s] -- Installing: /home/shu/ros2_ws/install/base_demo_cpp/share/base_demo_cpp/environment/ament_prefix_path.dsv
[21.575s] -- Installing: /home/shu/ros2_ws/install/base_demo_cpp/share/base_demo_cpp/environment/path.sh
[21.575s] -- Installing: /home/shu/ros2_ws/install/base_demo_cpp/share/base_demo_cpp/environment/path.dsv
[21.575s] -- Installing: /home/shu/ros2_ws/install/base_demo_cpp/share/base_demo_cpp/local_setup.bash
[21.575s] -- Installing: /home/shu/ros2_ws/install/base_demo_cpp/share/base_demo_cpp/local_setup.sh
[21.576s] -- Installing: /home/shu/ros2_ws/install/base_demo_cpp/share/base_demo_cpp/local_setup.zsh
[21.576s] -- Installing: /home/shu/ros2_ws/install/base_demo_cpp/share/base_demo_cpp/local_setup.dsv
[21.576s] -- Installing: /home/shu/ros2_ws/install/base_demo_cpp/share/base_demo_cpp/package.dsv
[21.576s] -- Installing: /home/shu/ros2_ws/install/base_demo_cpp/share/ament_index/resource_index/packages/base_demo_cpp
[21.576s] -- Installing: /home/shu/ros2_ws/install/base_demo_cpp/share/base_demo_cpp/cmake/export_base_demo_cpp__rosidl_generator_cExport.cmake
[21.577s] -- Installing: /home/shu/ros2_ws/install/base_demo_cpp/share/base_demo_cpp/cmake/export_base_demo_cpp__rosidl_generator_cExport-noconfig.cmake
[21.577s] -- Installing: /home/shu/ros2_ws/install/base_demo_cpp/share/base_demo_cpp/cmake/export_base_demo_cpp__rosidl_typesupport_fastrtps_cExport.cmake
[21.577s] -- Installing: /home/shu/ros2_ws/install/base_demo_cpp/share/base_demo_cpp/cmake/export_base_demo_cpp__rosidl_typesupport_fastrtps_cExport-noconfig.cmake
[21.577s] -- Installing: /home/shu/ros2_ws/install/base_demo_cpp/share/base_demo_cpp/cmake/export_base_demo_cpp__rosidl_generator_cppExport.cmake
[21.577s] -- Installing: /home/shu/ros2_ws/install/base_demo_cpp/share/base_demo_cpp/cmake/export_base_demo_cpp__rosidl_typesupport_fastrtps_cppExport.cmake
[21.578s] -- Installing: /home/shu/ros2_ws/install/base_demo_cpp/share/base_demo_cpp/cmake/export_base_demo_cpp__rosidl_typesupport_fastrtps_cppExport-noconfig.cmake
[21.578s] -- Installing: /home/shu/ros2_ws/install/base_demo_cpp/share/base_demo_cpp/cmake/base_demo_cpp__rosidl_typesupport_introspection_cExport.cmake
[21.578s] -- Installing: /home/shu/ros2_ws/install/base_demo_cpp/share/base_demo_cpp/cmake/base_demo_cpp__rosidl_typesupport_introspection_cExport-noconfig.cmake
[21.578s] -- Installing: /home/shu/ros2_ws/install/base_demo_cpp/share/base_demo_cpp/cmake/base_demo_cpp__rosidl_typesupport_cExport.cmake
[21.578s] -- Installing: /home/shu/ros2_ws/install/base_demo_cpp/share/base_demo_cpp/cmake/base_demo_cpp__rosidl_typesupport_cExport-noconfig.cmake
[21.578s] -- Installing: /home/shu/ros2_ws/install/base_demo_cpp/share/base_demo_cpp/cmake/base_demo_cpp__rosidl_typesupport_introspection_cppExport.cmake
[21.578s] -- Installing: /home/shu/ros2_ws/install/base_demo_cpp/share/base_demo_cpp/cmake/base_demo_cpp__rosidl_typesupport_introspection_cppExport-noconfig.cmake
[21.578s] -- Installing: /home/shu/ros2_ws/install/base_demo_cpp/share/base_demo_cpp/cmake/base_demo_cpp__rosidl_typesupport_cppExport.cmake
[21.578s] -- Installing: /home/shu/ros2_ws/install/base_demo_cpp/share/base_demo_cpp/cmake/base_demo_cpp__rosidl_typesupport_cppExport-noconfig.cmake
[21.578s] -- Installing: /home/shu/ros2_ws/install/base_demo_cpp/share/base_demo_cpp/cmake/export_base_demo_cpp__rosidl_generator_pyExport.cmake
[21.578s] -- Installing: /home/shu/ros2_ws/install/base_demo_cpp/share/base_demo_cpp/cmake/export_base_demo_cpp__rosidl_generator_pyExport-noconfig.cmake
[21.578s] -- Installing: /home/shu/ros2_ws/install/base_demo_cpp/share/base_demo_cpp/cmake/rosidl_cmake-extras.cmake
[21.578s] -- Installing: /home/shu/ros2_ws/install/base_demo_cpp/share/base_demo_cpp/cmake/ament_cmake_export_include_directories-extras.cmake
[21.579s] -- Installing: /home/shu/ros2_ws/install/base_demo_cpp/share/base_demo_cpp/cmake/ament_cmake_export_libraries-extras.cmake
[21.579s] -- Installing: /home/shu/ros2_ws/install/base_demo_cpp/share/base_demo_cpp/cmake/ament_cmake_export_targets-extras.cmake
[21.579s] -- Installing: /home/shu/ros2_ws/install/base_demo_cpp/share/base_demo_cpp/cmake/rosidl_cmake_export_typesupport_targets-extras.cmake
[21.579s] -- Installing: /home/shu/ros2_ws/install/base_demo_cpp/share/base_demo_cpp/cmake/ament_cmake_export_dependencies-extras.cmake
[21.579s] -- Installing: /home/shu/ros2_ws/install/base_demo_cpp/share/base_demo_cpp/cmake/rosidl_cmake_export_typesupport_libraries-extras.cmake
[21.579s] -- Installing: /home/shu/ros2_ws/install/base_demo_cpp/share/base_demo_cpp/cmake/base_demo_cppConfig.cmake
[21.579s] -- Installing: /home/shu/ros2_ws/install/base_demo_cpp/share/base_demo_cpp/cmake/base_demo_cppConfig-version.cmake
[21.579s] -- Installing: /home/shu/ros2_ws/install/base_demo_cpp/share/base_demo_cpp/package.xml
[21.589s] Invoked command in '/home/shu/ros2_ws/build/base_demo_cpp' returned '0': CMAKE_PREFIX_PATH=${CMAKE_PREFIX_PATH}:/opt/ros/jazzy DEBUGINFOD_URLS=https://debuginfod.ubuntu.com /usr/bin/cmake --install /home/shu/ros2_ws/build/base_demo_cpp
