-- Found ament_cmake: 2.5.6 (/opt/ros/jazzy/share/ament_cmake/cmake)
-- Found rclcpp: 28.1.18 (/opt/ros/jazzy/share/rclcpp/cmake)
-- Found rosidl_generator_c: 4.6.7 (/opt/ros/jazzy/share/rosidl_generator_c/cmake)
-- Found rosidl_generator_cpp: 4.6.7 (/opt/ros/jazzy/share/rosidl_generator_cpp/cmake)
-- Using all available rosidl_typesupport_c: rosidl_typesupport_fastrtps_c;rosidl_typesupport_introspection_c
-- Using all available rosidl_typesupport_cpp: rosidl_typesupport_fastrtps_cpp;rosidl_typesupport_introspection_cpp
-- Found rmw_implementation_cmake: 7.3.3 (/opt/ros/jazzy/share/rmw_implementation_cmake/cmake)
-- Found rmw_fastrtps_cpp: 8.4.3 (/opt/ros/jazzy/share/rmw_fastrtps_cpp/cmake)
-- Using RMW implementation 'rmw_fastrtps_cpp' as default
-- Found std_msgs: 5.3.7 (/opt/ros/jazzy/share/std_msgs/cmake)
-- Found geometry_msgs: 5.3.7 (/opt/ros/jazzy/share/geometry_msgs/cmake)
-- Found ament_lint_auto: 0.17.5 (/opt/ros/jazzy/share/ament_lint_auto/cmake)
-- Added test 'cppcheck' to perform static code analysis on C / C++ code
-- Configured cppcheck include dirs: 
-- Configured cppcheck exclude dirs and/or files: 
-- Added test 'lint_cmake' to check CMake code style
-- Added test 'uncrustify' to check C / C++ code style
-- Configured uncrustify additional arguments: 
-- Added test 'xmllint' to check XML markup files
-- Configuring done (0.4s)
-- Generating done (0.0s)
-- Build files have been written to: /home/shu/ros2_ws/build/base_demo_cpp
[ 12%] [32mBuilding CXX object CMakeFiles/cmd_vel_listener_node.dir/src/cmd_vel_listener_node.cpp.o[0m
[ 37%] Built target talker_node
[ 62%] Built target listener_node
[ 87%] Built target base_status_node
[100%] [32m[1mLinking CXX executable cmd_vel_listener_node[0m
[100%] Built target cmd_vel_listener_node
-- Install configuration: ""
-- Up-to-date: /home/shu/ros2_ws/install/base_demo_cpp/lib/base_demo_cpp/talker_node
-- Up-to-date: /home/shu/ros2_ws/install/base_demo_cpp/lib/base_demo_cpp/listener_node
-- Up-to-date: /home/shu/ros2_ws/install/base_demo_cpp/lib/base_demo_cpp/base_status_node
-- Installing: /home/shu/ros2_ws/install/base_demo_cpp/lib/base_demo_cpp/cmd_vel_listener_node
-- Set non-toolchain portion of runtime path of "/home/shu/ros2_ws/install/base_demo_cpp/lib/base_demo_cpp/cmd_vel_listener_node" to ""
-- Installing: /home/shu/ros2_ws/install/base_demo_cpp/share/ament_index/resource_index/package_run_dependencies/base_demo_cpp
-- Up-to-date: /home/shu/ros2_ws/install/base_demo_cpp/share/ament_index/resource_index/parent_prefix_path/base_demo_cpp
-- Up-to-date: /home/shu/ros2_ws/install/base_demo_cpp/share/base_demo_cpp/environment/ament_prefix_path.sh
-- Up-to-date: /home/shu/ros2_ws/install/base_demo_cpp/share/base_demo_cpp/environment/ament_prefix_path.dsv
-- Up-to-date: /home/shu/ros2_ws/install/base_demo_cpp/share/base_demo_cpp/environment/path.sh
-- Up-to-date: /home/shu/ros2_ws/install/base_demo_cpp/share/base_demo_cpp/environment/path.dsv
-- Up-to-date: /home/shu/ros2_ws/install/base_demo_cpp/share/base_demo_cpp/local_setup.bash
-- Up-to-date: /home/shu/ros2_ws/install/base_demo_cpp/share/base_demo_cpp/local_setup.sh
-- Up-to-date: /home/shu/ros2_ws/install/base_demo_cpp/share/base_demo_cpp/local_setup.zsh
-- Up-to-date: /home/shu/ros2_ws/install/base_demo_cpp/share/base_demo_cpp/local_setup.dsv
-- Installing: /home/shu/ros2_ws/install/base_demo_cpp/share/base_demo_cpp/package.dsv
-- Up-to-date: /home/shu/ros2_ws/install/base_demo_cpp/share/ament_index/resource_index/packages/base_demo_cpp
-- Up-to-date: /home/shu/ros2_ws/install/base_demo_cpp/share/base_demo_cpp/cmake/base_demo_cppConfig.cmake
-- Up-to-date: /home/shu/ros2_ws/install/base_demo_cpp/share/base_demo_cpp/cmake/base_demo_cppConfig-version.cmake
-- Installing: /home/shu/ros2_ws/install/base_demo_cpp/share/base_demo_cpp/package.xml
