[0.011s] Invoking command in '/home/shu/ros2_ws/build/base_demo_cpp': CMAKE_PREFIX_PATH=${CMAKE_PREFIX_PATH}:/opt/ros/jazzy DEBUGINFOD_URLS=https://debuginfod.ubuntu.com /usr/bin/cmake /home/shu/ros2_ws/src/base_demo_cpp -DCMAKE_INSTALL_PREFIX=/home/shu/ros2_ws/install/base_demo_cpp
[0.411s] -- The C compiler identification is GNU 13.3.0
[0.542s] -- The CXX compiler identification is GNU 13.3.0
[0.567s] -- Detecting C compiler ABI info
[0.636s] -- Detecting C compiler ABI info - done
[0.646s] -- Check for working C compiler: /usr/bin/cc - skipped
[0.646s] -- Detecting C compile features
[0.647s] -- Detecting C compile features - done
[0.662s] -- Detecting CXX compiler ABI info
[0.793s] -- Detecting CXX compiler ABI info - done
[0.802s] -- Check for working CXX compiler: /usr/bin/c++ - skipped
[0.803s] -- Detecting CXX compile features
[0.803s] -- Detecting CXX compile features - done
[0.815s] -- Found ament_cmake: 2.5.6 (/opt/ros/jazzy/share/ament_cmake/cmake)
[0.957s] -- Found Python3: /usr/bin/python3 (found version "3.12.3") found components: Interpreter 
[1.136s] -- Found rclcpp: 28.1.18 (/opt/ros/jazzy/share/rclcpp/cmake)
[1.191s] -- Found rosidl_generator_c: 4.6.7 (/opt/ros/jazzy/share/rosidl_generator_c/cmake)
[1.205s] -- Found rosidl_generator_cpp: 4.6.7 (/opt/ros/jazzy/share/rosidl_generator_cpp/cmake)
[1.228s] -- Using all available rosidl_typesupport_c: rosidl_typesupport_fastrtps_c;rosidl_typesupport_introspection_c
[1.249s] -- Using all available rosidl_typesupport_cpp: rosidl_typesupport_fastrtps_cpp;rosidl_typesupport_introspection_cpp
[1.342s] -- Found rmw_implementation_cmake: 7.3.3 (/opt/ros/jazzy/share/rmw_implementation_cmake/cmake)
[1.347s] -- Found rmw_fastrtps_cpp: 8.4.3 (/opt/ros/jazzy/share/rmw_fastrtps_cpp/cmake)
[1.419s] -- Found OpenSSL: /usr/lib/x86_64-linux-gnu/libcrypto.so (found version "3.0.13")  
[1.435s] -- Found FastRTPS: /opt/ros/jazzy/include (Required is at least version "2.13") 
[1.452s] -- Using RMW implementation 'rmw_fastrtps_cpp' as default
[1.531s] -- Found std_msgs: 5.3.7 (/opt/ros/jazzy/share/std_msgs/cmake)
[1.549s] -- Found geometry_msgs: 5.3.7 (/opt/ros/jazzy/share/geometry_msgs/cmake)
[1.568s] -- Found rosidl_default_generators: 1.6.0 (/opt/ros/jazzy/share/rosidl_default_generators/cmake)
[1.588s] -- Found rosidl_adapter: 4.6.7 (/opt/ros/jazzy/share/rosidl_adapter/cmake)
[2.003s] -- Found ament_cmake_ros: 0.12.0 (/opt/ros/jazzy/share/ament_cmake_ros/cmake)
[2.524s] -- Using all available rosidl_typesupport_c: rosidl_typesupport_fastrtps_c;rosidl_typesupport_introspection_c
[2.734s] -- Using all available rosidl_typesupport_cpp: rosidl_typesupport_fastrtps_cpp;rosidl_typesupport_introspection_cpp
[2.737s] -- Found python_cmake_module: 0.11.1 (/opt/ros/jazzy/share/python_cmake_module/cmake)
[2.839s] -- Found PythonExtra: /usr/bin/python3  
[3.267s] -- Found Python3: /usr/bin/python3 (found version "3.12.3") found components: Interpreter Development NumPy Development.Module Development.Embed 
[3.318s] -- Found Python3: /usr/bin/python3 (found version "3.12.3") found components: Interpreter 
[3.323s] [31mCMake Error at CMakeLists.txt:75 (add_library):
[3.323s]   add_library cannot create target "tcp_client" because another target with
[3.323s]   the same name already exists.  The existing target is a shared library
[3.323s]   created in source directory "/home/shu/ros2_ws/src/base_demo_cpp".  See
[3.323s]   documentation for policy CMP0002 for more details.
[3.323s] 
[3.323s] [0m
[3.324s] -- Found ament_lint_auto: 0.17.5 (/opt/ros/jazzy/share/ament_lint_auto/cmake)
[3.356s] -- Added test 'cppcheck' to perform static code analysis on C / C++ code
[3.356s] -- Configured cppcheck include dirs: $<BUILD_INTERFACE:/home/shu/ros2_ws/src/base_demo_cpp/include>
[3.356s] -- Configured cppcheck exclude dirs and/or files: 
[3.357s] -- Added test 'flake8' to check Python code syntax and style conventions
[3.357s] -- Configured 'flake8' exclude dirs and/or files: 
[3.358s] -- Added test 'lint_cmake' to check CMake code style
[3.359s] -- Added test 'pep257' to check Python code against some of the docstring style conventions in PEP 257
[3.360s] -- Added test 'uncrustify' to check C / C++ code style
[3.360s] -- Configured uncrustify additional arguments: 
[3.361s] -- Added test 'xmllint' to check XML markup files
[3.364s] -- Configuring incomplete, errors occurred!
[3.378s] Invoked command in '/home/shu/ros2_ws/build/base_demo_cpp' returned '1': CMAKE_PREFIX_PATH=${CMAKE_PREFIX_PATH}:/opt/ros/jazzy DEBUGINFOD_URLS=https://debuginfod.ubuntu.com /usr/bin/cmake /home/shu/ros2_ws/src/base_demo_cpp -DCMAKE_INSTALL_PREFIX=/home/shu/ros2_ws/install/base_demo_cpp
