[01m[K/home/shu/ros2_ws/src/base_demo_cpp/src/base_node.cpp:53:23:[m[K [01;31m[Kerror: [m[K‘[01m[Kstd_msgs[m[K’ was not declared in this scope
   53 |     rclcpp::Publisher<[01;31m[Kstd_msgs[m[K::msg::String>::SharedPtr status_pub_;
      |                       [01;31m[K^~~~~~~~[m[K
[01m[K/home/shu/ros2_ws/src/base_demo_cpp/src/base_node.cpp:53:44:[m[K [01;31m[Kerror: [m[Ktemplate argument 1 is invalid
   53 |     rclcpp::Publisher<std_msgs::msg::String[01;31m[K>[m[K::SharedPtr status_pub_;
      |                                            [01;31m[K^[m[K
[01m[K/home/shu/ros2_ws/src/base_demo_cpp/src/base_node.cpp:53:47:[m[K [01;31m[Kerror: [m[Kexpected ‘[01m[K;[m[K’ at end of member declaration
   53 |     rclcpp::Publisher<std_msgs::msg::String>::[01;31m[KSharedPtr[m[K status_pub_;
      |                                               [01;31m[K^~~~~~~~~[m[K
      |                                                        [32m[K;[m[K
[01m[K/home/shu/ros2_ws/src/base_demo_cpp/src/base_node.cpp:53:57:[m[K [01;31m[Kerror: [m[K‘[01m[Kstatus_pub_[m[K’ does not name a type
   53 |     rclcpp::Publisher<std_msgs::msg::String>::SharedPtr [01;31m[Kstatus_pub_[m[K;
      |                                                         [01;31m[K^~~~~~~~~~~[m[K
[01m[K/home/shu/ros2_ws/src/base_demo_cpp/src/base_node.cpp:[m[K In member function ‘[01m[Kvoid BaseNode::[01;32m[KonTimer[m[K()[m[K’:
[01m[K/home/shu/ros2_ws/src/base_demo_cpp/src/base_node.cpp:260:9:[m[K [01;31m[Kerror: [m[K‘[01m[Kstd_msgs[m[K’ has not been declared
  260 |         [01;31m[Kstd_msgs[m[K::msg::String msg;
      |         [01;31m[K^~~~~~~~[m[K
[01m[K/home/shu/ros2_ws/src/base_demo_cpp/src/base_node.cpp:272:9:[m[K [01;31m[Kerror: [m[K‘[01m[Kmsg[m[K’ was not declared in this scope
  272 |         [01;31m[Kmsg[m[K.data = oss.str();
      |         [01;31m[K^~~[m[K
[01m[K/home/shu/ros2_ws/src/base_demo_cpp/src/base_node.cpp:272:9:[m[K [01;36m[Knote: [m[Ksuggested alternatives:
In file included from [01m[K/opt/ros/jazzy/include/rcl_interfaces/rcl_interfaces/srv/detail/list_parameters__struct.hpp:157[m[K,
                 from [01m[K/opt/ros/jazzy/include/rcl_interfaces/rcl_interfaces/srv/list_parameters.hpp:7[m[K,
                 from [01m[K/opt/ros/jazzy/include/rclcpp/rclcpp/copy_all_parameter_values.hpp:21[m[K,
                 from [01m[K/opt/ros/jazzy/include/rclcpp/rclcpp/rclcpp.hpp:171[m[K,
                 from [01m[K/home/shu/ros2_ws/src/base_demo_cpp/src/base_node.cpp:20[m[K:
[01m[K/opt/ros/jazzy/include/rcl_interfaces/rcl_interfaces/msg/detail/list_parameters_result__struct.hpp:31:11:[m[K [01;36m[Knote: [m[K  ‘[01m[Krcl_interfaces::msg[m[K’
   31 | namespace [01;36m[Kmsg[m[K
      |           [01;36m[K^~~[m[K
In file included from [01m[K/opt/ros/jazzy/include/service_msgs/service_msgs/msg/detail/service_event_info__struct.hpp:24[m[K,
                 from [01m[K/opt/ros/jazzy/include/rcl_interfaces/rcl_interfaces/srv/detail/list_parameters__struct.hpp:268[m[K:
[01m[K/opt/ros/jazzy/include/builtin_interfaces/builtin_interfaces/msg/detail/time__struct.hpp:31:11:[m[K [01;36m[Knote: [m[K  ‘[01m[Kbuiltin_interfaces::msg[m[K’
   31 | namespace [01;36m[Kmsg[m[K
      |           [01;36m[K^~~[m[K
[01m[K/opt/ros/jazzy/include/service_msgs/service_msgs/msg/detail/service_event_info__struct.hpp:35:11:[m[K [01;36m[Knote: [m[K  ‘[01m[Kservice_msgs::msg[m[K’
   35 | namespace [01;36m[Kmsg[m[K
      |           [01;36m[K^~~[m[K
In file included from [01m[K/opt/ros/jazzy/include/statistics_msgs/statistics_msgs/msg/detail/metrics_message__struct.hpp:27[m[K,
                 from [01m[K/opt/ros/jazzy/include/statistics_msgs/statistics_msgs/msg/metrics_message.hpp:7[m[K,
                 from [01m[K/opt/ros/jazzy/include/libstatistics_collector/libstatistics_collector/collector/generate_statistics_message.hpp:21[m[K,
                 from [01m[K/opt/ros/jazzy/include/rclcpp/rclcpp/topic_statistics/subscription_topic_statistics.hpp:23[m[K,
                 from [01m[K/opt/ros/jazzy/include/rclcpp/rclcpp/subscription.hpp:50[m[K,
                 from [01m[K/opt/ros/jazzy/include/rclcpp/rclcpp/any_executable.hpp:25[m[K,
                 from [01m[K/opt/ros/jazzy/include/rclcpp/rclcpp/memory_strategy.hpp:25[m[K,
                 from [01m[K/opt/ros/jazzy/include/rclcpp/rclcpp/memory_strategies.hpp:18[m[K,
                 from [01m[K/opt/ros/jazzy/include/rclcpp/rclcpp/executor_options.hpp:22[m[K,
                 from [01m[K/opt/ros/jazzy/include/rclcpp/rclcpp/executor.hpp:38[m[K,
                 from [01m[K/opt/ros/jazzy/include/rclcpp/rclcpp/executors/multi_threaded_executor.hpp:25[m[K,
                 from [01m[K/opt/ros/jazzy/include/rclcpp/rclcpp/executors.hpp:21[m[K,
                 from [01m[K/opt/ros/jazzy/include/rclcpp/rclcpp/rclcpp.hpp:172[m[K:
[01m[K/opt/ros/jazzy/include/statistics_msgs/statistics_msgs/msg/detail/statistic_data_point__struct.hpp:31:11:[m[K [01;36m[Knote: [m[K  ‘[01m[Kstatistics_msgs::msg[m[K’
   31 | namespace [01;36m[Kmsg[m[K
      |           [01;36m[K^~~[m[K
In file included from [01m[K/opt/ros/jazzy/include/geometry_msgs/geometry_msgs/msg/detail/twist__struct.hpp:25[m[K,
                 from [01m[K/opt/ros/jazzy/include/geometry_msgs/geometry_msgs/msg/twist.hpp:7[m[K,
                 from [01m[K/home/shu/ros2_ws/src/base_demo_cpp/src/base_node.cpp:21[m[K:
[01m[K/opt/ros/jazzy/include/geometry_msgs/geometry_msgs/msg/detail/vector3__struct.hpp:31:11:[m[K [01;36m[Knote: [m[K  ‘[01m[Kgeometry_msgs::msg[m[K’
   31 | namespace [01;36m[Kmsg[m[K
      |           [01;36m[K^~~[m[K
In file included from [01m[K/home/shu/ros2_ws/build/base_demo_cpp/rosidl_generator_cpp/base_demo_cpp/msg/base_status.hpp:7[m[K,
                 from [01m[K/home/shu/ros2_ws/src/base_demo_cpp/src/base_node.cpp:22[m[K:
[01m[K/home/shu/ros2_ws/build/base_demo_cpp/rosidl_generator_cpp/base_demo_cpp/msg/detail/base_status__struct.hpp:31:11:[m[K [01;36m[Knote: [m[K  ‘[01m[Kbase_demo_cpp::msg[m[K’
   31 | namespace [01;36m[Kmsg[m[K
      |           [01;36m[K^~~[m[K
[01m[K/home/shu/ros2_ws/src/base_demo_cpp/src/base_node.cpp:273:9:[m[K [01;31m[Kerror: [m[K‘[01m[Kstatus_pub_[m[K’ was not declared in this scope
  273 |         [01;31m[Kstatus_pub_[m[K->publish(msg);
      |         [01;31m[K^~~~~~~~~~~[m[K
[01m[K/home/shu/ros2_ws/src/base_demo_cpp/src/base_node.cpp:[m[K In constructor ‘[01m[KBaseNode::[01;32m[KBaseNode[m[K()[m[K’:
[01m[K/home/shu/ros2_ws/src/base_demo_cpp/src/base_node.cpp:413:9:[m[K [01;31m[Kerror: [m[K‘[01m[Kstatus_pub_[m[K’ was not declared in this scope
  413 |         [01;31m[Kstatus_pub_[m[K = this->create_publisher<std_msgs::msg::String>("/base/status", 10);
      |         [01;31m[K^~~~~~~~~~~[m[K
[01m[K/home/shu/ros2_ws/src/base_demo_cpp/src/base_node.cpp:413:46:[m[K [01;31m[Kerror: [m[K‘[01m[Kstd_msgs[m[K’ was not declared in this scope
  413 |         status_pub_ = this->create_publisher<[01;31m[Kstd_msgs[m[K::msg::String>("/base/status", 10);
      |                                              [01;31m[K^~~~~~~~[m[K
[01m[K/home/shu/ros2_ws/src/base_demo_cpp/src/base_node.cpp:413:29:[m[K [01;31m[Kerror: [m[Kparse error in template argument list
  413 |         status_pub_ = this->[01;31m[Kcreate_publisher<std_msgs::msg::String>[m[K("/base/status", 10);
      |                             [01;31m[K^~~~~~~~~~~~~~~~~~~~~~~~~~~~~~~~~~~~~~~[m[K
[01m[K/home/shu/ros2_ws/src/base_demo_cpp/src/base_node.cpp:413:68:[m[K [01;31m[Kerror: [m[Kno matching function for call to ‘[01m[KBaseNode::create_publisher<<expression error> >(const char [13], int)[m[K’
  413 |         status_pub_ = [01;31m[Kthis->create_publisher<std_msgs::msg::String>("/base/status", 10)[m[K;
      |                       [01;31m[K~~~~~~~~~~~~~~~~~~~~~~~~~~~~~~~~~~~~~~~~~~~~~^~~~~~~~~~~~~~~~~~~~[m[K
In file included from [01m[K/opt/ros/jazzy/include/rclcpp/rclcpp/executors/single_threaded_executor.hpp:28[m[K,
                 from [01m[K/opt/ros/jazzy/include/rclcpp/rclcpp/executors.hpp:22[m[K:
[01m[K/opt/ros/jazzy/include/rclcpp/rclcpp/node.hpp:197:3:[m[K [01;36m[Knote: [m[Kcandidate: ‘[01m[Ktemplate<class MessageT, class AllocatorT, class PublisherT> std::shared_ptr<PublisherT> rclcpp::Node::[01;32m[Kcreate_publisher[m[K(const std::string&, const rclcpp::QoS&, const rclcpp::PublisherOptionsWithAllocator<AllocatorT>&)[m[K’
  197 |   [01;36m[Kcreate_publisher[m[K(
      |   [01;36m[K^~~~~~~~~~~~~~~~[m[K
[01m[K/opt/ros/jazzy/include/rclcpp/rclcpp/node.hpp:197:3:[m[K [01;36m[Knote: [m[K  template argument deduction/substitution failed:
[01m[K/home/shu/ros2_ws/src/base_demo_cpp/src/base_node.cpp:413:68:[m[K [01;31m[Kerror: [m[Ktemplate argument 1 is invalid
  413 |         status_pub_ = [01;31m[Kthis->create_publisher<std_msgs::msg::String>("/base/status", 10)[m[K;
      |                       [01;31m[K~~~~~~~~~~~~~~~~~~~~~~~~~~~~~~~~~~~~~~~~~~~~~^~~~~~~~~~~~~~~~~~~~[m[K
gmake[2]: *** [CMakeFiles/base_node.dir/build.make:76：CMakeFiles/base_node.dir/src/base_node.cpp.o] 错误 1
gmake[1]: *** [CMakeFiles/Makefile2:756：CMakeFiles/base_node.dir/all] 错误 2
gmake: *** [Makefile:146：all] 错误 2
