-- Found ament_cmake: 2.5.6 (/opt/ros/jazzy/share/ament_cmake/cmake)
-- Found rclcpp: 28.1.18 (/opt/ros/jazzy/share/rclcpp/cmake)
-- Found rosidl_generator_c: 4.6.7 (/opt/ros/jazzy/share/rosidl_generator_c/cmake)
-- Found rosidl_generator_cpp: 4.6.7 (/opt/ros/jazzy/share/rosidl_generator_cpp/cmake)
-- Using all available rosidl_typesupport_c: rosidl_typesupport_fastrtps_c;rosidl_typesupport_introspection_c
-- Using all available rosidl_typesupport_cpp: rosidl_typesupport_fastrtps_cpp;rosidl_typesupport_introspection_cpp
-- Found rmw_implementation_cmake: 7.3.3 (/opt/ros/jazzy/share/rmw_implementation_cmake/cmake)
-- Found rmw_fastrtps_cpp: 8.4.3 (/opt/ros/jazzy/share/rmw_fastrtps_cpp/cmake)
-- Using RMW implementation 'rmw_fastrtps_cpp' as default
-- Found std_msgs: 5.3.7 (/opt/ros/jazzy/share/std_msgs/cmake)
-- Found geometry_msgs: 5.3.7 (/opt/ros/jazzy/share/geometry_msgs/cmake)
-- Found rosidl_default_generators: 1.6.0 (/opt/ros/jazzy/share/rosidl_default_generators/cmake)
-- Found rosidl_adapter: 4.6.7 (/opt/ros/jazzy/share/rosidl_adapter/cmake)
-- Found ament_cmake_ros: 0.12.0 (/opt/ros/jazzy/share/ament_cmake_ros/cmake)
-- Using all available rosidl_typesupport_c: rosidl_typesupport_fastrtps_c;rosidl_typesupport_introspection_c
-- Using all available rosidl_typesupport_cpp: rosidl_typesupport_fastrtps_cpp;rosidl_typesupport_introspection_cpp
-- Found python_cmake_module: 0.11.1 (/opt/ros/jazzy/share/python_cmake_module/cmake)
-- Found PythonExtra: /usr/bin/python3  
-- Found Python3: /usr/bin/python3 (found version "3.12.3") found components: Interpreter Development NumPy Development.Module Development.Embed 
-- Found Python3: /usr/bin/python3 (found version "3.12.3") found components: Interpreter 
-- Found ament_lint_auto: 0.17.5 (/opt/ros/jazzy/share/ament_lint_auto/cmake)
-- Added test 'cppcheck' to perform static code analysis on C / C++ code
-- Configured cppcheck include dirs: 
-- Configured cppcheck exclude dirs and/or files: 
-- Added test 'lint_cmake' to check CMake code style
-- Added test 'uncrustify' to check C / C++ code style
-- Configured uncrustify additional arguments: 
-- Added test 'xmllint' to check XML markup files
-- Configuring done (2.3s)
-- Generating done (0.0s)
-- Build files have been written to: /home/shu/ros2_ws/build/base_demo_cpp
[  2%] [34m[1mGenerating type hashes for ROS interfaces[0m
[  4%] [34m[1mGenerating Rust code for ROS interfaces[0m
[  6%] [32mBuilding CXX object CMakeFiles/talker_node.dir/src/talker_node.cpp.o[0m
[  8%] [32mBuilding CXX object CMakeFiles/listener_node.dir/src/listener_node.cpp.o[0m
[  8%] Built target base_demo_cpp__rosidl_generator_type_description
[  8%] Built target ament_cmake_python_copy_base_demo_cpp
[  8%] Built target base_demo_cpp__rs
[ 11%] [32mBuilding CXX object CMakeFiles/base_status_node.dir/src/base_status_node.cpp.o[0m
[ 13%] [32mBuilding CXX object CMakeFiles/cmd_vel_listener_node.dir/src/cmd_vel_listener_node.cpp.o[0m
[ 15%] [32m[1mLinking CXX executable base_status_node[0m
[ 17%] [32m[1mLinking CXX executable talker_node[0m
[ 17%] Built target base_status_node
[ 20%] [34m[1mGenerating C code for ROS interfaces[0m
[ 20%] Built target talker_node
[ 22%] [34m[1mGenerating C++ code for ROS interfaces[0m
[ 24%] [32mBuilding C object CMakeFiles/base_demo_cpp__rosidl_generator_c.dir/rosidl_generator_c/base_demo_cpp/msg/detail/base_status__description.c.o[0m
[ 24%] Built target base_demo_cpp__cpp
[ 26%] [32mBuilding C object CMakeFiles/base_demo_cpp__rosidl_generator_c.dir/rosidl_generator_c/base_demo_cpp/msg/detail/base_status__functions.c.o[0m
[ 28%] [32mBuilding C object CMakeFiles/base_demo_cpp__rosidl_generator_c.dir/rosidl_generator_c/base_demo_cpp/msg/detail/base_status__type_support.c.o[0m
[ 31%] [32m[1mLinking C shared library libbase_demo_cpp__rosidl_generator_c.so[0m
[ 31%] Built target base_demo_cpp__rosidl_generator_c
[ 33%] [34m[1mGenerating C type support for eProsima Fast-RTPS[0m
running egg_info
creating base_demo_cpp.egg-info
writing base_demo_cpp.egg-info/PKG-INFO
writing dependency_links to base_demo_cpp.egg-info/dependency_links.txt
writing top-level names to base_demo_cpp.egg-info/top_level.txt
writing manifest file 'base_demo_cpp.egg-info/SOURCES.txt'
reading manifest file 'base_demo_cpp.egg-info/SOURCES.txt'
writing manifest file 'base_demo_cpp.egg-info/SOURCES.txt'
[ 33%] Built target ament_cmake_python_build_base_demo_cpp_egg
[ 35%] [34m[1mGenerating C++ type support for eProsima Fast-RTPS[0m
[ 37%] [32mBuilding CXX object CMakeFiles/base_demo_cpp__rosidl_typesupport_fastrtps_c.dir/rosidl_typesupport_fastrtps_c/base_demo_cpp/msg/detail/base_status__type_support_c.cpp.o[0m
[ 40%] [32mBuilding CXX object CMakeFiles/base_demo_cpp__rosidl_typesupport_fastrtps_cpp.dir/rosidl_typesupport_fastrtps_cpp/base_demo_cpp/msg/detail/dds_fastrtps/base_status__type_support.cpp.o[0m
[ 42%] [32m[1mLinking CXX shared library libbase_demo_cpp__rosidl_typesupport_fastrtps_c.so[0m
[ 42%] Built target base_demo_cpp__rosidl_typesupport_fastrtps_c
[ 44%] [34m[1mGenerating C introspection for ROS interfaces[0m
[ 46%] [32m[1mLinking CXX shared library libbase_demo_cpp__rosidl_typesupport_fastrtps_cpp.so[0m
[ 46%] Built target base_demo_cpp__rosidl_typesupport_fastrtps_cpp
[ 48%] [34m[1mGenerating C type support dispatch for ROS interfaces[0m
[ 51%] [32mBuilding C object CMakeFiles/base_demo_cpp__rosidl_typesupport_introspection_c.dir/rosidl_typesupport_introspection_c/base_demo_cpp/msg/detail/base_status__type_support.c.o[0m
[ 53%] [32m[1mLinking C shared library libbase_demo_cpp__rosidl_typesupport_introspection_c.so[0m
[ 53%] Built target base_demo_cpp__rosidl_typesupport_introspection_c
[ 55%] [34m[1mGenerating C++ introspection for ROS interfaces[0m
[ 57%] [32mBuilding CXX object CMakeFiles/base_demo_cpp__rosidl_typesupport_c.dir/rosidl_typesupport_c/base_demo_cpp/msg/base_status__type_support.cpp.o[0m
[ 60%] [32m[1mLinking CXX shared library libbase_demo_cpp__rosidl_typesupport_c.so[0m
[ 60%] Built target base_demo_cpp__rosidl_typesupport_c
[ 62%] [34m[1mGenerating C++ type support dispatch for ROS interfaces[0m
[ 64%] [32mBuilding CXX object CMakeFiles/base_demo_cpp__rosidl_typesupport_introspection_cpp.dir/rosidl_typesupport_introspection_cpp/base_demo_cpp/msg/detail/base_status__type_support.cpp.o[0m
[ 66%] [32mBuilding CXX object CMakeFiles/base_demo_cpp__rosidl_typesupport_cpp.dir/rosidl_typesupport_cpp/base_demo_cpp/msg/base_status__type_support.cpp.o[0m
[ 68%] [32m[1mLinking CXX shared library libbase_demo_cpp__rosidl_typesupport_introspection_cpp.so[0m
[ 71%] [32m[1mLinking CXX shared library libbase_demo_cpp__rosidl_typesupport_cpp.so[0m
[ 71%] Built target base_demo_cpp__rosidl_typesupport_introspection_cpp
[ 71%] Built target base_demo_cpp__rosidl_typesupport_cpp
[ 71%] Built target base_demo_cpp
[ 73%] [32mBuilding CXX object CMakeFiles/base_node.dir/src/base_node.cpp.o[0m
[ 75%] [34m[1mGenerating Python code for ROS interfaces[0m
[ 75%] Built target base_demo_cpp__py
[ 77%] [32mBuilding C object CMakeFiles/base_demo_cpp__rosidl_generator_py.dir/rosidl_generator_py/base_demo_cpp/msg/_base_status_s.c.o[0m
[ 80%] [32m[1mLinking C shared library libbase_demo_cpp__rosidl_generator_py.so[0m
[ 80%] Built target base_demo_cpp__rosidl_generator_py
[ 82%] [32mBuilding C object CMakeFiles/base_demo_cpp_s__rosidl_typesupport_fastrtps_c.dir/rosidl_generator_py/base_demo_cpp/_base_demo_cpp_s.ep.rosidl_typesupport_fastrtps_c.c.o[0m
[ 84%] [32m[1mLinking C shared module rosidl_generator_py/base_demo_cpp/base_demo_cpp_s__rosidl_typesupport_fastrtps_c.so[0m
[ 84%] Built target base_demo_cpp_s__rosidl_typesupport_fastrtps_c
[ 86%] [32mBuilding C object CMakeFiles/base_demo_cpp_s__rosidl_typesupport_introspection_c.dir/rosidl_generator_py/base_demo_cpp/_base_demo_cpp_s.ep.rosidl_typesupport_introspection_c.c.o[0m
[ 88%] [32m[1mLinking CXX executable listener_node[0m
[ 91%] [32m[1mLinking CXX executable cmd_vel_listener_node[0m
[ 93%] [32m[1mLinking C shared module rosidl_generator_py/base_demo_cpp/base_demo_cpp_s__rosidl_typesupport_introspection_c.so[0m
[ 93%] Built target base_demo_cpp_s__rosidl_typesupport_introspection_c
[ 95%] [32mBuilding C object CMakeFiles/base_demo_cpp_s__rosidl_typesupport_c.dir/rosidl_generator_py/base_demo_cpp/_base_demo_cpp_s.ep.rosidl_typesupport_c.c.o[0m
[ 97%] [32m[1mLinking C shared module rosidl_generator_py/base_demo_cpp/base_demo_cpp_s__rosidl_typesupport_c.so[0m
[ 97%] Built target listener_node
[ 97%] Built target base_demo_cpp_s__rosidl_typesupport_c
[ 97%] Built target cmd_vel_listener_node
[01m[K/home/shu/ros2_ws/src/base_demo_cpp/src/base_node.cpp:53:23:[m[K [01;31m[Kerror: [m[K‘[01m[Kstd_msgs[m[K’ was not declared in this scope
   53 |     rclcpp::Publisher<[01;31m[Kstd_msgs[m[K::msg::String>::SharedPtr status_pub_;
      |                       [01;31m[K^~~~~~~~[m[K
[01m[K/home/shu/ros2_ws/src/base_demo_cpp/src/base_node.cpp:53:44:[m[K [01;31m[Kerror: [m[Ktemplate argument 1 is invalid
   53 |     rclcpp::Publisher<std_msgs::msg::String[01;31m[K>[m[K::SharedPtr status_pub_;
      |                                            [01;31m[K^[m[K
[01m[K/home/shu/ros2_ws/src/base_demo_cpp/src/base_node.cpp:53:47:[m[K [01;31m[Kerror: [m[Kexpected ‘[01m[K;[m[K’ at end of member declaration
   53 |     rclcpp::Publisher<std_msgs::msg::String>::[01;31m[KSharedPtr[m[K status_pub_;
      |                                               [01;31m[K^~~~~~~~~[m[K
      |                                                        [32m[K;[m[K
[01m[K/home/shu/ros2_ws/src/base_demo_cpp/src/base_node.cpp:53:57:[m[K [01;31m[Kerror: [m[K‘[01m[Kstatus_pub_[m[K’ does not name a type
   53 |     rclcpp::Publisher<std_msgs::msg::String>::SharedPtr [01;31m[Kstatus_pub_[m[K;
      |                                                         [01;31m[K^~~~~~~~~~~[m[K
[01m[K/home/shu/ros2_ws/src/base_demo_cpp/src/base_node.cpp:[m[K In member function ‘[01m[Kvoid BaseNode::[01;32m[KonTimer[m[K()[m[K’:
[01m[K/home/shu/ros2_ws/src/base_demo_cpp/src/base_node.cpp:260:9:[m[K [01;31m[Kerror: [m[K‘[01m[Kstd_msgs[m[K’ has not been declared
  260 |         [01;31m[Kstd_msgs[m[K::msg::String msg;
      |         [01;31m[K^~~~~~~~[m[K
[01m[K/home/shu/ros2_ws/src/base_demo_cpp/src/base_node.cpp:272:9:[m[K [01;31m[Kerror: [m[K‘[01m[Kmsg[m[K’ was not declared in this scope
  272 |         [01;31m[Kmsg[m[K.data = oss.str();
      |         [01;31m[K^~~[m[K
[01m[K/home/shu/ros2_ws/src/base_demo_cpp/src/base_node.cpp:272:9:[m[K [01;36m[Knote: [m[Ksuggested alternatives:
In file included from [01m[K/opt/ros/jazzy/include/rcl_interfaces/rcl_interfaces/srv/detail/list_parameters__struct.hpp:157[m[K,
                 from [01m[K/opt/ros/jazzy/include/rcl_interfaces/rcl_interfaces/srv/list_parameters.hpp:7[m[K,
                 from [01m[K/opt/ros/jazzy/include/rclcpp/rclcpp/copy_all_parameter_values.hpp:21[m[K,
                 from [01m[K/opt/ros/jazzy/include/rclcpp/rclcpp/rclcpp.hpp:171[m[K,
                 from [01m[K/home/shu/ros2_ws/src/base_demo_cpp/src/base_node.cpp:20[m[K:
[01m[K/opt/ros/jazzy/include/rcl_interfaces/rcl_interfaces/msg/detail/list_parameters_result__struct.hpp:31:11:[m[K [01;36m[Knote: [m[K  ‘[01m[Krcl_interfaces::msg[m[K’
   31 | namespace [01;36m[Kmsg[m[K
      |           [01;36m[K^~~[m[K
In file included from [01m[K/opt/ros/jazzy/include/service_msgs/service_msgs/msg/detail/service_event_info__struct.hpp:24[m[K,
                 from [01m[K/opt/ros/jazzy/include/rcl_interfaces/rcl_interfaces/srv/detail/list_parameters__struct.hpp:268[m[K:
[01m[K/opt/ros/jazzy/include/builtin_interfaces/builtin_interfaces/msg/detail/time__struct.hpp:31:11:[m[K [01;36m[Knote: [m[K  ‘[01m[Kbuiltin_interfaces::msg[m[K’
   31 | namespace [01;36m[Kmsg[m[K
      |           [01;36m[K^~~[m[K
[01m[K/opt/ros/jazzy/include/service_msgs/service_msgs/msg/detail/service_event_info__struct.hpp:35:11:[m[K [01;36m[Knote: [m[K  ‘[01m[Kservice_msgs::msg[m[K’
   35 | namespace [01;36m[Kmsg[m[K
      |           [01;36m[K^~~[m[K
In file included from [01m[K/opt/ros/jazzy/include/statistics_msgs/statistics_msgs/msg/detail/metrics_message__struct.hpp:27[m[K,
                 from [01m[K/opt/ros/jazzy/include/statistics_msgs/statistics_msgs/msg/metrics_message.hpp:7[m[K,
                 from [01m[K/opt/ros/jazzy/include/libstatistics_collector/libstatistics_collector/collector/generate_statistics_message.hpp:21[m[K,
                 from [01m[K/opt/ros/jazzy/include/rclcpp/rclcpp/topic_statistics/subscription_topic_statistics.hpp:23[m[K,
                 from [01m[K/opt/ros/jazzy/include/rclcpp/rclcpp/subscription.hpp:50[m[K,
                 from [01m[K/opt/ros/jazzy/include/rclcpp/rclcpp/any_executable.hpp:25[m[K,
                 from [01m[K/opt/ros/jazzy/include/rclcpp/rclcpp/memory_strategy.hpp:25[m[K,
                 from [01m[K/opt/ros/jazzy/include/rclcpp/rclcpp/memory_strategies.hpp:18[m[K,
                 from [01m[K/opt/ros/jazzy/include/rclcpp/rclcpp/executor_options.hpp:22[m[K,
                 from [01m[K/opt/ros/jazzy/include/rclcpp/rclcpp/executor.hpp:38[m[K,
                 from [01m[K/opt/ros/jazzy/include/rclcpp/rclcpp/executors/multi_threaded_executor.hpp:25[m[K,
                 from [01m[K/opt/ros/jazzy/include/rclcpp/rclcpp/executors.hpp:21[m[K,
                 from [01m[K/opt/ros/jazzy/include/rclcpp/rclcpp/rclcpp.hpp:172[m[K:
[01m[K/opt/ros/jazzy/include/statistics_msgs/statistics_msgs/msg/detail/statistic_data_point__struct.hpp:31:11:[m[K [01;36m[Knote: [m[K  ‘[01m[Kstatistics_msgs::msg[m[K’
   31 | namespace [01;36m[Kmsg[m[K
      |           [01;36m[K^~~[m[K
In file included from [01m[K/opt/ros/jazzy/include/geometry_msgs/geometry_msgs/msg/detail/twist__struct.hpp:25[m[K,
                 from [01m[K/opt/ros/jazzy/include/geometry_msgs/geometry_msgs/msg/twist.hpp:7[m[K,
                 from [01m[K/home/shu/ros2_ws/src/base_demo_cpp/src/base_node.cpp:21[m[K:
[01m[K/opt/ros/jazzy/include/geometry_msgs/geometry_msgs/msg/detail/vector3__struct.hpp:31:11:[m[K [01;36m[Knote: [m[K  ‘[01m[Kgeometry_msgs::msg[m[K’
   31 | namespace [01;36m[Kmsg[m[K
      |           [01;36m[K^~~[m[K
In file included from [01m[K/home/shu/ros2_ws/build/base_demo_cpp/rosidl_generator_cpp/base_demo_cpp/msg/base_status.hpp:7[m[K,
                 from [01m[K/home/shu/ros2_ws/src/base_demo_cpp/src/base_node.cpp:22[m[K:
[01m[K/home/shu/ros2_ws/build/base_demo_cpp/rosidl_generator_cpp/base_demo_cpp/msg/detail/base_status__struct.hpp:31:11:[m[K [01;36m[Knote: [m[K  ‘[01m[Kbase_demo_cpp::msg[m[K’
   31 | namespace [01;36m[Kmsg[m[K
      |           [01;36m[K^~~[m[K
[01m[K/home/shu/ros2_ws/src/base_demo_cpp/src/base_node.cpp:273:9:[m[K [01;31m[Kerror: [m[K‘[01m[Kstatus_pub_[m[K’ was not declared in this scope
  273 |         [01;31m[Kstatus_pub_[m[K->publish(msg);
      |         [01;31m[K^~~~~~~~~~~[m[K
[01m[K/home/shu/ros2_ws/src/base_demo_cpp/src/base_node.cpp:[m[K In constructor ‘[01m[KBaseNode::[01;32m[KBaseNode[m[K()[m[K’:
[01m[K/home/shu/ros2_ws/src/base_demo_cpp/src/base_node.cpp:413:9:[m[K [01;31m[Kerror: [m[K‘[01m[Kstatus_pub_[m[K’ was not declared in this scope
  413 |         [01;31m[Kstatus_pub_[m[K = this->create_publisher<std_msgs::msg::String>("/base/status", 10);
      |         [01;31m[K^~~~~~~~~~~[m[K
[01m[K/home/shu/ros2_ws/src/base_demo_cpp/src/base_node.cpp:413:46:[m[K [01;31m[Kerror: [m[K‘[01m[Kstd_msgs[m[K’ was not declared in this scope
  413 |         status_pub_ = this->create_publisher<[01;31m[Kstd_msgs[m[K::msg::String>("/base/status", 10);
      |                                              [01;31m[K^~~~~~~~[m[K
[01m[K/home/shu/ros2_ws/src/base_demo_cpp/src/base_node.cpp:413:29:[m[K [01;31m[Kerror: [m[Kparse error in template argument list
  413 |         status_pub_ = this->[01;31m[Kcreate_publisher<std_msgs::msg::String>[m[K("/base/status", 10);
      |                             [01;31m[K^~~~~~~~~~~~~~~~~~~~~~~~~~~~~~~~~~~~~~~[m[K
[01m[K/home/shu/ros2_ws/src/base_demo_cpp/src/base_node.cpp:413:68:[m[K [01;31m[Kerror: [m[Kno matching function for call to ‘[01m[KBaseNode::create_publisher<<expression error> >(const char [13], int)[m[K’
  413 |         status_pub_ = [01;31m[Kthis->create_publisher<std_msgs::msg::String>("/base/status", 10)[m[K;
      |                       [01;31m[K~~~~~~~~~~~~~~~~~~~~~~~~~~~~~~~~~~~~~~~~~~~~~^~~~~~~~~~~~~~~~~~~~[m[K
In file included from [01m[K/opt/ros/jazzy/include/rclcpp/rclcpp/executors/single_threaded_executor.hpp:28[m[K,
                 from [01m[K/opt/ros/jazzy/include/rclcpp/rclcpp/executors.hpp:22[m[K:
[01m[K/opt/ros/jazzy/include/rclcpp/rclcpp/node.hpp:197:3:[m[K [01;36m[Knote: [m[Kcandidate: ‘[01m[Ktemplate<class MessageT, class AllocatorT, class PublisherT> std::shared_ptr<PublisherT> rclcpp::Node::[01;32m[Kcreate_publisher[m[K(const std::string&, const rclcpp::QoS&, const rclcpp::PublisherOptionsWithAllocator<AllocatorT>&)[m[K’
  197 |   [01;36m[Kcreate_publisher[m[K(
      |   [01;36m[K^~~~~~~~~~~~~~~~[m[K
[01m[K/opt/ros/jazzy/include/rclcpp/rclcpp/node.hpp:197:3:[m[K [01;36m[Knote: [m[K  template argument deduction/substitution failed:
[01m[K/home/shu/ros2_ws/src/base_demo_cpp/src/base_node.cpp:413:68:[m[K [01;31m[Kerror: [m[Ktemplate argument 1 is invalid
  413 |         status_pub_ = [01;31m[Kthis->create_publisher<std_msgs::msg::String>("/base/status", 10)[m[K;
      |                       [01;31m[K~~~~~~~~~~~~~~~~~~~~~~~~~~~~~~~~~~~~~~~~~~~~~^~~~~~~~~~~~~~~~~~~~[m[K
gmake[2]: *** [CMakeFiles/base_node.dir/build.make:76：CMakeFiles/base_node.dir/src/base_node.cpp.o] 错误 1
gmake[1]: *** [CMakeFiles/Makefile2:756：CMakeFiles/base_node.dir/all] 错误 2
gmake: *** [Makefile:146：all] 错误 2
