-- Found ament_cmake: 2.5.6 (/opt/ros/jazzy/share/ament_cmake/cmake)
-- Found rclcpp: 28.1.18 (/opt/ros/jazzy/share/rclcpp/cmake)
-- Found rosidl_generator_c: 4.6.7 (/opt/ros/jazzy/share/rosidl_generator_c/cmake)
-- Found rosidl_generator_cpp: 4.6.7 (/opt/ros/jazzy/share/rosidl_generator_cpp/cmake)
-- Using all available rosidl_typesupport_c: rosidl_typesupport_fastrtps_c;rosidl_typesupport_introspection_c
-- Using all available rosidl_typesupport_cpp: rosidl_typesupport_fastrtps_cpp;rosidl_typesupport_introspection_cpp
-- Found rmw_implementation_cmake: 7.3.3 (/opt/ros/jazzy/share/rmw_implementation_cmake/cmake)
-- Found rmw_fastrtps_cpp: 8.4.3 (/opt/ros/jazzy/share/rmw_fastrtps_cpp/cmake)
-- Using RMW implementation 'rmw_fastrtps_cpp' as default
-- Found std_msgs: 5.3.7 (/opt/ros/jazzy/share/std_msgs/cmake)
-- Found geometry_msgs: 5.3.7 (/opt/ros/jazzy/share/geometry_msgs/cmake)
-- Found rosidl_default_generators: 1.6.0 (/opt/ros/jazzy/share/rosidl_default_generators/cmake)
-- Found rosidl_adapter: 4.6.7 (/opt/ros/jazzy/share/rosidl_adapter/cmake)
-- Found ament_cmake_ros: 0.12.0 (/opt/ros/jazzy/share/ament_cmake_ros/cmake)
-- Using all available rosidl_typesupport_c: rosidl_typesupport_fastrtps_c;rosidl_typesupport_introspection_c
-- Using all available rosidl_typesupport_cpp: rosidl_typesupport_fastrtps_cpp;rosidl_typesupport_introspection_cpp
-- Found python_cmake_module: 0.11.1 (/opt/ros/jazzy/share/python_cmake_module/cmake)
-- Found PythonExtra: /usr/bin/python3  
-- Found Python3: /usr/bin/python3 (found version "3.12.3") found components: Interpreter Development NumPy Development.Module Development.Embed 
-- Found Python3: /usr/bin/python3 (found version "3.12.3") found components: Interpreter 
-- Found ament_lint_auto: 0.17.5 (/opt/ros/jazzy/share/ament_lint_auto/cmake)
-- Added test 'cppcheck' to perform static code analysis on C / C++ code
-- Configured cppcheck include dirs: 
-- Configured cppcheck exclude dirs and/or files: 
-- Added test 'lint_cmake' to check CMake code style
-- Added test 'uncrustify' to check C / C++ code style
-- Configured uncrustify additional arguments: 
-- Added test 'xmllint' to check XML markup files
-- Configuring done (2.3s)
-- Generating done (0.0s)
-- Build files have been written to: /home/shu/ros2_ws/build/base_demo_cpp
[  2%] [34m[1mGenerating type hashes for ROS interfaces[0m
[  4%] [34m[1mGenerating Rust code for ROS interfaces[0m
[  6%] [32mBuilding CXX object CMakeFiles/talker_node.dir/src/talker_node.cpp.o[0m
[  8%] [32mBuilding CXX object CMakeFiles/listener_node.dir/src/listener_node.cpp.o[0m
[  8%] Built target base_demo_cpp__rosidl_generator_type_description
[  8%] Built target ament_cmake_python_copy_base_demo_cpp
[  8%] Built target base_demo_cpp__rs
[ 11%] [32mBuilding CXX object CMakeFiles/base_status_node.dir/src/base_status_node.cpp.o[0m
[ 13%] [32mBuilding CXX object CMakeFiles/cmd_vel_listener_node.dir/src/cmd_vel_listener_node.cpp.o[0m
[ 15%] [32m[1mLinking CXX executable base_status_node[0m
[ 17%] [32m[1mLinking CXX executable talker_node[0m
[ 17%] Built target base_status_node
[ 20%] [34m[1mGenerating C code for ROS interfaces[0m
[ 20%] Built target talker_node
[ 22%] [34m[1mGenerating C++ code for ROS interfaces[0m
[ 24%] [32mBuilding C object CMakeFiles/base_demo_cpp__rosidl_generator_c.dir/rosidl_generator_c/base_demo_cpp/msg/detail/base_status__description.c.o[0m
[ 24%] Built target base_demo_cpp__cpp
[ 26%] [32mBuilding C object CMakeFiles/base_demo_cpp__rosidl_generator_c.dir/rosidl_generator_c/base_demo_cpp/msg/detail/base_status__functions.c.o[0m
[ 28%] [32mBuilding C object CMakeFiles/base_demo_cpp__rosidl_generator_c.dir/rosidl_generator_c/base_demo_cpp/msg/detail/base_status__type_support.c.o[0m
[ 31%] [32m[1mLinking C shared library libbase_demo_cpp__rosidl_generator_c.so[0m
[ 31%] Built target base_demo_cpp__rosidl_generator_c
[ 33%] [34m[1mGenerating C type support for eProsima Fast-RTPS[0m
running egg_info
creating base_demo_cpp.egg-info
writing base_demo_cpp.egg-info/PKG-INFO
writing dependency_links to base_demo_cpp.egg-info/dependency_links.txt
writing top-level names to base_demo_cpp.egg-info/top_level.txt
writing manifest file 'base_demo_cpp.egg-info/SOURCES.txt'
reading manifest file 'base_demo_cpp.egg-info/SOURCES.txt'
writing manifest file 'base_demo_cpp.egg-info/SOURCES.txt'
[ 33%] Built target ament_cmake_python_build_base_demo_cpp_egg
[ 35%] [34m[1mGenerating C++ type support for eProsima Fast-RTPS[0m
[ 37%] [32mBuilding CXX object CMakeFiles/base_demo_cpp__rosidl_typesupport_fastrtps_c.dir/rosidl_typesupport_fastrtps_c/base_demo_cpp/msg/detail/base_status__type_support_c.cpp.o[0m
[ 40%] [32mBuilding CXX object CMakeFiles/base_demo_cpp__rosidl_typesupport_fastrtps_cpp.dir/rosidl_typesupport_fastrtps_cpp/base_demo_cpp/msg/detail/dds_fastrtps/base_status__type_support.cpp.o[0m
[ 42%] [32m[1mLinking CXX shared library libbase_demo_cpp__rosidl_typesupport_fastrtps_c.so[0m
[ 42%] Built target base_demo_cpp__rosidl_typesupport_fastrtps_c
[ 44%] [34m[1mGenerating C introspection for ROS interfaces[0m
[ 46%] [32m[1mLinking CXX shared library libbase_demo_cpp__rosidl_typesupport_fastrtps_cpp.so[0m
[ 46%] Built target base_demo_cpp__rosidl_typesupport_fastrtps_cpp
[ 48%] [34m[1mGenerating C type support dispatch for ROS interfaces[0m
[ 51%] [32mBuilding C object CMakeFiles/base_demo_cpp__rosidl_typesupport_introspection_c.dir/rosidl_typesupport_introspection_c/base_demo_cpp/msg/detail/base_status__type_support.c.o[0m
[ 53%] [32m[1mLinking C shared library libbase_demo_cpp__rosidl_typesupport_introspection_c.so[0m
[ 53%] Built target base_demo_cpp__rosidl_typesupport_introspection_c
[ 55%] [34m[1mGenerating C++ introspection for ROS interfaces[0m
[ 57%] [32mBuilding CXX object CMakeFiles/base_demo_cpp__rosidl_typesupport_c.dir/rosidl_typesupport_c/base_demo_cpp/msg/base_status__type_support.cpp.o[0m
[ 60%] [32m[1mLinking CXX shared library libbase_demo_cpp__rosidl_typesupport_c.so[0m
[ 60%] Built target base_demo_cpp__rosidl_typesupport_c
[ 62%] [34m[1mGenerating C++ type support dispatch for ROS interfaces[0m
[ 64%] [32mBuilding CXX object CMakeFiles/base_demo_cpp__rosidl_typesupport_introspection_cpp.dir/rosidl_typesupport_introspection_cpp/base_demo_cpp/msg/detail/base_status__type_support.cpp.o[0m
[ 66%] [32mBuilding CXX object CMakeFiles/base_demo_cpp__rosidl_typesupport_cpp.dir/rosidl_typesupport_cpp/base_demo_cpp/msg/base_status__type_support.cpp.o[0m
[ 68%] [32m[1mLinking CXX shared library libbase_demo_cpp__rosidl_typesupport_introspection_cpp.so[0m
[ 71%] [32m[1mLinking CXX shared library libbase_demo_cpp__rosidl_typesupport_cpp.so[0m
[ 71%] Built target base_demo_cpp__rosidl_typesupport_introspection_cpp
[ 71%] Built target base_demo_cpp__rosidl_typesupport_cpp
[ 71%] Built target base_demo_cpp
[ 73%] [32mBuilding CXX object CMakeFiles/base_node.dir/src/base_node.cpp.o[0m
[ 75%] [34m[1mGenerating Python code for ROS interfaces[0m
[ 75%] Built target base_demo_cpp__py
[ 77%] [32mBuilding C object CMakeFiles/base_demo_cpp__rosidl_generator_py.dir/rosidl_generator_py/base_demo_cpp/msg/_base_status_s.c.o[0m
[ 80%] [32m[1mLinking C shared library libbase_demo_cpp__rosidl_generator_py.so[0m
[ 80%] Built target base_demo_cpp__rosidl_generator_py
[ 82%] [32mBuilding C object CMakeFiles/base_demo_cpp_s__rosidl_typesupport_fastrtps_c.dir/rosidl_generator_py/base_demo_cpp/_base_demo_cpp_s.ep.rosidl_typesupport_fastrtps_c.c.o[0m
[ 84%] [32m[1mLinking C shared module rosidl_generator_py/base_demo_cpp/base_demo_cpp_s__rosidl_typesupport_fastrtps_c.so[0m
[ 84%] Built target base_demo_cpp_s__rosidl_typesupport_fastrtps_c
[ 86%] [32mBuilding C object CMakeFiles/base_demo_cpp_s__rosidl_typesupport_introspection_c.dir/rosidl_generator_py/base_demo_cpp/_base_demo_cpp_s.ep.rosidl_typesupport_introspection_c.c.o[0m
[ 88%] [32m[1mLinking CXX executable listener_node[0m
[ 91%] [32m[1mLinking CXX executable cmd_vel_listener_node[0m
[ 93%] [32m[1mLinking C shared module rosidl_generator_py/base_demo_cpp/base_demo_cpp_s__rosidl_typesupport_introspection_c.so[0m
[ 93%] Built target base_demo_cpp_s__rosidl_typesupport_introspection_c
[ 95%] [32mBuilding C object CMakeFiles/base_demo_cpp_s__rosidl_typesupport_c.dir/rosidl_generator_py/base_demo_cpp/_base_demo_cpp_s.ep.rosidl_typesupport_c.c.o[0m
[ 97%] [32m[1mLinking C shared module rosidl_generator_py/base_demo_cpp/base_demo_cpp_s__rosidl_typesupport_c.so[0m
[ 97%] Built target listener_node
[ 97%] Built target base_demo_cpp_s__rosidl_typesupport_c
[ 97%] Built target cmd_vel_listener_node
