[0.011s] Invoking command in '/home/shu/ros2_ws/build/base_demo_cpp': CMAKE_PREFIX_PATH=${CMAKE_PREFIX_PATH}:/opt/ros/jazzy DEBUGINFOD_URLS=https://debuginfod.ubuntu.com /usr/bin/cmake --build /home/shu/ros2_ws/build/base_demo_cpp -- -j4 -l4
[0.092s] -- Found ament_cmake: 2.5.6 (/opt/ros/jazzy/share/ament_cmake/cmake)
[0.364s] -- Found rclcpp: 28.1.18 (/opt/ros/jazzy/share/rclcpp/cmake)
[0.405s] -- Found rosidl_generator_c: 4.6.7 (/opt/ros/jazzy/share/rosidl_generator_c/cmake)
[0.415s] -- Found rosidl_generator_cpp: 4.6.7 (/opt/ros/jazzy/share/rosidl_generator_cpp/cmake)
[0.430s] -- Using all available rosidl_typesupport_c: rosidl_typesupport_fastrtps_c;rosidl_typesupport_introspection_c
[0.447s] -- Using all available rosidl_typesupport_cpp: rosidl_typesupport_fastrtps_cpp;rosidl_typesupport_introspection_cpp
[0.520s] -- Found rmw_implementation_cmake: 7.3.3 (/opt/ros/jazzy/share/rmw_implementation_cmake/cmake)
[0.523s] -- Found rmw_fastrtps_cpp: 8.4.3 (/opt/ros/jazzy/share/rmw_fastrtps_cpp/cmake)
[0.584s] -- Using RMW implementation 'rmw_fastrtps_cpp' as default
[0.649s] -- Found std_msgs: 5.3.7 (/opt/ros/jazzy/share/std_msgs/cmake)
[0.664s] -- Found geometry_msgs: 5.3.7 (/opt/ros/jazzy/share/geometry_msgs/cmake)
[0.681s] -- Found rosidl_default_generators: 1.6.0 (/opt/ros/jazzy/share/rosidl_default_generators/cmake)
[0.698s] -- Found rosidl_adapter: 4.6.7 (/opt/ros/jazzy/share/rosidl_adapter/cmake)
[1.103s] -- Found ament_cmake_ros: 0.12.0 (/opt/ros/jazzy/share/ament_cmake_ros/cmake)
[1.617s] -- Using all available rosidl_typesupport_c: rosidl_typesupport_fastrtps_c;rosidl_typesupport_introspection_c
[1.826s] -- Using all available rosidl_typesupport_cpp: rosidl_typesupport_fastrtps_cpp;rosidl_typesupport_introspection_cpp
[1.830s] -- Found python_cmake_module: 0.11.1 (/opt/ros/jazzy/share/python_cmake_module/cmake)
[1.926s] -- Found PythonExtra: /usr/bin/python3  
[2.310s] -- Found Python3: /usr/bin/python3 (found version "3.12.3") found components: Interpreter Development NumPy Development.Module Development.Embed 
[2.360s] -- Found Python3: /usr/bin/python3 (found version "3.12.3") found components: Interpreter 
[2.363s] -- Found ament_lint_auto: 0.17.5 (/opt/ros/jazzy/share/ament_lint_auto/cmake)
[2.387s] -- Added test 'cppcheck' to perform static code analysis on C / C++ code
[2.387s] -- Configured cppcheck include dirs: 
[2.387s] -- Configured cppcheck exclude dirs and/or files: 
[2.388s] -- Added test 'lint_cmake' to check CMake code style
[2.389s] -- Added test 'uncrustify' to check C / C++ code style
[2.389s] -- Configured uncrustify additional arguments: 
[2.390s] -- Added test 'xmllint' to check XML markup files
[2.393s] -- Configuring done (2.3s)
[2.443s] -- Generating done (0.0s)
[2.457s] -- Build files have been written to: /home/shu/ros2_ws/build/base_demo_cpp
[2.485s] [  2%] [34m[1mGenerating type hashes for ROS interfaces[0m
[2.485s] [  4%] [34m[1mGenerating Rust code for ROS interfaces[0m
[2.492s] [  6%] [32mBuilding CXX object CMakeFiles/talker_node.dir/src/talker_node.cpp.o[0m
[2.497s] [  8%] [32mBuilding CXX object CMakeFiles/listener_node.dir/src/listener_node.cpp.o[0m
[2.631s] [  8%] Built target base_demo_cpp__rosidl_generator_type_description
[2.649s] [  8%] Built target ament_cmake_python_copy_base_demo_cpp
[2.665s] [  8%] Built target base_demo_cpp__rs
[2.667s] [ 11%] [32mBuilding CXX object CMakeFiles/base_status_node.dir/src/base_status_node.cpp.o[0m
[2.687s] [ 13%] [32mBuilding CXX object CMakeFiles/cmd_vel_listener_node.dir/src/cmd_vel_listener_node.cpp.o[0m
[7.940s] [ 15%] [32m[1mLinking CXX executable base_status_node[0m
[8.110s] [ 17%] [32m[1mLinking CXX executable talker_node[0m
[8.225s] [ 17%] Built target base_status_node
[8.249s] [ 20%] [34m[1mGenerating C code for ROS interfaces[0m
[8.259s] [ 20%] Built target talker_node
[8.280s] [ 22%] [34m[1mGenerating C++ code for ROS interfaces[0m
[8.499s] [ 24%] [32mBuilding C object CMakeFiles/base_demo_cpp__rosidl_generator_c.dir/rosidl_generator_c/base_demo_cpp/msg/detail/base_status__description.c.o[0m
[8.519s] [ 24%] Built target base_demo_cpp__cpp
[8.558s] [ 26%] [32mBuilding C object CMakeFiles/base_demo_cpp__rosidl_generator_c.dir/rosidl_generator_c/base_demo_cpp/msg/detail/base_status__functions.c.o[0m
[8.590s] [ 28%] [32mBuilding C object CMakeFiles/base_demo_cpp__rosidl_generator_c.dir/rosidl_generator_c/base_demo_cpp/msg/detail/base_status__type_support.c.o[0m
[8.610s] [ 31%] [32m[1mLinking C shared library libbase_demo_cpp__rosidl_generator_c.so[0m
[8.639s] [ 31%] Built target base_demo_cpp__rosidl_generator_c
[8.650s] [ 33%] [34m[1mGenerating C type support for eProsima Fast-RTPS[0m
[8.740s] running egg_info
[8.741s] creating base_demo_cpp.egg-info
[8.752s] writing base_demo_cpp.egg-info/PKG-INFO
[8.754s] writing dependency_links to base_demo_cpp.egg-info/dependency_links.txt
[8.754s] writing top-level names to base_demo_cpp.egg-info/top_level.txt
[8.754s] writing manifest file 'base_demo_cpp.egg-info/SOURCES.txt'
[8.785s] reading manifest file 'base_demo_cpp.egg-info/SOURCES.txt'
[8.786s] writing manifest file 'base_demo_cpp.egg-info/SOURCES.txt'
[8.808s] [ 33%] Built target ament_cmake_python_build_base_demo_cpp_egg
[8.816s] [ 35%] [34m[1mGenerating C++ type support for eProsima Fast-RTPS[0m
[8.845s] [ 37%] [32mBuilding CXX object CMakeFiles/base_demo_cpp__rosidl_typesupport_fastrtps_c.dir/rosidl_typesupport_fastrtps_c/base_demo_cpp/msg/detail/base_status__type_support_c.cpp.o[0m
[8.986s] [ 40%] [32mBuilding CXX object CMakeFiles/base_demo_cpp__rosidl_typesupport_fastrtps_cpp.dir/rosidl_typesupport_fastrtps_cpp/base_demo_cpp/msg/detail/dds_fastrtps/base_status__type_support.cpp.o[0m
[9.170s] [ 42%] [32m[1mLinking CXX shared library libbase_demo_cpp__rosidl_typesupport_fastrtps_c.so[0m
[9.219s] [ 42%] Built target base_demo_cpp__rosidl_typesupport_fastrtps_c
[9.225s] [ 44%] [34m[1mGenerating C introspection for ROS interfaces[0m
[9.281s] [ 46%] [32m[1mLinking CXX shared library libbase_demo_cpp__rosidl_typesupport_fastrtps_cpp.so[0m
[9.330s] [ 46%] Built target base_demo_cpp__rosidl_typesupport_fastrtps_cpp
[9.339s] [ 48%] [34m[1mGenerating C type support dispatch for ROS interfaces[0m
[9.432s] [ 51%] [32mBuilding C object CMakeFiles/base_demo_cpp__rosidl_typesupport_introspection_c.dir/rosidl_typesupport_introspection_c/base_demo_cpp/msg/detail/base_status__type_support.c.o[0m
[9.465s] [ 53%] [32m[1mLinking C shared library libbase_demo_cpp__rosidl_typesupport_introspection_c.so[0m
[9.496s] [ 53%] Built target base_demo_cpp__rosidl_typesupport_introspection_c
[9.504s] [ 55%] [34m[1mGenerating C++ introspection for ROS interfaces[0m
[9.514s] [ 57%] [32mBuilding CXX object CMakeFiles/base_demo_cpp__rosidl_typesupport_c.dir/rosidl_typesupport_c/base_demo_cpp/msg/base_status__type_support.cpp.o[0m
[9.543s] [ 60%] [32m[1mLinking CXX shared library libbase_demo_cpp__rosidl_typesupport_c.so[0m
[9.582s] [ 60%] Built target base_demo_cpp__rosidl_typesupport_c
[9.590s] [ 62%] [34m[1mGenerating C++ type support dispatch for ROS interfaces[0m
[9.689s] [ 64%] [32mBuilding CXX object CMakeFiles/base_demo_cpp__rosidl_typesupport_introspection_cpp.dir/rosidl_typesupport_introspection_cpp/base_demo_cpp/msg/detail/base_status__type_support.cpp.o[0m
[9.745s] [ 66%] [32mBuilding CXX object CMakeFiles/base_demo_cpp__rosidl_typesupport_cpp.dir/rosidl_typesupport_cpp/base_demo_cpp/msg/base_status__type_support.cpp.o[0m
[9.913s] [ 68%] [32m[1mLinking CXX shared library libbase_demo_cpp__rosidl_typesupport_introspection_cpp.so[0m
[9.946s] [ 71%] [32m[1mLinking CXX shared library libbase_demo_cpp__rosidl_typesupport_cpp.so[0m
[9.970s] [ 71%] Built target base_demo_cpp__rosidl_typesupport_introspection_cpp
[9.979s] [ 71%] Built target base_demo_cpp__rosidl_typesupport_cpp
[9.992s] [ 71%] Built target base_demo_cpp
[10.001s] [ 73%] [32mBuilding CXX object CMakeFiles/base_node.dir/src/base_node.cpp.o[0m
[10.008s] [ 75%] [34m[1mGenerating Python code for ROS interfaces[0m
[10.225s] [ 75%] Built target base_demo_cpp__py
[10.240s] [ 77%] [32mBuilding C object CMakeFiles/base_demo_cpp__rosidl_generator_py.dir/rosidl_generator_py/base_demo_cpp/msg/_base_status_s.c.o[0m
[10.373s] [ 80%] [32m[1mLinking C shared library libbase_demo_cpp__rosidl_generator_py.so[0m
[10.407s] [ 80%] Built target base_demo_cpp__rosidl_generator_py
[10.420s] [ 82%] [32mBuilding C object CMakeFiles/base_demo_cpp_s__rosidl_typesupport_fastrtps_c.dir/rosidl_generator_py/base_demo_cpp/_base_demo_cpp_s.ep.rosidl_typesupport_fastrtps_c.c.o[0m
[10.488s] [ 84%] [32m[1mLinking C shared module rosidl_generator_py/base_demo_cpp/base_demo_cpp_s__rosidl_typesupport_fastrtps_c.so[0m
[10.511s] [ 84%] Built target base_demo_cpp_s__rosidl_typesupport_fastrtps_c
[10.531s] [ 86%] [32mBuilding C object CMakeFiles/base_demo_cpp_s__rosidl_typesupport_introspection_c.dir/rosidl_generator_py/base_demo_cpp/_base_demo_cpp_s.ep.rosidl_typesupport_introspection_c.c.o[0m
[10.537s] [ 88%] [32m[1mLinking CXX executable listener_node[0m
[10.548s] [ 91%] [32m[1mLinking CXX executable cmd_vel_listener_node[0m
[10.603s] [ 93%] [32m[1mLinking C shared module rosidl_generator_py/base_demo_cpp/base_demo_cpp_s__rosidl_typesupport_introspection_c.so[0m
[10.625s] [ 93%] Built target base_demo_cpp_s__rosidl_typesupport_introspection_c
[10.641s] [ 95%] [32mBuilding C object CMakeFiles/base_demo_cpp_s__rosidl_typesupport_c.dir/rosidl_generator_py/base_demo_cpp/_base_demo_cpp_s.ep.rosidl_typesupport_c.c.o[0m
[10.723s] [ 97%] [32m[1mLinking C shared module rosidl_generator_py/base_demo_cpp/base_demo_cpp_s__rosidl_typesupport_c.so[0m
[10.748s] [ 97%] Built target listener_node
[10.751s] [ 97%] Built target base_demo_cpp_s__rosidl_typesupport_c
[10.756s] [ 97%] Built target cmd_vel_listener_node
[11.601s] [01m[K/home/shu/ros2_ws/src/base_demo_cpp/src/base_node.cpp:53:23:[m[K [01;31m[Kerror: [m[K‘[01m[Kstd_msgs[m[K’ was not declared in this scope
[11.601s]    53 |     rclcpp::Publisher<[01;31m[Kstd_msgs[m[K::msg::String>::SharedPtr status_pub_;
[11.601s]       |                       [01;31m[K^~~~~~~~[m[K
[11.601s] [01m[K/home/shu/ros2_ws/src/base_demo_cpp/src/base_node.cpp:53:44:[m[K [01;31m[Kerror: [m[Ktemplate argument 1 is invalid
[11.601s]    53 |     rclcpp::Publisher<std_msgs::msg::String[01;31m[K>[m[K::SharedPtr status_pub_;
[11.601s]       |                                            [01;31m[K^[m[K
[11.602s] [01m[K/home/shu/ros2_ws/src/base_demo_cpp/src/base_node.cpp:53:47:[m[K [01;31m[Kerror: [m[Kexpected ‘[01m[K;[m[K’ at end of member declaration
[11.602s]    53 |     rclcpp::Publisher<std_msgs::msg::String>::[01;31m[KSharedPtr[m[K status_pub_;
[11.602s]       |                                               [01;31m[K^~~~~~~~~[m[K
[11.602s]       |                                                        [32m[K;[m[K
[11.603s] [01m[K/home/shu/ros2_ws/src/base_demo_cpp/src/base_node.cpp:53:57:[m[K [01;31m[Kerror: [m[K‘[01m[Kstatus_pub_[m[K’ does not name a type
[11.603s]    53 |     rclcpp::Publisher<std_msgs::msg::String>::SharedPtr [01;31m[Kstatus_pub_[m[K;
[11.603s]       |                                                         [01;31m[K^~~~~~~~~~~[m[K
[11.622s] [01m[K/home/shu/ros2_ws/src/base_demo_cpp/src/base_node.cpp:[m[K In member function ‘[01m[Kvoid BaseNode::[01;32m[KonTimer[m[K()[m[K’:
[11.622s] [01m[K/home/shu/ros2_ws/src/base_demo_cpp/src/base_node.cpp:260:9:[m[K [01;31m[Kerror: [m[K‘[01m[Kstd_msgs[m[K’ has not been declared
[11.622s]   260 |         [01;31m[Kstd_msgs[m[K::msg::String msg;
[11.622s]       |         [01;31m[K^~~~~~~~[m[K
[11.623s] [01m[K/home/shu/ros2_ws/src/base_demo_cpp/src/base_node.cpp:272:9:[m[K [01;31m[Kerror: [m[K‘[01m[Kmsg[m[K’ was not declared in this scope
[11.623s]   272 |         [01;31m[Kmsg[m[K.data = oss.str();
[11.623s]       |         [01;31m[K^~~[m[K
[11.624s] [01m[K/home/shu/ros2_ws/src/base_demo_cpp/src/base_node.cpp:272:9:[m[K [01;36m[Knote: [m[Ksuggested alternatives:
[11.624s] In file included from [01m[K/opt/ros/jazzy/include/rcl_interfaces/rcl_interfaces/srv/detail/list_parameters__struct.hpp:157[m[K,
[11.625s]                  from [01m[K/opt/ros/jazzy/include/rcl_interfaces/rcl_interfaces/srv/list_parameters.hpp:7[m[K,
[11.625s]                  from [01m[K/opt/ros/jazzy/include/rclcpp/rclcpp/copy_all_parameter_values.hpp:21[m[K,
[11.625s]                  from [01m[K/opt/ros/jazzy/include/rclcpp/rclcpp/rclcpp.hpp:171[m[K,
[11.625s]                  from [01m[K/home/shu/ros2_ws/src/base_demo_cpp/src/base_node.cpp:20[m[K:
[11.625s] [01m[K/opt/ros/jazzy/include/rcl_interfaces/rcl_interfaces/msg/detail/list_parameters_result__struct.hpp:31:11:[m[K [01;36m[Knote: [m[K  ‘[01m[Krcl_interfaces::msg[m[K’
[11.625s]    31 | namespace [01;36m[Kmsg[m[K
[11.625s]       |           [01;36m[K^~~[m[K
[11.625s] In file included from [01m[K/opt/ros/jazzy/include/service_msgs/service_msgs/msg/detail/service_event_info__struct.hpp:24[m[K,
[11.625s]                  from [01m[K/opt/ros/jazzy/include/rcl_interfaces/rcl_interfaces/srv/detail/list_parameters__struct.hpp:268[m[K:
[11.625s] [01m[K/opt/ros/jazzy/include/builtin_interfaces/builtin_interfaces/msg/detail/time__struct.hpp:31:11:[m[K [01;36m[Knote: [m[K  ‘[01m[Kbuiltin_interfaces::msg[m[K’
[11.625s]    31 | namespace [01;36m[Kmsg[m[K
[11.625s]       |           [01;36m[K^~~[m[K
[11.625s] [01m[K/opt/ros/jazzy/include/service_msgs/service_msgs/msg/detail/service_event_info__struct.hpp:35:11:[m[K [01;36m[Knote: [m[K  ‘[01m[Kservice_msgs::msg[m[K’
[11.626s]    35 | namespace [01;36m[Kmsg[m[K
[11.626s]       |           [01;36m[K^~~[m[K
[11.626s] In file included from [01m[K/opt/ros/jazzy/include/statistics_msgs/statistics_msgs/msg/detail/metrics_message__struct.hpp:27[m[K,
[11.626s]                  from [01m[K/opt/ros/jazzy/include/statistics_msgs/statistics_msgs/msg/metrics_message.hpp:7[m[K,
[11.626s]                  from [01m[K/opt/ros/jazzy/include/libstatistics_collector/libstatistics_collector/collector/generate_statistics_message.hpp:21[m[K,
[11.626s]                  from [01m[K/opt/ros/jazzy/include/rclcpp/rclcpp/topic_statistics/subscription_topic_statistics.hpp:23[m[K,
[11.626s]                  from [01m[K/opt/ros/jazzy/include/rclcpp/rclcpp/subscription.hpp:50[m[K,
[11.626s]                  from [01m[K/opt/ros/jazzy/include/rclcpp/rclcpp/any_executable.hpp:25[m[K,
[11.626s]                  from [01m[K/opt/ros/jazzy/include/rclcpp/rclcpp/memory_strategy.hpp:25[m[K,
[11.626s]                  from [01m[K/opt/ros/jazzy/include/rclcpp/rclcpp/memory_strategies.hpp:18[m[K,
[11.626s]                  from [01m[K/opt/ros/jazzy/include/rclcpp/rclcpp/executor_options.hpp:22[m[K,
[11.626s]                  from [01m[K/opt/ros/jazzy/include/rclcpp/rclcpp/executor.hpp:38[m[K,
[11.626s]                  from [01m[K/opt/ros/jazzy/include/rclcpp/rclcpp/executors/multi_threaded_executor.hpp:25[m[K,
[11.626s]                  from [01m[K/opt/ros/jazzy/include/rclcpp/rclcpp/executors.hpp:21[m[K,
[11.626s]                  from [01m[K/opt/ros/jazzy/include/rclcpp/rclcpp/rclcpp.hpp:172[m[K:
[11.626s] [01m[K/opt/ros/jazzy/include/statistics_msgs/statistics_msgs/msg/detail/statistic_data_point__struct.hpp:31:11:[m[K [01;36m[Knote: [m[K  ‘[01m[Kstatistics_msgs::msg[m[K’
[11.627s]    31 | namespace [01;36m[Kmsg[m[K
[11.627s]       |           [01;36m[K^~~[m[K
[11.627s] In file included from [01m[K/opt/ros/jazzy/include/geometry_msgs/geometry_msgs/msg/detail/twist__struct.hpp:25[m[K,
[11.627s]                  from [01m[K/opt/ros/jazzy/include/geometry_msgs/geometry_msgs/msg/twist.hpp:7[m[K,
[11.627s]                  from [01m[K/home/shu/ros2_ws/src/base_demo_cpp/src/base_node.cpp:21[m[K:
[11.627s] [01m[K/opt/ros/jazzy/include/geometry_msgs/geometry_msgs/msg/detail/vector3__struct.hpp:31:11:[m[K [01;36m[Knote: [m[K  ‘[01m[Kgeometry_msgs::msg[m[K’
[11.627s]    31 | namespace [01;36m[Kmsg[m[K
[11.627s]       |           [01;36m[K^~~[m[K
[11.627s] In file included from [01m[K/home/shu/ros2_ws/build/base_demo_cpp/rosidl_generator_cpp/base_demo_cpp/msg/base_status.hpp:7[m[K,
[11.627s]                  from [01m[K/home/shu/ros2_ws/src/base_demo_cpp/src/base_node.cpp:22[m[K:
[11.627s] [01m[K/home/shu/ros2_ws/build/base_demo_cpp/rosidl_generator_cpp/base_demo_cpp/msg/detail/base_status__struct.hpp:31:11:[m[K [01;36m[Knote: [m[K  ‘[01m[Kbase_demo_cpp::msg[m[K’
[11.627s]    31 | namespace [01;36m[Kmsg[m[K
[11.627s]       |           [01;36m[K^~~[m[K
[11.630s] [01m[K/home/shu/ros2_ws/src/base_demo_cpp/src/base_node.cpp:273:9:[m[K [01;31m[Kerror: [m[K‘[01m[Kstatus_pub_[m[K’ was not declared in this scope
[11.630s]   273 |         [01;31m[Kstatus_pub_[m[K->publish(msg);
[11.630s]       |         [01;31m[K^~~~~~~~~~~[m[K
[11.645s] [01m[K/home/shu/ros2_ws/src/base_demo_cpp/src/base_node.cpp:[m[K In constructor ‘[01m[KBaseNode::[01;32m[KBaseNode[m[K()[m[K’:
[11.645s] [01m[K/home/shu/ros2_ws/src/base_demo_cpp/src/base_node.cpp:413:9:[m[K [01;31m[Kerror: [m[K‘[01m[Kstatus_pub_[m[K’ was not declared in this scope
[11.645s]   413 |         [01;31m[Kstatus_pub_[m[K = this->create_publisher<std_msgs::msg::String>("/base/status", 10);
[11.645s]       |         [01;31m[K^~~~~~~~~~~[m[K
[11.649s] [01m[K/home/shu/ros2_ws/src/base_demo_cpp/src/base_node.cpp:413:46:[m[K [01;31m[Kerror: [m[K‘[01m[Kstd_msgs[m[K’ was not declared in this scope
[11.649s]   413 |         status_pub_ = this->create_publisher<[01;31m[Kstd_msgs[m[K::msg::String>("/base/status", 10);
[11.649s]       |                                              [01;31m[K^~~~~~~~[m[K
[11.649s] [01m[K/home/shu/ros2_ws/src/base_demo_cpp/src/base_node.cpp:413:29:[m[K [01;31m[Kerror: [m[Kparse error in template argument list
[11.649s]   413 |         status_pub_ = this->[01;31m[Kcreate_publisher<std_msgs::msg::String>[m[K("/base/status", 10);
[11.649s]       |                             [01;31m[K^~~~~~~~~~~~~~~~~~~~~~~~~~~~~~~~~~~~~~~[m[K
[11.649s] [01m[K/home/shu/ros2_ws/src/base_demo_cpp/src/base_node.cpp:413:68:[m[K [01;31m[Kerror: [m[Kno matching function for call to ‘[01m[KBaseNode::create_publisher<<expression error> >(const char [13], int)[m[K’
[11.649s]   413 |         status_pub_ = [01;31m[Kthis->create_publisher<std_msgs::msg::String>("/base/status", 10)[m[K;
[11.649s]       |                       [01;31m[K~~~~~~~~~~~~~~~~~~~~~~~~~~~~~~~~~~~~~~~~~~~~~^~~~~~~~~~~~~~~~~~~~[m[K
[11.649s] In file included from [01m[K/opt/ros/jazzy/include/rclcpp/rclcpp/executors/single_threaded_executor.hpp:28[m[K,
[11.649s]                  from [01m[K/opt/ros/jazzy/include/rclcpp/rclcpp/executors.hpp:22[m[K:
[11.649s] [01m[K/opt/ros/jazzy/include/rclcpp/rclcpp/node.hpp:197:3:[m[K [01;36m[Knote: [m[Kcandidate: ‘[01m[Ktemplate<class MessageT, class AllocatorT, class PublisherT> std::shared_ptr<PublisherT> rclcpp::Node::[01;32m[Kcreate_publisher[m[K(const std::string&, const rclcpp::QoS&, const rclcpp::PublisherOptionsWithAllocator<AllocatorT>&)[m[K’
[11.649s]   197 |   [01;36m[Kcreate_publisher[m[K(
[11.649s]       |   [01;36m[K^~~~~~~~~~~~~~~~[m[K
[11.649s] [01m[K/opt/ros/jazzy/include/rclcpp/rclcpp/node.hpp:197:3:[m[K [01;36m[Knote: [m[K  template argument deduction/substitution failed:
[11.649s] [01m[K/home/shu/ros2_ws/src/base_demo_cpp/src/base_node.cpp:413:68:[m[K [01;31m[Kerror: [m[Ktemplate argument 1 is invalid
[11.649s]   413 |         status_pub_ = [01;31m[Kthis->create_publisher<std_msgs::msg::String>("/base/status", 10)[m[K;
[11.650s]       |                       [01;31m[K~~~~~~~~~~~~~~~~~~~~~~~~~~~~~~~~~~~~~~~~~~~~~^~~~~~~~~~~~~~~~~~~~[m[K
[13.183s] gmake[2]: *** [CMakeFiles/base_node.dir/build.make:76：CMakeFiles/base_node.dir/src/base_node.cpp.o] 错误 1
[13.183s] gmake[1]: *** [CMakeFiles/Makefile2:756：CMakeFiles/base_node.dir/all] 错误 2
[13.184s] gmake: *** [Makefile:146：all] 错误 2
[13.186s] Invoked command in '/home/shu/ros2_ws/build/base_demo_cpp' returned '2': CMAKE_PREFIX_PATH=${CMAKE_PREFIX_PATH}:/opt/ros/jazzy DEBUGINFOD_URLS=https://debuginfod.ubuntu.com /usr/bin/cmake --build /home/shu/ros2_ws/build/base_demo_cpp -- -j4 -l4
