[0.014s] Invoking command in '/home/shu/ros2_ws/build/base_demo_cpp': CMAKE_PREFIX_PATH=${CMAKE_PREFIX_PATH}:/opt/ros/jazzy DEBUGINFOD_URLS=https://debuginfod.ubuntu.com /usr/bin/cmake --build /home/shu/ros2_ws/build/base_demo_cpp -- -j4 -l4
[0.089s] [  2%] Built target base_demo_cpp__rosidl_generator_type_description
[0.092s] [  6%] Built target base_demo_cpp__rs
[0.092s] [  8%] Built target talker_node
[0.102s] [ 12%] Built target listener_node
[0.109s] [ 12%] Built target ament_cmake_python_copy_base_demo_cpp
[0.125s] [ 16%] Built target base_status_node
[0.126s] [ 20%] Built target cmd_vel_listener_node
[0.136s] [ 24%] Built target cmd_vel_test_node
[0.140s] [ 34%] Built target base_demo_cpp__rosidl_generator_c
[0.157s] [ 36%] Built target base_demo_cpp__cpp
[0.166s] [ 48%] Built target base_demo_cpp__rosidl_typesupport_introspection_c
[0.166s] [ 48%] Built target base_demo_cpp__rosidl_typesupport_fastrtps_c
[0.184s] [ 57%] Built target base_demo_cpp__rosidl_typesupport_c
[0.184s] [ 61%] Built target base_demo_cpp__rosidl_typesupport_cpp
[0.192s] [ 67%] Built target base_demo_cpp__rosidl_typesupport_introspection_cpp
[0.203s] [ 71%] Built target base_node
[0.209s] [ 75%] Built target base_status_listener_node
[0.212s] [ 81%] Built target base_demo_cpp__rosidl_typesupport_fastrtps_cpp
[0.226s] [ 81%] Built target base_demo_cpp
[0.240s] [ 83%] Built target base_demo_cpp__py
[0.259s] [ 87%] Built target base_demo_cpp__rosidl_generator_py
[0.278s] [ 91%] Built target base_demo_cpp_s__rosidl_typesupport_fastrtps_c
[0.283s] [ 95%] Built target base_demo_cpp_s__rosidl_typesupport_introspection_c
[0.284s] [100%] Built target base_demo_cpp_s__rosidl_typesupport_c
[0.297s] running egg_info
[0.308s] writing base_demo_cpp.egg-info/PKG-INFO
[0.308s] writing dependency_links to base_demo_cpp.egg-info/dependency_links.txt
[0.308s] writing top-level names to base_demo_cpp.egg-info/top_level.txt
[0.340s] reading manifest file 'base_demo_cpp.egg-info/SOURCES.txt'
[0.340s] writing manifest file 'base_demo_cpp.egg-info/SOURCES.txt'
[0.360s] [100%] Built target ament_cmake_python_build_base_demo_cpp_egg
[0.369s] Invoked command in '/home/shu/ros2_ws/build/base_demo_cpp' returned '0': CMAKE_PREFIX_PATH=${CMAKE_PREFIX_PATH}:/opt/ros/jazzy DEBUGINFOD_URLS=https://debuginfod.ubuntu.com /usr/bin/cmake --build /home/shu/ros2_ws/build/base_demo_cpp -- -j4 -l4
[0.378s] Invoking command in '/home/shu/ros2_ws/build/base_demo_cpp': CMAKE_PREFIX_PATH=${CMAKE_PREFIX_PATH}:/opt/ros/jazzy DEBUGINFOD_URLS=https://debuginfod.ubuntu.com /usr/bin/cmake --install /home/shu/ros2_ws/build/base_demo_cpp
[0.385s] -- Install configuration: ""
[0.385s] -- Up-to-date: /home/shu/ros2_ws/install/base_demo_cpp/share/ament_index/resource_index/rosidl_interfaces/base_demo_cpp
[0.386s] -- Up-to-date: /home/shu/ros2_ws/install/base_demo_cpp/share/base_demo_cpp/msg/BaseStatus.json
[0.386s] -- Up-to-date: /home/shu/ros2_ws/install/base_demo_cpp/include/base_demo_cpp/base_demo_cpp
[0.386s] -- Up-to-date: /home/shu/ros2_ws/install/base_demo_cpp/include/base_demo_cpp/base_demo_cpp/msg
[0.386s] -- Up-to-date: /home/shu/ros2_ws/install/base_demo_cpp/include/base_demo_cpp/base_demo_cpp/msg/detail
[0.386s] -- Up-to-date: /home/shu/ros2_ws/install/base_demo_cpp/include/base_demo_cpp/base_demo_cpp/msg/detail/base_status__type_support.h
[0.387s] -- Up-to-date: /home/shu/ros2_ws/install/base_demo_cpp/include/base_demo_cpp/base_demo_cpp/msg/detail/base_status__functions.h
[0.387s] -- Up-to-date: /home/shu/ros2_ws/install/base_demo_cpp/include/base_demo_cpp/base_demo_cpp/msg/detail/base_status__description.c
[0.387s] -- Up-to-date: /home/shu/ros2_ws/install/base_demo_cpp/include/base_demo_cpp/base_demo_cpp/msg/detail/base_status__functions.c
[0.387s] -- Up-to-date: /home/shu/ros2_ws/install/base_demo_cpp/include/base_demo_cpp/base_demo_cpp/msg/detail/base_status__struct.h
[0.387s] -- Up-to-date: /home/shu/ros2_ws/install/base_demo_cpp/include/base_demo_cpp/base_demo_cpp/msg/detail/base_status__type_support.c
[0.387s] -- Up-to-date: /home/shu/ros2_ws/install/base_demo_cpp/include/base_demo_cpp/base_demo_cpp/msg/rosidl_generator_c__visibility_control.h
[0.387s] -- Up-to-date: /home/shu/ros2_ws/install/base_demo_cpp/include/base_demo_cpp/base_demo_cpp/msg/base_status.h
[0.387s] -- Up-to-date: /home/shu/ros2_ws/install/base_demo_cpp/share/base_demo_cpp/environment/library_path.sh
[0.387s] -- Up-to-date: /home/shu/ros2_ws/install/base_demo_cpp/share/base_demo_cpp/environment/library_path.dsv
[0.387s] -- Up-to-date: /home/shu/ros2_ws/install/base_demo_cpp/lib/libbase_demo_cpp__rosidl_generator_c.so
[0.387s] -- Up-to-date: /home/shu/ros2_ws/install/base_demo_cpp/include/base_demo_cpp/base_demo_cpp
[0.388s] -- Up-to-date: /home/shu/ros2_ws/install/base_demo_cpp/include/base_demo_cpp/base_demo_cpp/msg
[0.388s] -- Up-to-date: /home/shu/ros2_ws/install/base_demo_cpp/include/base_demo_cpp/base_demo_cpp/msg/detail
[0.388s] -- Up-to-date: /home/shu/ros2_ws/install/base_demo_cpp/include/base_demo_cpp/base_demo_cpp/msg/detail/base_status__rosidl_typesupport_fastrtps_c.h
[0.388s] -- Up-to-date: /home/shu/ros2_ws/install/base_demo_cpp/include/base_demo_cpp/base_demo_cpp/msg/rosidl_typesupport_fastrtps_c__visibility_control.h
[0.389s] -- Up-to-date: /home/shu/ros2_ws/install/base_demo_cpp/lib/libbase_demo_cpp__rosidl_typesupport_fastrtps_c.so
[0.389s] -- Up-to-date: /home/shu/ros2_ws/install/base_demo_cpp/include/base_demo_cpp/base_demo_cpp
[0.389s] -- Up-to-date: /home/shu/ros2_ws/install/base_demo_cpp/include/base_demo_cpp/base_demo_cpp/msg
[0.389s] -- Up-to-date: /home/shu/ros2_ws/install/base_demo_cpp/include/base_demo_cpp/base_demo_cpp/msg/detail
[0.389s] -- Up-to-date: /home/shu/ros2_ws/install/base_demo_cpp/include/base_demo_cpp/base_demo_cpp/msg/detail/base_status__type_support.hpp
[0.389s] -- Up-to-date: /home/shu/ros2_ws/install/base_demo_cpp/include/base_demo_cpp/base_demo_cpp/msg/detail/base_status__builder.hpp
[0.389s] -- Up-to-date: /home/shu/ros2_ws/install/base_demo_cpp/include/base_demo_cpp/base_demo_cpp/msg/detail/base_status__struct.hpp
[0.390s] -- Up-to-date: /home/shu/ros2_ws/install/base_demo_cpp/include/base_demo_cpp/base_demo_cpp/msg/detail/base_status__traits.hpp
[0.390s] -- Up-to-date: /home/shu/ros2_ws/install/base_demo_cpp/include/base_demo_cpp/base_demo_cpp/msg/rosidl_generator_cpp__visibility_control.hpp
[0.390s] -- Up-to-date: /home/shu/ros2_ws/install/base_demo_cpp/include/base_demo_cpp/base_demo_cpp/msg/base_status.hpp
[0.390s] -- Up-to-date: /home/shu/ros2_ws/install/base_demo_cpp/include/base_demo_cpp/base_demo_cpp
[0.390s] -- Up-to-date: /home/shu/ros2_ws/install/base_demo_cpp/include/base_demo_cpp/base_demo_cpp/msg
[0.391s] -- Up-to-date: /home/shu/ros2_ws/install/base_demo_cpp/include/base_demo_cpp/base_demo_cpp/msg/detail
[0.391s] -- Up-to-date: /home/shu/ros2_ws/install/base_demo_cpp/include/base_demo_cpp/base_demo_cpp/msg/detail/dds_fastrtps
[0.391s] -- Up-to-date: /home/shu/ros2_ws/install/base_demo_cpp/include/base_demo_cpp/base_demo_cpp/msg/detail/base_status__rosidl_typesupport_fastrtps_cpp.hpp
[0.391s] -- Up-to-date: /home/shu/ros2_ws/install/base_demo_cpp/include/base_demo_cpp/base_demo_cpp/msg/rosidl_typesupport_fastrtps_cpp__visibility_control.h
[0.391s] -- Up-to-date: /home/shu/ros2_ws/install/base_demo_cpp/lib/libbase_demo_cpp__rosidl_typesupport_fastrtps_cpp.so
[0.391s] -- Up-to-date: /home/shu/ros2_ws/install/base_demo_cpp/include/base_demo_cpp/base_demo_cpp
[0.391s] -- Up-to-date: /home/shu/ros2_ws/install/base_demo_cpp/include/base_demo_cpp/base_demo_cpp/msg
[0.391s] -- Up-to-date: /home/shu/ros2_ws/install/base_demo_cpp/include/base_demo_cpp/base_demo_cpp/msg/detail
[0.391s] -- Up-to-date: /home/shu/ros2_ws/install/base_demo_cpp/include/base_demo_cpp/base_demo_cpp/msg/detail/base_status__rosidl_typesupport_introspection_c.h
[0.391s] -- Up-to-date: /home/shu/ros2_ws/install/base_demo_cpp/include/base_demo_cpp/base_demo_cpp/msg/detail/base_status__type_support.c
[0.391s] -- Up-to-date: /home/shu/ros2_ws/install/base_demo_cpp/include/base_demo_cpp/base_demo_cpp/msg/rosidl_typesupport_introspection_c__visibility_control.h
[0.391s] -- Up-to-date: /home/shu/ros2_ws/install/base_demo_cpp/lib/libbase_demo_cpp__rosidl_typesupport_introspection_c.so
[0.391s] -- Up-to-date: /home/shu/ros2_ws/install/base_demo_cpp/lib/libbase_demo_cpp__rosidl_typesupport_c.so
[0.391s] -- Up-to-date: /home/shu/ros2_ws/install/base_demo_cpp/include/base_demo_cpp/base_demo_cpp
[0.391s] -- Up-to-date: /home/shu/ros2_ws/install/base_demo_cpp/include/base_demo_cpp/base_demo_cpp/msg
[0.391s] -- Up-to-date: /home/shu/ros2_ws/install/base_demo_cpp/include/base_demo_cpp/base_demo_cpp/msg/detail
[0.391s] -- Up-to-date: /home/shu/ros2_ws/install/base_demo_cpp/include/base_demo_cpp/base_demo_cpp/msg/detail/base_status__rosidl_typesupport_introspection_cpp.hpp
[0.391s] -- Up-to-date: /home/shu/ros2_ws/install/base_demo_cpp/include/base_demo_cpp/base_demo_cpp/msg/detail/base_status__type_support.cpp
[0.391s] -- Up-to-date: /home/shu/ros2_ws/install/base_demo_cpp/lib/libbase_demo_cpp__rosidl_typesupport_introspection_cpp.so
[0.391s] -- Up-to-date: /home/shu/ros2_ws/install/base_demo_cpp/lib/libbase_demo_cpp__rosidl_typesupport_cpp.so
[0.391s] -- Up-to-date: /home/shu/ros2_ws/install/base_demo_cpp/share/base_demo_cpp/environment/pythonpath.sh
[0.391s] -- Up-to-date: /home/shu/ros2_ws/install/base_demo_cpp/share/base_demo_cpp/environment/pythonpath.dsv
[0.391s] -- Up-to-date: /home/shu/ros2_ws/install/base_demo_cpp/lib/python3.12/site-packages/base_demo_cpp-0.0.0-py3.12.egg-info
[0.391s] -- Installing: /home/shu/ros2_ws/install/base_demo_cpp/lib/python3.12/site-packages/base_demo_cpp-0.0.0-py3.12.egg-info/PKG-INFO
[0.392s] -- Installing: /home/shu/ros2_ws/install/base_demo_cpp/lib/python3.12/site-packages/base_demo_cpp-0.0.0-py3.12.egg-info/SOURCES.txt
[0.392s] -- Installing: /home/shu/ros2_ws/install/base_demo_cpp/lib/python3.12/site-packages/base_demo_cpp-0.0.0-py3.12.egg-info/dependency_links.txt
[0.392s] -- Installing: /home/shu/ros2_ws/install/base_demo_cpp/lib/python3.12/site-packages/base_demo_cpp-0.0.0-py3.12.egg-info/top_level.txt
[0.392s] -- Up-to-date: /home/shu/ros2_ws/install/base_demo_cpp/lib/python3.12/site-packages/base_demo_cpp
[0.392s] -- Up-to-date: /home/shu/ros2_ws/install/base_demo_cpp/lib/python3.12/site-packages/base_demo_cpp/_base_demo_cpp_s.ep.rosidl_typesupport_introspection_c.c
[0.392s] -- Up-to-date: /home/shu/ros2_ws/install/base_demo_cpp/lib/python3.12/site-packages/base_demo_cpp/base_demo_cpp_s__rosidl_typesupport_introspection_c.so
[0.392s] -- Up-to-date: /home/shu/ros2_ws/install/base_demo_cpp/lib/python3.12/site-packages/base_demo_cpp/_base_demo_cpp_s.ep.rosidl_typesupport_c.c
[0.392s] -- Up-to-date: /home/shu/ros2_ws/install/base_demo_cpp/lib/python3.12/site-packages/base_demo_cpp/base_demo_cpp_s__rosidl_typesupport_fastrtps_c.so
[0.392s] -- Up-to-date: /home/shu/ros2_ws/install/base_demo_cpp/lib/python3.12/site-packages/base_demo_cpp/__init__.py
[0.392s] -- Up-to-date: /home/shu/ros2_ws/install/base_demo_cpp/lib/python3.12/site-packages/base_demo_cpp/_base_demo_cpp_s.ep.rosidl_typesupport_fastrtps_c.c
[0.392s] -- Up-to-date: /home/shu/ros2_ws/install/base_demo_cpp/lib/python3.12/site-packages/base_demo_cpp/base_demo_cpp_s__rosidl_typesupport_c.so
[0.392s] -- Up-to-date: /home/shu/ros2_ws/install/base_demo_cpp/lib/python3.12/site-packages/base_demo_cpp/msg
[0.392s] -- Up-to-date: /home/shu/ros2_ws/install/base_demo_cpp/lib/python3.12/site-packages/base_demo_cpp/msg/__init__.py
[0.393s] -- Up-to-date: /home/shu/ros2_ws/install/base_demo_cpp/lib/python3.12/site-packages/base_demo_cpp/msg/_base_status.py
[0.393s] -- Up-to-date: /home/shu/ros2_ws/install/base_demo_cpp/lib/python3.12/site-packages/base_demo_cpp/msg/_base_status_s.c
[0.419s] Listing '/home/shu/ros2_ws/install/base_demo_cpp/lib/python3.12/site-packages/base_demo_cpp'...
[0.419s] Listing '/home/shu/ros2_ws/install/base_demo_cpp/lib/python3.12/site-packages/base_demo_cpp/msg'...
[0.427s] -- Up-to-date: /home/shu/ros2_ws/install/base_demo_cpp/lib/python3.12/site-packages/base_demo_cpp/base_demo_cpp_s__rosidl_typesupport_fastrtps_c.so
[0.428s] -- Up-to-date: /home/shu/ros2_ws/install/base_demo_cpp/lib/python3.12/site-packages/base_demo_cpp/base_demo_cpp_s__rosidl_typesupport_introspection_c.so
[0.428s] -- Up-to-date: /home/shu/ros2_ws/install/base_demo_cpp/lib/python3.12/site-packages/base_demo_cpp/base_demo_cpp_s__rosidl_typesupport_c.so
[0.429s] -- Up-to-date: /home/shu/ros2_ws/install/base_demo_cpp/lib/libbase_demo_cpp__rosidl_generator_py.so
[0.429s] -- Up-to-date: /home/shu/ros2_ws/install/base_demo_cpp/share/ament_index/resource_index/rust_packages/base_demo_cpp
[0.429s] -- Up-to-date: /home/shu/ros2_ws/install/base_demo_cpp/share/base_demo_cpp/rust
[0.429s] -- Up-to-date: /home/shu/ros2_ws/install/base_demo_cpp/share/base_demo_cpp/rust/src
[0.429s] -- Up-to-date: /home/shu/ros2_ws/install/base_demo_cpp/share/base_demo_cpp/rust/src/lib.rs
[0.430s] -- Up-to-date: /home/shu/ros2_ws/install/base_demo_cpp/share/base_demo_cpp/rust/src/msg.rs
[0.430s] -- Up-to-date: /home/shu/ros2_ws/install/base_demo_cpp/share/base_demo_cpp/rust/src/msg
[0.431s] -- Up-to-date: /home/shu/ros2_ws/install/base_demo_cpp/share/base_demo_cpp/rust/src/msg/rmw.rs
[0.431s] -- Up-to-date: /home/shu/ros2_ws/install/base_demo_cpp/share/base_demo_cpp/rust/build.rs
[0.431s] -- Up-to-date: /home/shu/ros2_ws/install/base_demo_cpp/share/base_demo_cpp/rust/Cargo.toml
[0.431s] -- Up-to-date: /home/shu/ros2_ws/install/base_demo_cpp/share/base_demo_cpp/msg/BaseStatus.idl
[0.431s] -- Up-to-date: /home/shu/ros2_ws/install/base_demo_cpp/share/base_demo_cpp/msg/BaseStatus.msg
[0.431s] -- Up-to-date: /home/shu/ros2_ws/install/base_demo_cpp/lib/base_demo_cpp/talker_node
[0.431s] -- Up-to-date: /home/shu/ros2_ws/install/base_demo_cpp/lib/base_demo_cpp/listener_node
[0.431s] -- Up-to-date: /home/shu/ros2_ws/install/base_demo_cpp/lib/base_demo_cpp/base_status_node
[0.433s] -- Up-to-date: /home/shu/ros2_ws/install/base_demo_cpp/lib/base_demo_cpp/cmd_vel_listener_node
[0.433s] -- Up-to-date: /home/shu/ros2_ws/install/base_demo_cpp/lib/base_demo_cpp/base_node
[0.433s] -- Up-to-date: /home/shu/ros2_ws/install/base_demo_cpp/lib/base_demo_cpp/base_status_listener_node
[0.433s] -- Up-to-date: /home/shu/ros2_ws/install/base_demo_cpp/lib/base_demo_cpp/cmd_vel_test_node
[0.433s] -- Up-to-date: /home/shu/ros2_ws/install/base_demo_cpp/share/base_demo_cpp/launch
[0.433s] -- Up-to-date: /home/shu/ros2_ws/install/base_demo_cpp/share/base_demo_cpp/launch/base_system.launch.py
[0.433s] -- Up-to-date: /home/shu/ros2_ws/install/base_demo_cpp/share/ament_index/resource_index/package_run_dependencies/base_demo_cpp
[0.433s] -- Up-to-date: /home/shu/ros2_ws/install/base_demo_cpp/share/ament_index/resource_index/parent_prefix_path/base_demo_cpp
[0.434s] -- Up-to-date: /home/shu/ros2_ws/install/base_demo_cpp/share/base_demo_cpp/environment/ament_prefix_path.sh
[0.434s] -- Up-to-date: /home/shu/ros2_ws/install/base_demo_cpp/share/base_demo_cpp/environment/ament_prefix_path.dsv
[0.434s] -- Up-to-date: /home/shu/ros2_ws/install/base_demo_cpp/share/base_demo_cpp/environment/path.sh
[0.434s] -- Up-to-date: /home/shu/ros2_ws/install/base_demo_cpp/share/base_demo_cpp/environment/path.dsv
[0.434s] -- Up-to-date: /home/shu/ros2_ws/install/base_demo_cpp/share/base_demo_cpp/local_setup.bash
[0.434s] -- Up-to-date: /home/shu/ros2_ws/install/base_demo_cpp/share/base_demo_cpp/local_setup.sh
[0.436s] -- Up-to-date: /home/shu/ros2_ws/install/base_demo_cpp/share/base_demo_cpp/local_setup.zsh
[0.436s] -- Up-to-date: /home/shu/ros2_ws/install/base_demo_cpp/share/base_demo_cpp/local_setup.dsv
[0.436s] -- Installing: /home/shu/ros2_ws/install/base_demo_cpp/share/base_demo_cpp/package.dsv
[0.436s] -- Up-to-date: /home/shu/ros2_ws/install/base_demo_cpp/share/ament_index/resource_index/packages/base_demo_cpp
[0.436s] -- Up-to-date: /home/shu/ros2_ws/install/base_demo_cpp/share/base_demo_cpp/cmake/export_base_demo_cpp__rosidl_generator_cExport.cmake
[0.436s] -- Up-to-date: /home/shu/ros2_ws/install/base_demo_cpp/share/base_demo_cpp/cmake/export_base_demo_cpp__rosidl_generator_cExport-noconfig.cmake
[0.437s] -- Up-to-date: /home/shu/ros2_ws/install/base_demo_cpp/share/base_demo_cpp/cmake/export_base_demo_cpp__rosidl_typesupport_fastrtps_cExport.cmake
[0.437s] -- Up-to-date: /home/shu/ros2_ws/install/base_demo_cpp/share/base_demo_cpp/cmake/export_base_demo_cpp__rosidl_typesupport_fastrtps_cExport-noconfig.cmake
[0.437s] -- Up-to-date: /home/shu/ros2_ws/install/base_demo_cpp/share/base_demo_cpp/cmake/export_base_demo_cpp__rosidl_generator_cppExport.cmake
[0.437s] -- Up-to-date: /home/shu/ros2_ws/install/base_demo_cpp/share/base_demo_cpp/cmake/export_base_demo_cpp__rosidl_typesupport_fastrtps_cppExport.cmake
[0.437s] -- Up-to-date: /home/shu/ros2_ws/install/base_demo_cpp/share/base_demo_cpp/cmake/export_base_demo_cpp__rosidl_typesupport_fastrtps_cppExport-noconfig.cmake
[0.437s] -- Up-to-date: /home/shu/ros2_ws/install/base_demo_cpp/share/base_demo_cpp/cmake/base_demo_cpp__rosidl_typesupport_introspection_cExport.cmake
[0.438s] -- Up-to-date: /home/shu/ros2_ws/install/base_demo_cpp/share/base_demo_cpp/cmake/base_demo_cpp__rosidl_typesupport_introspection_cExport-noconfig.cmake
[0.438s] -- Up-to-date: /home/shu/ros2_ws/install/base_demo_cpp/share/base_demo_cpp/cmake/base_demo_cpp__rosidl_typesupport_cExport.cmake
[0.438s] -- Up-to-date: /home/shu/ros2_ws/install/base_demo_cpp/share/base_demo_cpp/cmake/base_demo_cpp__rosidl_typesupport_cExport-noconfig.cmake
[0.438s] -- Up-to-date: /home/shu/ros2_ws/install/base_demo_cpp/share/base_demo_cpp/cmake/base_demo_cpp__rosidl_typesupport_introspection_cppExport.cmake
[0.438s] -- Up-to-date: /home/shu/ros2_ws/install/base_demo_cpp/share/base_demo_cpp/cmake/base_demo_cpp__rosidl_typesupport_introspection_cppExport-noconfig.cmake
[0.438s] -- Up-to-date: /home/shu/ros2_ws/install/base_demo_cpp/share/base_demo_cpp/cmake/base_demo_cpp__rosidl_typesupport_cppExport.cmake
[0.438s] -- Up-to-date: /home/shu/ros2_ws/install/base_demo_cpp/share/base_demo_cpp/cmake/base_demo_cpp__rosidl_typesupport_cppExport-noconfig.cmake
[0.441s] -- Up-to-date: /home/shu/ros2_ws/install/base_demo_cpp/share/base_demo_cpp/cmake/export_base_demo_cpp__rosidl_generator_pyExport.cmake
[0.441s] -- Up-to-date: /home/shu/ros2_ws/install/base_demo_cpp/share/base_demo_cpp/cmake/export_base_demo_cpp__rosidl_generator_pyExport-noconfig.cmake
[0.441s] -- Up-to-date: /home/shu/ros2_ws/install/base_demo_cpp/share/base_demo_cpp/cmake/rosidl_cmake-extras.cmake
[0.441s] -- Up-to-date: /home/shu/ros2_ws/install/base_demo_cpp/share/base_demo_cpp/cmake/ament_cmake_export_include_directories-extras.cmake
[0.441s] -- Up-to-date: /home/shu/ros2_ws/install/base_demo_cpp/share/base_demo_cpp/cmake/ament_cmake_export_libraries-extras.cmake
[0.441s] -- Up-to-date: /home/shu/ros2_ws/install/base_demo_cpp/share/base_demo_cpp/cmake/ament_cmake_export_targets-extras.cmake
[0.441s] -- Up-to-date: /home/shu/ros2_ws/install/base_demo_cpp/share/base_demo_cpp/cmake/rosidl_cmake_export_typesupport_targets-extras.cmake
[0.441s] -- Up-to-date: /home/shu/ros2_ws/install/base_demo_cpp/share/base_demo_cpp/cmake/ament_cmake_export_dependencies-extras.cmake
[0.441s] -- Up-to-date: /home/shu/ros2_ws/install/base_demo_cpp/share/base_demo_cpp/cmake/rosidl_cmake_export_typesupport_libraries-extras.cmake
[0.441s] -- Up-to-date: /home/shu/ros2_ws/install/base_demo_cpp/share/base_demo_cpp/cmake/base_demo_cppConfig.cmake
[0.442s] -- Up-to-date: /home/shu/ros2_ws/install/base_demo_cpp/share/base_demo_cpp/cmake/base_demo_cppConfig-version.cmake
[0.442s] -- Up-to-date: /home/shu/ros2_ws/install/base_demo_cpp/share/base_demo_cpp/package.xml
[0.443s] Invoked command in '/home/shu/ros2_ws/build/base_demo_cpp' returned '0': CMAKE_PREFIX_PATH=${CMAKE_PREFIX_PATH}:/opt/ros/jazzy DEBUGINFOD_URLS=https://debuginfod.ubuntu.com /usr/bin/cmake --install /home/shu/ros2_ws/build/base_demo_cpp
