[0.011s] Invoking command in '/home/shu/ros2_ws/build/base_demo_cpp': CMAKE_PREFIX_PATH=${CMAKE_PREFIX_PATH}:/opt/ros/jazzy DEBUGINFOD_URLS=https://debuginfod.ubuntu.com /usr/bin/cmake --build /home/shu/ros2_ws/build/base_demo_cpp -- -j4 -l4
[0.090s] -- Found ament_cmake: 2.5.6 (/opt/ros/jazzy/share/ament_cmake/cmake)
[0.285s] -- Found rclcpp: 28.1.18 (/opt/ros/jazzy/share/rclcpp/cmake)
[0.331s] -- Found rosidl_generator_c: 4.6.7 (/opt/ros/jazzy/share/rosidl_generator_c/cmake)
[0.344s] -- Found rosidl_generator_cpp: 4.6.7 (/opt/ros/jazzy/share/rosidl_generator_cpp/cmake)
[0.362s] -- Using all available rosidl_typesupport_c: rosidl_typesupport_fastrtps_c;rosidl_typesupport_introspection_c
[0.382s] -- Using all available rosidl_typesupport_cpp: rosidl_typesupport_fastrtps_cpp;rosidl_typesupport_introspection_cpp
[0.445s] -- Found rmw_implementation_cmake: 7.3.3 (/opt/ros/jazzy/share/rmw_implementation_cmake/cmake)
[0.448s] -- Found rmw_fastrtps_cpp: 8.4.3 (/opt/ros/jazzy/share/rmw_fastrtps_cpp/cmake)
[0.508s] -- Using RMW implementation 'rmw_fastrtps_cpp' as default
[0.570s] -- Found std_msgs: 5.3.7 (/opt/ros/jazzy/share/std_msgs/cmake)
[0.585s] [31mCMake Error at /opt/ros/jazzy/share/ament_cmake_target_dependencies/cmake/ament_target_dependencies.cmake:77 (message):
[0.585s]   ament_target_dependencies() the passed package name 'geometry_msgs' was not
[0.585s]   found before
[0.585s] Call Stack (most recent call first):
[0.585s]   CMakeLists.txt:31 (ament_target_dependencies)
[0.585s] 
[0.585s] [0m
[0.585s] -- Configuring incomplete, errors occurred!
[0.591s] gmake: *** [Makefile:349：cmake_check_build_system] 错误 1
[0.593s] Invoked command in '/home/shu/ros2_ws/build/base_demo_cpp' returned '2': CMAKE_PREFIX_PATH=${CMAKE_PREFIX_PATH}:/opt/ros/jazzy DEBUGINFOD_URLS=https://debuginfod.ubuntu.com /usr/bin/cmake --build /home/shu/ros2_ws/build/base_demo_cpp -- -j4 -l4
