[0.333s] DEBUG:colcon:Command line arguments: ['/usr/bin/colcon', 'build', '--packages-select', 'base_demo_cpp']
[0.334s] DEBUG:colcon:Parsed command line arguments: Namespace(log_base=None, log_level=None, verb_name='build', build_base='build', install_base='install', merge_install=False, symlink_install=False, test_result_base=None, continue_on_error=False, executor='parallel', parallel_workers=4, event_handlers=None, ignore_user_meta=False, metas=['./colcon.meta'], base_paths=['.'], packages_ignore=None, packages_ignore_regex=None, paths=None, packages_up_to=None, packages_up_to_regex=None, packages_above=None, packages_above_and_dependencies=None, packages_above_depth=None, packages_select_by_dep=None, packages_skip_by_dep=None, packages_skip_up_to=None, packages_select_build_failed=False, packages_skip_build_finished=False, packages_select_test_failures=False, packages_skip_test_passed=False, packages_select=['base_demo_cpp'], packages_skip=None, packages_select_regex=None, packages_skip_regex=None, packages_start=None, packages_end=None, allow_overriding=[], cmake_args=None, cmake_target=None, cmake_target_skip_unavailable=False, cmake_clean_cache=False, cmake_clean_first=False, cmake_force_configure=False, ament_cmake_args=None, catkin_cmake_args=None, catkin_skip_building_tests=False, verb_parser=<colcon_defaults.argument_parser.defaults.DefaultArgumentsDecorator object at 0x7c32b8379460>, verb_extension=<colcon_core.verb.build.BuildVerb object at 0x7c32b83792b0>, main=<bound method BuildVerb.main of <colcon_core.verb.build.BuildVerb object at 0x7c32b83792b0>>)
[0.471s] Level 1:colcon.colcon_core.package_discovery:discover_packages(colcon_meta) check parameters
[0.471s] Level 1:colcon.colcon_core.package_discovery:discover_packages(recursive) check parameters
[0.471s] Level 1:colcon.colcon_core.package_discovery:discover_packages(ignore) check parameters
[0.471s] Level 1:colcon.colcon_core.package_discovery:discover_packages(path) check parameters
[0.471s] Level 1:colcon.colcon_core.package_discovery:discover_packages(colcon_meta) discover
[0.471s] Level 1:colcon.colcon_core.package_discovery:discover_packages(recursive) discover
[0.471s] INFO:colcon.colcon_core.package_discovery:Crawling recursively for packages in '/home/shu/ros2_ws'
[0.471s] Level 1:colcon.colcon_core.package_identification:_identify(.) by extensions ['ignore', 'ignore_ament_install']
[0.471s] Level 1:colcon.colcon_core.package_identification:_identify(.) by extension 'ignore'
[0.471s] Level 1:colcon.colcon_core.package_identification:_identify(.) by extension 'ignore_ament_install'
[0.471s] Level 1:colcon.colcon_core.package_identification:_identify(.) by extensions ['colcon_pkg']
[0.471s] Level 1:colcon.colcon_core.package_identification:_identify(.) by extension 'colcon_pkg'
[0.471s] Level 1:colcon.colcon_core.package_identification:_identify(.) by extensions ['colcon_meta']
[0.471s] Level 1:colcon.colcon_core.package_identification:_identify(.) by extension 'colcon_meta'
[0.471s] Level 1:colcon.colcon_core.package_identification:_identify(.) by extensions ['ros']
[0.471s] Level 1:colcon.colcon_core.package_identification:_identify(.) by extension 'ros'
[0.526s] Level 1:colcon.colcon_core.package_identification:_identify(.) by extensions ['cmake', 'python']
[0.526s] Level 1:colcon.colcon_core.package_identification:_identify(.) by extension 'cmake'
[0.526s] Level 1:colcon.colcon_core.package_identification:_identify(.) by extension 'python'
[0.530s] Level 1:colcon.colcon_core.package_identification:_identify(.) by extensions ['python_setup_py']
[0.530s] Level 1:colcon.colcon_core.package_identification:_identify(.) by extension 'python_setup_py'
[0.530s] Level 1:colcon.colcon_core.package_identification:_identify(build) by extensions ['ignore', 'ignore_ament_install']
[0.530s] Level 1:colcon.colcon_core.package_identification:_identify(build) by extension 'ignore'
[0.530s] Level 1:colcon.colcon_core.package_identification:_identify(build) ignored
[0.530s] Level 1:colcon.colcon_core.package_identification:_identify(install) by extensions ['ignore', 'ignore_ament_install']
[0.530s] Level 1:colcon.colcon_core.package_identification:_identify(install) by extension 'ignore'
[0.530s] Level 1:colcon.colcon_core.package_identification:_identify(install) ignored
[0.530s] Level 1:colcon.colcon_core.package_identification:_identify(log) by extensions ['ignore', 'ignore_ament_install']
[0.531s] Level 1:colcon.colcon_core.package_identification:_identify(log) by extension 'ignore'
[0.531s] Level 1:colcon.colcon_core.package_identification:_identify(log) ignored
[0.531s] Level 1:colcon.colcon_core.package_identification:_identify(src) by extensions ['ignore', 'ignore_ament_install']
[0.531s] Level 1:colcon.colcon_core.package_identification:_identify(src) by extension 'ignore'
[0.531s] Level 1:colcon.colcon_core.package_identification:_identify(src) by extension 'ignore_ament_install'
[0.531s] Level 1:colcon.colcon_core.package_identification:_identify(src) by extensions ['colcon_pkg']
[0.531s] Level 1:colcon.colcon_core.package_identification:_identify(src) by extension 'colcon_pkg'
[0.531s] Level 1:colcon.colcon_core.package_identification:_identify(src) by extensions ['colcon_meta']
[0.531s] Level 1:colcon.colcon_core.package_identification:_identify(src) by extension 'colcon_meta'
[0.531s] Level 1:colcon.colcon_core.package_identification:_identify(src) by extensions ['ros']
[0.531s] Level 1:colcon.colcon_core.package_identification:_identify(src) by extension 'ros'
[0.531s] Level 1:colcon.colcon_core.package_identification:_identify(src) by extensions ['cmake', 'python']
[0.531s] Level 1:colcon.colcon_core.package_identification:_identify(src) by extension 'cmake'
[0.531s] Level 1:colcon.colcon_core.package_identification:_identify(src) by extension 'python'
[0.531s] Level 1:colcon.colcon_core.package_identification:_identify(src) by extensions ['python_setup_py']
[0.531s] Level 1:colcon.colcon_core.package_identification:_identify(src) by extension 'python_setup_py'
[0.531s] Level 1:colcon.colcon_core.package_identification:_identify(src/base_demo_cpp) by extensions ['ignore', 'ignore_ament_install']
[0.531s] Level 1:colcon.colcon_core.package_identification:_identify(src/base_demo_cpp) by extension 'ignore'
[0.531s] Level 1:colcon.colcon_core.package_identification:_identify(src/base_demo_cpp) by extension 'ignore_ament_install'
[0.531s] Level 1:colcon.colcon_core.package_identification:_identify(src/base_demo_cpp) by extensions ['colcon_pkg']
[0.531s] Level 1:colcon.colcon_core.package_identification:_identify(src/base_demo_cpp) by extension 'colcon_pkg'
[0.531s] Level 1:colcon.colcon_core.package_identification:_identify(src/base_demo_cpp) by extensions ['colcon_meta']
[0.531s] Level 1:colcon.colcon_core.package_identification:_identify(src/base_demo_cpp) by extension 'colcon_meta'
[0.531s] Level 1:colcon.colcon_core.package_identification:_identify(src/base_demo_cpp) by extensions ['ros']
[0.531s] Level 1:colcon.colcon_core.package_identification:_identify(src/base_demo_cpp) by extension 'ros'
[0.541s] DEBUG:colcon.colcon_core.package_identification:Package 'src/base_demo_cpp' with type 'ros.ament_cmake' and name 'base_demo_cpp'
[0.541s] Level 1:colcon.colcon_core.package_discovery:discover_packages(recursive) using defaults
[0.541s] Level 1:colcon.colcon_core.package_discovery:discover_packages(ignore) discover
[0.541s] Level 1:colcon.colcon_core.package_discovery:discover_packages(ignore) using defaults
[0.541s] Level 1:colcon.colcon_core.package_discovery:discover_packages(path) discover
[0.541s] Level 1:colcon.colcon_core.package_discovery:discover_packages(path) using defaults
[0.570s] Level 1:colcon.colcon_core.package_discovery:discover_packages(prefix_path) check parameters
[0.571s] Level 1:colcon.colcon_core.package_discovery:discover_packages(prefix_path) discover
[0.575s] DEBUG:colcon.colcon_installed_package_information.package_discovery:Found 287 installed packages in /opt/ros/jazzy
[0.575s] Level 1:colcon.colcon_core.package_discovery:discover_packages(prefix_path) using defaults
[0.628s] Level 5:colcon.colcon_core.verb:set package 'base_demo_cpp' build argument 'cmake_args' from command line to 'None'
[0.628s] Level 5:colcon.colcon_core.verb:set package 'base_demo_cpp' build argument 'cmake_target' from command line to 'None'
[0.628s] Level 5:colcon.colcon_core.verb:set package 'base_demo_cpp' build argument 'cmake_target_skip_unavailable' from command line to 'False'
[0.628s] Level 5:colcon.colcon_core.verb:set package 'base_demo_cpp' build argument 'cmake_clean_cache' from command line to 'False'
[0.628s] Level 5:colcon.colcon_core.verb:set package 'base_demo_cpp' build argument 'cmake_clean_first' from command line to 'False'
[0.628s] Level 5:colcon.colcon_core.verb:set package 'base_demo_cpp' build argument 'cmake_force_configure' from command line to 'False'
[0.628s] Level 5:colcon.colcon_core.verb:set package 'base_demo_cpp' build argument 'ament_cmake_args' from command line to 'None'
[0.628s] Level 5:colcon.colcon_core.verb:set package 'base_demo_cpp' build argument 'catkin_cmake_args' from command line to 'None'
[0.628s] Level 5:colcon.colcon_core.verb:set package 'base_demo_cpp' build argument 'catkin_skip_building_tests' from command line to 'False'
[0.628s] DEBUG:colcon.colcon_core.verb:Building package 'base_demo_cpp' with the following arguments: {'ament_cmake_args': None, 'build_base': '/home/shu/ros2_ws/build/base_demo_cpp', 'catkin_cmake_args': None, 'catkin_skip_building_tests': False, 'cmake_args': None, 'cmake_clean_cache': False, 'cmake_clean_first': False, 'cmake_force_configure': False, 'cmake_target': None, 'cmake_target_skip_unavailable': False, 'install_base': '/home/shu/ros2_ws/install/base_demo_cpp', 'merge_install': False, 'path': '/home/shu/ros2_ws/src/base_demo_cpp', 'symlink_install': False, 'test_result_base': None}
[0.629s] INFO:colcon.colcon_core.executor:Executing jobs using 'parallel' executor
[0.629s] DEBUG:colcon.colcon_parallel_executor.executor.parallel:run_until_complete
[0.630s] INFO:colcon.colcon_ros.task.ament_cmake.build:Building ROS package in '/home/shu/ros2_ws/src/base_demo_cpp' with build type 'ament_cmake'
[0.630s] INFO:colcon.colcon_cmake.task.cmake.build:Building CMake package in '/home/shu/ros2_ws/src/base_demo_cpp'
[0.636s] INFO:colcon.colcon_core.plugin_system:Skipping extension 'colcon_core.shell.bat': Not used on non-Windows systems
[0.636s] INFO:colcon.colcon_core.shell:Skip shell extension 'powershell' for command environment: Not usable outside of PowerShell
[0.636s] DEBUG:colcon.colcon_core.shell:Skip shell extension 'dsv' for command environment
[0.641s] DEBUG:colcon.colcon_core.event_handler.log_command:Invoking command in '/home/shu/ros2_ws/build/base_demo_cpp': CMAKE_PREFIX_PATH=${CMAKE_PREFIX_PATH}:/opt/ros/jazzy DEBUGINFOD_URLS=https://debuginfod.ubuntu.com /usr/bin/cmake /home/shu/ros2_ws/src/base_demo_cpp -DCMAKE_INSTALL_PREFIX=/home/shu/ros2_ws/install/base_demo_cpp
[4.008s] DEBUG:colcon.colcon_core.event_handler.log_command:Invoked command in '/home/shu/ros2_ws/build/base_demo_cpp' returned '1': CMAKE_PREFIX_PATH=${CMAKE_PREFIX_PATH}:/opt/ros/jazzy DEBUGINFOD_URLS=https://debuginfod.ubuntu.com /usr/bin/cmake /home/shu/ros2_ws/src/base_demo_cpp -DCMAKE_INSTALL_PREFIX=/home/shu/ros2_ws/install/base_demo_cpp
[4.017s] Level 1:colcon.colcon_core.environment:create_environment_scripts_only(base_demo_cpp)
[4.026s] Level 1:colcon.colcon_core.environment:checking '/home/shu/ros2_ws/install/base_demo_cpp' for CMake module files
[4.026s] Level 1:colcon.colcon_core.environment:checking '/home/shu/ros2_ws/install/base_demo_cpp' for CMake config files
[4.026s] Level 1:colcon.colcon_core.environment:checking '/home/shu/ros2_ws/install/base_demo_cpp/bin'
[4.026s] Level 1:colcon.colcon_core.environment:checking '/home/shu/ros2_ws/install/base_demo_cpp/lib/pkgconfig/base_demo_cpp.pc'
[4.026s] Level 1:colcon.colcon_core.environment:checking '/home/shu/ros2_ws/install/base_demo_cpp/lib/python3.12/site-packages'
[4.026s] Level 1:colcon.colcon_core.environment:checking '/home/shu/ros2_ws/install/base_demo_cpp/bin'
[4.026s] INFO:colcon.colcon_core.shell:Creating package script '/home/shu/ros2_ws/install/base_demo_cpp/share/base_demo_cpp/package.ps1'
[4.028s] INFO:colcon.colcon_core.shell:Creating package descriptor '/home/shu/ros2_ws/install/base_demo_cpp/share/base_demo_cpp/package.dsv'
[4.028s] INFO:colcon.colcon_core.shell:Creating package script '/home/shu/ros2_ws/install/base_demo_cpp/share/base_demo_cpp/package.sh'
[4.029s] INFO:colcon.colcon_core.shell:Creating package script '/home/shu/ros2_ws/install/base_demo_cpp/share/base_demo_cpp/package.bash'
[4.030s] INFO:colcon.colcon_core.shell:Creating package script '/home/shu/ros2_ws/install/base_demo_cpp/share/base_demo_cpp/package.zsh'
[4.031s] Level 1:colcon.colcon_core.environment:create_file_with_runtime_dependencies(/home/shu/ros2_ws/install/base_demo_cpp/share/colcon-core/packages/base_demo_cpp)
[4.042s] DEBUG:colcon.colcon_parallel_executor.executor.parallel:closing loop
[4.042s] DEBUG:colcon.colcon_parallel_executor.executor.parallel:loop closed
[4.042s] DEBUG:colcon.colcon_parallel_executor.executor.parallel:run_until_complete finished with '1'
[4.042s] DEBUG:colcon.colcon_core.event_reactor:joining thread
[4.042s] DEBUG:colcon.colcon_core.event_reactor:joined thread
[4.043s] INFO:colcon.colcon_core.shell:Creating prefix script '/home/shu/ros2_ws/install/local_setup.ps1'
[4.043s] INFO:colcon.colcon_core.shell:Creating prefix util module '/home/shu/ros2_ws/install/_local_setup_util_ps1.py'
[4.044s] INFO:colcon.colcon_core.shell:Creating prefix chain script '/home/shu/ros2_ws/install/setup.ps1'
[4.045s] INFO:colcon.colcon_core.shell:Creating prefix script '/home/shu/ros2_ws/install/local_setup.sh'
[4.046s] INFO:colcon.colcon_core.shell:Creating prefix util module '/home/shu/ros2_ws/install/_local_setup_util_sh.py'
[4.046s] INFO:colcon.colcon_core.shell:Creating prefix chain script '/home/shu/ros2_ws/install/setup.sh'
[4.047s] INFO:colcon.colcon_core.shell:Creating prefix script '/home/shu/ros2_ws/install/local_setup.bash'
[4.047s] INFO:colcon.colcon_core.shell:Creating prefix chain script '/home/shu/ros2_ws/install/setup.bash'
[4.048s] INFO:colcon.colcon_core.shell:Creating prefix script '/home/shu/ros2_ws/install/local_setup.zsh'
[4.049s] INFO:colcon.colcon_core.shell:Creating prefix chain script '/home/shu/ros2_ws/install/setup.zsh'
