[0.127s] DEBUG:colcon:Command line arguments: ['/usr/bin/colcon', 'build', '--packages-select', 'base_demo_cpp']
[0.128s] DEBUG:colcon:Parsed command line arguments: Namespace(log_base=None, log_level=None, verb_name='build', build_base='build', install_base='install', merge_install=False, symlink_install=False, test_result_base=None, continue_on_error=False, executor='parallel', parallel_workers=4, event_handlers=None, ignore_user_meta=False, metas=['./colcon.meta'], base_paths=['.'], packages_ignore=None, packages_ignore_regex=None, paths=None, packages_up_to=None, packages_up_to_regex=None, packages_above=None, packages_above_and_dependencies=None, packages_above_depth=None, packages_select_by_dep=None, packages_skip_by_dep=None, packages_skip_up_to=None, packages_select_build_failed=False, packages_skip_build_finished=False, packages_select_test_failures=False, packages_skip_test_passed=False, packages_select=['base_demo_cpp'], packages_skip=None, packages_select_regex=None, packages_skip_regex=None, packages_start=None, packages_end=None, allow_overriding=[], cmake_args=None, cmake_target=None, cmake_target_skip_unavailable=False, cmake_clean_cache=False, cmake_clean_first=False, cmake_force_configure=False, ament_cmake_args=None, catkin_cmake_args=None, catkin_skip_building_tests=False, verb_parser=<colcon_defaults.argument_parser.defaults.DefaultArgumentsDecorator object at 0x72bd3df81460>, verb_extension=<colcon_core.verb.build.BuildVerb object at 0x72bd3df812b0>, main=<bound method BuildVerb.main of <colcon_core.verb.build.BuildVerb object at 0x72bd3df812b0>>)
[0.171s] Level 1:colcon.colcon_core.package_discovery:discover_packages(colcon_meta) check parameters
[0.171s] Level 1:colcon.colcon_core.package_discovery:discover_packages(recursive) check parameters
[0.171s] Level 1:colcon.colcon_core.package_discovery:discover_packages(ignore) check parameters
[0.171s] Level 1:colcon.colcon_core.package_discovery:discover_packages(path) check parameters
[0.171s] Level 1:colcon.colcon_core.package_discovery:discover_packages(colcon_meta) discover
[0.171s] Level 1:colcon.colcon_core.package_discovery:discover_packages(recursive) discover
[0.171s] INFO:colcon.colcon_core.package_discovery:Crawling recursively for packages in '/home/shu/ros2_ws'
[0.172s] Level 1:colcon.colcon_core.package_identification:_identify(.) by extensions ['ignore', 'ignore_ament_install']
[0.172s] Level 1:colcon.colcon_core.package_identification:_identify(.) by extension 'ignore'
[0.172s] Level 1:colcon.colcon_core.package_identification:_identify(.) by extension 'ignore_ament_install'
[0.172s] Level 1:colcon.colcon_core.package_identification:_identify(.) by extensions ['colcon_pkg']
[0.172s] Level 1:colcon.colcon_core.package_identification:_identify(.) by extension 'colcon_pkg'
[0.172s] Level 1:colcon.colcon_core.package_identification:_identify(.) by extensions ['colcon_meta']
[0.172s] Level 1:colcon.colcon_core.package_identification:_identify(.) by extension 'colcon_meta'
[0.172s] Level 1:colcon.colcon_core.package_identification:_identify(.) by extensions ['ros']
[0.172s] Level 1:colcon.colcon_core.package_identification:_identify(.) by extension 'ros'
[0.194s] Level 1:colcon.colcon_core.package_identification:_identify(.) by extensions ['cmake', 'python']
[0.194s] Level 1:colcon.colcon_core.package_identification:_identify(.) by extension 'cmake'
[0.194s] Level 1:colcon.colcon_core.package_identification:_identify(.) by extension 'python'
[0.194s] Level 1:colcon.colcon_core.package_identification:_identify(.) by extensions ['python_setup_py']
[0.194s] Level 1:colcon.colcon_core.package_identification:_identify(.) by extension 'python_setup_py'
[0.194s] Level 1:colcon.colcon_core.package_identification:_identify(build) by extensions ['ignore', 'ignore_ament_install']
[0.194s] Level 1:colcon.colcon_core.package_identification:_identify(build) by extension 'ignore'
[0.194s] Level 1:colcon.colcon_core.package_identification:_identify(build) ignored
[0.194s] Level 1:colcon.colcon_core.package_identification:_identify(install) by extensions ['ignore', 'ignore_ament_install']
[0.194s] Level 1:colcon.colcon_core.package_identification:_identify(install) by extension 'ignore'
[0.194s] Level 1:colcon.colcon_core.package_identification:_identify(install) ignored
[0.194s] Level 1:colcon.colcon_core.package_identification:_identify(log) by extensions ['ignore', 'ignore_ament_install']
[0.194s] Level 1:colcon.colcon_core.package_identification:_identify(log) by extension 'ignore'
[0.194s] Level 1:colcon.colcon_core.package_identification:_identify(log) ignored
[0.194s] Level 1:colcon.colcon_core.package_identification:_identify(src) by extensions ['ignore', 'ignore_ament_install']
[0.194s] Level 1:colcon.colcon_core.package_identification:_identify(src) by extension 'ignore'
[0.195s] Level 1:colcon.colcon_core.package_identification:_identify(src) by extension 'ignore_ament_install'
[0.195s] Level 1:colcon.colcon_core.package_identification:_identify(src) by extensions ['colcon_pkg']
[0.195s] Level 1:colcon.colcon_core.package_identification:_identify(src) by extension 'colcon_pkg'
[0.195s] Level 1:colcon.colcon_core.package_identification:_identify(src) by extensions ['colcon_meta']
[0.195s] Level 1:colcon.colcon_core.package_identification:_identify(src) by extension 'colcon_meta'
[0.195s] Level 1:colcon.colcon_core.package_identification:_identify(src) by extensions ['ros']
[0.195s] Level 1:colcon.colcon_core.package_identification:_identify(src) by extension 'ros'
[0.195s] Level 1:colcon.colcon_core.package_identification:_identify(src) by extensions ['cmake', 'python']
[0.195s] Level 1:colcon.colcon_core.package_identification:_identify(src) by extension 'cmake'
[0.195s] Level 1:colcon.colcon_core.package_identification:_identify(src) by extension 'python'
[0.195s] Level 1:colcon.colcon_core.package_identification:_identify(src) by extensions ['python_setup_py']
[0.195s] Level 1:colcon.colcon_core.package_identification:_identify(src) by extension 'python_setup_py'
[0.195s] Level 1:colcon.colcon_core.package_identification:_identify(src/base_demo_cpp) by extensions ['ignore', 'ignore_ament_install']
[0.195s] Level 1:colcon.colcon_core.package_identification:_identify(src/base_demo_cpp) by extension 'ignore'
[0.195s] Level 1:colcon.colcon_core.package_identification:_identify(src/base_demo_cpp) by extension 'ignore_ament_install'
[0.195s] Level 1:colcon.colcon_core.package_identification:_identify(src/base_demo_cpp) by extensions ['colcon_pkg']
[0.195s] Level 1:colcon.colcon_core.package_identification:_identify(src/base_demo_cpp) by extension 'colcon_pkg'
[0.195s] Level 1:colcon.colcon_core.package_identification:_identify(src/base_demo_cpp) by extensions ['colcon_meta']
[0.195s] Level 1:colcon.colcon_core.package_identification:_identify(src/base_demo_cpp) by extension 'colcon_meta'
[0.195s] Level 1:colcon.colcon_core.package_identification:_identify(src/base_demo_cpp) by extensions ['ros']
[0.195s] Level 1:colcon.colcon_core.package_identification:_identify(src/base_demo_cpp) by extension 'ros'
[0.198s] DEBUG:colcon.colcon_core.package_identification:Package 'src/base_demo_cpp' with type 'ros.ament_cmake' and name 'base_demo_cpp'
[0.198s] Level 1:colcon.colcon_core.package_discovery:discover_packages(recursive) using defaults
[0.198s] Level 1:colcon.colcon_core.package_discovery:discover_packages(ignore) discover
[0.198s] Level 1:colcon.colcon_core.package_discovery:discover_packages(ignore) using defaults
[0.198s] Level 1:colcon.colcon_core.package_discovery:discover_packages(path) discover
[0.198s] Level 1:colcon.colcon_core.package_discovery:discover_packages(path) using defaults
[0.216s] Level 1:colcon.colcon_core.package_discovery:discover_packages(prefix_path) check parameters
[0.216s] Level 1:colcon.colcon_core.package_discovery:discover_packages(prefix_path) discover
[0.219s] DEBUG:colcon.colcon_installed_package_information.package_discovery:Found 1 installed packages in /home/shu/ros2_ws/install
[0.221s] DEBUG:colcon.colcon_installed_package_information.package_discovery:Found 287 installed packages in /opt/ros/jazzy
[0.221s] Level 1:colcon.colcon_core.package_discovery:discover_packages(prefix_path) using defaults
[0.309s] Level 5:colcon.colcon_core.verb:set package 'base_demo_cpp' build argument 'cmake_args' from command line to 'None'
[0.309s] Level 5:colcon.colcon_core.verb:set package 'base_demo_cpp' build argument 'cmake_target' from command line to 'None'
[0.309s] Level 5:colcon.colcon_core.verb:set package 'base_demo_cpp' build argument 'cmake_target_skip_unavailable' from command line to 'False'
[0.309s] Level 5:colcon.colcon_core.verb:set package 'base_demo_cpp' build argument 'cmake_clean_cache' from command line to 'False'
[0.309s] Level 5:colcon.colcon_core.verb:set package 'base_demo_cpp' build argument 'cmake_clean_first' from command line to 'False'
[0.310s] Level 5:colcon.colcon_core.verb:set package 'base_demo_cpp' build argument 'cmake_force_configure' from command line to 'False'
[0.310s] Level 5:colcon.colcon_core.verb:set package 'base_demo_cpp' build argument 'ament_cmake_args' from command line to 'None'
[0.310s] Level 5:colcon.colcon_core.verb:set package 'base_demo_cpp' build argument 'catkin_cmake_args' from command line to 'None'
[0.310s] Level 5:colcon.colcon_core.verb:set package 'base_demo_cpp' build argument 'catkin_skip_building_tests' from command line to 'False'
[0.310s] DEBUG:colcon.colcon_core.verb:Building package 'base_demo_cpp' with the following arguments: {'ament_cmake_args': None, 'build_base': '/home/shu/ros2_ws/build/base_demo_cpp', 'catkin_cmake_args': None, 'catkin_skip_building_tests': False, 'cmake_args': None, 'cmake_clean_cache': False, 'cmake_clean_first': False, 'cmake_force_configure': False, 'cmake_target': None, 'cmake_target_skip_unavailable': False, 'install_base': '/home/shu/ros2_ws/install/base_demo_cpp', 'merge_install': False, 'path': '/home/shu/ros2_ws/src/base_demo_cpp', 'symlink_install': False, 'test_result_base': None}
[0.310s] INFO:colcon.colcon_core.executor:Executing jobs using 'parallel' executor
[0.310s] DEBUG:colcon.colcon_parallel_executor.executor.parallel:run_until_complete
[0.310s] INFO:colcon.colcon_ros.task.ament_cmake.build:Building ROS package in '/home/shu/ros2_ws/src/base_demo_cpp' with build type 'ament_cmake'
[0.311s] INFO:colcon.colcon_cmake.task.cmake.build:Building CMake package in '/home/shu/ros2_ws/src/base_demo_cpp'
[0.316s] INFO:colcon.colcon_core.plugin_system:Skipping extension 'colcon_core.shell.bat': Not used on non-Windows systems
[0.316s] INFO:colcon.colcon_core.shell:Skip shell extension 'powershell' for command environment: Not usable outside of PowerShell
[0.316s] DEBUG:colcon.colcon_core.shell:Skip shell extension 'dsv' for command environment
[0.323s] DEBUG:colcon.colcon_core.event_handler.log_command:Invoking command in '/home/shu/ros2_ws/build/base_demo_cpp': CMAKE_PREFIX_PATH=${CMAKE_PREFIX_PATH}:/opt/ros/jazzy DEBUGINFOD_URLS=https://debuginfod.ubuntu.com /usr/bin/cmake --build /home/shu/ros2_ws/build/base_demo_cpp -- -j4 -l4
[0.679s] DEBUG:colcon.colcon_core.event_handler.log_command:Invoked command in '/home/shu/ros2_ws/build/base_demo_cpp' returned '0': CMAKE_PREFIX_PATH=${CMAKE_PREFIX_PATH}:/opt/ros/jazzy DEBUGINFOD_URLS=https://debuginfod.ubuntu.com /usr/bin/cmake --build /home/shu/ros2_ws/build/base_demo_cpp -- -j4 -l4
[0.688s] DEBUG:colcon.colcon_core.event_handler.log_command:Invoking command in '/home/shu/ros2_ws/build/base_demo_cpp': CMAKE_PREFIX_PATH=${CMAKE_PREFIX_PATH}:/opt/ros/jazzy DEBUGINFOD_URLS=https://debuginfod.ubuntu.com /usr/bin/cmake --install /home/shu/ros2_ws/build/base_demo_cpp
[0.737s] Level 1:colcon.colcon_core.environment:create_environment_scripts_only(base_demo_cpp)
[0.737s] DEBUG:colcon.colcon_core.event_handler.log_command:Invoked command in '/home/shu/ros2_ws/build/base_demo_cpp' returned '0': CMAKE_PREFIX_PATH=${CMAKE_PREFIX_PATH}:/opt/ros/jazzy DEBUGINFOD_URLS=https://debuginfod.ubuntu.com /usr/bin/cmake --install /home/shu/ros2_ws/build/base_demo_cpp
[0.741s] Level 1:colcon.colcon_core.environment:checking '/home/shu/ros2_ws/install/base_demo_cpp' for CMake module files
[0.741s] Level 1:colcon.colcon_core.environment:checking '/home/shu/ros2_ws/install/base_demo_cpp' for CMake config files
[0.741s] Level 1:colcon.colcon_core.shell:create_environment_hook('base_demo_cpp', 'cmake_prefix_path')
[0.742s] INFO:colcon.colcon_core.shell:Creating environment hook '/home/shu/ros2_ws/install/base_demo_cpp/share/base_demo_cpp/hook/cmake_prefix_path.ps1'
[0.742s] INFO:colcon.colcon_core.shell:Creating environment descriptor '/home/shu/ros2_ws/install/base_demo_cpp/share/base_demo_cpp/hook/cmake_prefix_path.dsv'
[0.743s] INFO:colcon.colcon_core.shell:Creating environment hook '/home/shu/ros2_ws/install/base_demo_cpp/share/base_demo_cpp/hook/cmake_prefix_path.sh'
[0.744s] Level 1:colcon.colcon_core.environment:checking '/home/shu/ros2_ws/install/base_demo_cpp/lib'
[0.744s] Level 1:colcon.colcon_core.shell:create_environment_hook('base_demo_cpp', 'ld_library_path_lib')
[0.744s] INFO:colcon.colcon_core.shell:Creating environment hook '/home/shu/ros2_ws/install/base_demo_cpp/share/base_demo_cpp/hook/ld_library_path_lib.ps1'
[0.744s] INFO:colcon.colcon_core.shell:Creating environment descriptor '/home/shu/ros2_ws/install/base_demo_cpp/share/base_demo_cpp/hook/ld_library_path_lib.dsv'
[0.744s] INFO:colcon.colcon_core.shell:Creating environment hook '/home/shu/ros2_ws/install/base_demo_cpp/share/base_demo_cpp/hook/ld_library_path_lib.sh'
[0.745s] Level 1:colcon.colcon_core.environment:checking '/home/shu/ros2_ws/install/base_demo_cpp/bin'
[0.745s] Level 1:colcon.colcon_core.environment:checking '/home/shu/ros2_ws/install/base_demo_cpp/lib/pkgconfig/base_demo_cpp.pc'
[0.745s] Level 1:colcon.colcon_core.environment:checking '/home/shu/ros2_ws/install/base_demo_cpp/lib/python3.12/site-packages'
[0.745s] Level 1:colcon.colcon_core.shell:create_environment_hook('base_demo_cpp', 'pythonpath')
[0.745s] INFO:colcon.colcon_core.shell:Creating environment hook '/home/shu/ros2_ws/install/base_demo_cpp/share/base_demo_cpp/hook/pythonpath.ps1'
[0.746s] INFO:colcon.colcon_core.shell:Creating environment descriptor '/home/shu/ros2_ws/install/base_demo_cpp/share/base_demo_cpp/hook/pythonpath.dsv'
[0.746s] INFO:colcon.colcon_core.shell:Creating environment hook '/home/shu/ros2_ws/install/base_demo_cpp/share/base_demo_cpp/hook/pythonpath.sh'
[0.746s] Level 1:colcon.colcon_core.environment:checking '/home/shu/ros2_ws/install/base_demo_cpp/bin'
[0.747s] INFO:colcon.colcon_core.shell:Creating package script '/home/shu/ros2_ws/install/base_demo_cpp/share/base_demo_cpp/package.ps1'
[0.747s] INFO:colcon.colcon_core.shell:Creating package descriptor '/home/shu/ros2_ws/install/base_demo_cpp/share/base_demo_cpp/package.dsv'
[0.748s] INFO:colcon.colcon_core.shell:Creating package script '/home/shu/ros2_ws/install/base_demo_cpp/share/base_demo_cpp/package.sh'
[0.748s] INFO:colcon.colcon_core.shell:Creating package script '/home/shu/ros2_ws/install/base_demo_cpp/share/base_demo_cpp/package.bash'
[0.749s] INFO:colcon.colcon_core.shell:Creating package script '/home/shu/ros2_ws/install/base_demo_cpp/share/base_demo_cpp/package.zsh'
[0.750s] Level 1:colcon.colcon_core.environment:create_file_with_runtime_dependencies(/home/shu/ros2_ws/install/base_demo_cpp/share/colcon-core/packages/base_demo_cpp)
[0.750s] Level 1:colcon.colcon_core.environment:create_environment_scripts_only(base_demo_cpp)
[0.750s] Level 1:colcon.colcon_core.environment:checking '/home/shu/ros2_ws/install/base_demo_cpp' for CMake module files
[0.750s] Level 1:colcon.colcon_core.environment:checking '/home/shu/ros2_ws/install/base_demo_cpp' for CMake config files
[0.751s] Level 1:colcon.colcon_core.shell:create_environment_hook('base_demo_cpp', 'cmake_prefix_path')
[0.751s] INFO:colcon.colcon_core.shell:Creating environment hook '/home/shu/ros2_ws/install/base_demo_cpp/share/base_demo_cpp/hook/cmake_prefix_path.ps1'
[0.751s] INFO:colcon.colcon_core.shell:Creating environment descriptor '/home/shu/ros2_ws/install/base_demo_cpp/share/base_demo_cpp/hook/cmake_prefix_path.dsv'
[0.751s] INFO:colcon.colcon_core.shell:Creating environment hook '/home/shu/ros2_ws/install/base_demo_cpp/share/base_demo_cpp/hook/cmake_prefix_path.sh'
[0.752s] Level 1:colcon.colcon_core.environment:checking '/home/shu/ros2_ws/install/base_demo_cpp/lib'
[0.752s] Level 1:colcon.colcon_core.shell:create_environment_hook('base_demo_cpp', 'ld_library_path_lib')
[0.752s] INFO:colcon.colcon_core.shell:Creating environment hook '/home/shu/ros2_ws/install/base_demo_cpp/share/base_demo_cpp/hook/ld_library_path_lib.ps1'
[0.752s] INFO:colcon.colcon_core.shell:Creating environment descriptor '/home/shu/ros2_ws/install/base_demo_cpp/share/base_demo_cpp/hook/ld_library_path_lib.dsv'
[0.753s] INFO:colcon.colcon_core.shell:Creating environment hook '/home/shu/ros2_ws/install/base_demo_cpp/share/base_demo_cpp/hook/ld_library_path_lib.sh'
[0.753s] Level 1:colcon.colcon_core.environment:checking '/home/shu/ros2_ws/install/base_demo_cpp/bin'
[0.753s] Level 1:colcon.colcon_core.environment:checking '/home/shu/ros2_ws/install/base_demo_cpp/lib/pkgconfig/base_demo_cpp.pc'
[0.753s] Level 1:colcon.colcon_core.environment:checking '/home/shu/ros2_ws/install/base_demo_cpp/lib/python3.12/site-packages'
[0.753s] Level 1:colcon.colcon_core.shell:create_environment_hook('base_demo_cpp', 'pythonpath')
[0.753s] INFO:colcon.colcon_core.shell:Creating environment hook '/home/shu/ros2_ws/install/base_demo_cpp/share/base_demo_cpp/hook/pythonpath.ps1'
[0.754s] INFO:colcon.colcon_core.shell:Creating environment descriptor '/home/shu/ros2_ws/install/base_demo_cpp/share/base_demo_cpp/hook/pythonpath.dsv'
[0.754s] INFO:colcon.colcon_core.shell:Creating environment hook '/home/shu/ros2_ws/install/base_demo_cpp/share/base_demo_cpp/hook/pythonpath.sh'
[0.754s] Level 1:colcon.colcon_core.environment:checking '/home/shu/ros2_ws/install/base_demo_cpp/bin'
[0.754s] INFO:colcon.colcon_core.shell:Creating package script '/home/shu/ros2_ws/install/base_demo_cpp/share/base_demo_cpp/package.ps1'
[0.755s] INFO:colcon.colcon_core.shell:Creating package descriptor '/home/shu/ros2_ws/install/base_demo_cpp/share/base_demo_cpp/package.dsv'
[0.755s] INFO:colcon.colcon_core.shell:Creating package script '/home/shu/ros2_ws/install/base_demo_cpp/share/base_demo_cpp/package.sh'
[0.756s] INFO:colcon.colcon_core.shell:Creating package script '/home/shu/ros2_ws/install/base_demo_cpp/share/base_demo_cpp/package.bash'
[0.756s] INFO:colcon.colcon_core.shell:Creating package script '/home/shu/ros2_ws/install/base_demo_cpp/share/base_demo_cpp/package.zsh'
[0.756s] Level 1:colcon.colcon_core.environment:create_file_with_runtime_dependencies(/home/shu/ros2_ws/install/base_demo_cpp/share/colcon-core/packages/base_demo_cpp)
[0.757s] DEBUG:colcon.colcon_parallel_executor.executor.parallel:closing loop
[0.757s] DEBUG:colcon.colcon_parallel_executor.executor.parallel:loop closed
[0.757s] DEBUG:colcon.colcon_parallel_executor.executor.parallel:run_until_complete finished with '0'
[0.757s] DEBUG:colcon.colcon_core.event_reactor:joining thread
[0.758s] DEBUG:colcon.colcon_core.event_reactor:joined thread
[0.758s] INFO:colcon.colcon_core.shell:Creating prefix script '/home/shu/ros2_ws/install/local_setup.ps1'
[0.759s] INFO:colcon.colcon_core.shell:Creating prefix util module '/home/shu/ros2_ws/install/_local_setup_util_ps1.py'
[0.760s] INFO:colcon.colcon_core.shell:Creating prefix chain script '/home/shu/ros2_ws/install/setup.ps1'
[0.761s] INFO:colcon.colcon_core.shell:Creating prefix script '/home/shu/ros2_ws/install/local_setup.sh'
[0.761s] INFO:colcon.colcon_core.shell:Creating prefix util module '/home/shu/ros2_ws/install/_local_setup_util_sh.py'
[0.761s] INFO:colcon.colcon_core.shell:Creating prefix chain script '/home/shu/ros2_ws/install/setup.sh'
[0.762s] INFO:colcon.colcon_core.shell:Creating prefix script '/home/shu/ros2_ws/install/local_setup.bash'
[0.763s] INFO:colcon.colcon_core.shell:Creating prefix chain script '/home/shu/ros2_ws/install/setup.bash'
[0.763s] INFO:colcon.colcon_core.shell:Creating prefix script '/home/shu/ros2_ws/install/local_setup.zsh'
[0.764s] INFO:colcon.colcon_core.shell:Creating prefix chain script '/home/shu/ros2_ws/install/setup.zsh'
