[0.015s] Invoking command in '/home/shu/ros2_ws/build/base_demo_cpp': CMAKE_PREFIX_PATH=${CMAKE_PREFIX_PATH}:/opt/ros/jazzy DEBUGINFOD_URLS=https://debuginfod.ubuntu.com /usr/bin/cmake /home/shu/ros2_ws/src/base_demo_cpp -DCMAKE_INSTALL_PREFIX=/home/shu/ros2_ws/install/base_demo_cpp
[0.173s] -- The C compiler identification is GNU 13.3.0
[0.258s] -- The CXX compiler identification is GNU 13.3.0
[0.279s] -- Detecting C compiler ABI info
[0.346s] -- Detecting C compiler ABI info - done
[0.353s] -- Check for working C compiler: /usr/bin/cc - skipped
[0.354s] -- Detecting C compile features
[0.355s] -- Detecting C compile features - done
[0.365s] -- Detecting CXX compiler ABI info
[0.456s] -- Detecting CXX compiler ABI info - done
[0.465s] -- Check for working CXX compiler: /usr/bin/c++ - skipped
[0.465s] -- Detecting CXX compile features
[0.466s] -- Detecting CXX compile features - done
[0.479s] -- Found ament_cmake: 2.5.6 (/opt/ros/jazzy/share/ament_cmake/cmake)
[0.613s] -- Found Python3: /usr/bin/python3 (found version "3.12.3") found components: Interpreter 
[0.732s] -- Found rclcpp: 28.1.18 (/opt/ros/jazzy/share/rclcpp/cmake)
[0.798s] -- Found rosidl_generator_c: 4.6.7 (/opt/ros/jazzy/share/rosidl_generator_c/cmake)
[0.815s] -- Found rosidl_generator_cpp: 4.6.7 (/opt/ros/jazzy/share/rosidl_generator_cpp/cmake)
[0.840s] -- Using all available rosidl_typesupport_c: rosidl_typesupport_fastrtps_c;rosidl_typesupport_introspection_c
[0.864s] -- Using all available rosidl_typesupport_cpp: rosidl_typesupport_fastrtps_cpp;rosidl_typesupport_introspection_cpp
[0.959s] -- Found rmw_implementation_cmake: 7.3.3 (/opt/ros/jazzy/share/rmw_implementation_cmake/cmake)
[0.964s] -- Found rmw_fastrtps_cpp: 8.4.3 (/opt/ros/jazzy/share/rmw_fastrtps_cpp/cmake)
[1.045s] -- Found OpenSSL: /usr/lib/x86_64-linux-gnu/libcrypto.so (found version "3.0.13")  
[1.063s] -- Found FastRTPS: /opt/ros/jazzy/include (Required is at least version "2.13") 
[1.082s] -- Using RMW implementation 'rmw_fastrtps_cpp' as default
[1.171s] -- Found std_msgs: 5.3.7 (/opt/ros/jazzy/share/std_msgs/cmake)
[1.191s] -- Found ament_lint_auto: 0.17.5 (/opt/ros/jazzy/share/ament_lint_auto/cmake)
[1.292s] -- Added test 'cppcheck' to perform static code analysis on C / C++ code
[1.292s] -- Configured cppcheck include dirs: 
[1.292s] -- Configured cppcheck exclude dirs and/or files: 
[1.293s] -- Added test 'lint_cmake' to check CMake code style
[1.295s] -- Added test 'uncrustify' to check C / C++ code style
[1.295s] -- Configured uncrustify additional arguments: 
[1.296s] -- Added test 'xmllint' to check XML markup files
[1.298s] -- Configuring done (1.2s)
[1.307s] -- Generating done (0.0s)
[1.310s] -- Build files have been written to: /home/shu/ros2_ws/build/base_demo_cpp
[1.319s] Invoked command in '/home/shu/ros2_ws/build/base_demo_cpp' returned '0': CMAKE_PREFIX_PATH=${CMAKE_PREFIX_PATH}:/opt/ros/jazzy DEBUGINFOD_URLS=https://debuginfod.ubuntu.com /usr/bin/cmake /home/shu/ros2_ws/src/base_demo_cpp -DCMAKE_INSTALL_PREFIX=/home/shu/ros2_ws/install/base_demo_cpp
[1.320s] Invoking command in '/home/shu/ros2_ws/build/base_demo_cpp': CMAKE_PREFIX_PATH=${CMAKE_PREFIX_PATH}:/opt/ros/jazzy DEBUGINFOD_URLS=https://debuginfod.ubuntu.com /usr/bin/cmake --build /home/shu/ros2_ws/build/base_demo_cpp -- -j4 -l4
[1.357s] [ 25%] [32mBuilding CXX object CMakeFiles/talker_node.dir/src/talker_node.cpp.o[0m
[1.358s] [ 50%] [32mBuilding CXX object CMakeFiles/listener_node.dir/src/listener_node.cpp.o[0m
[4.904s] [ 75%] [32m[1mLinking CXX executable talker_node[0m
[5.129s] [ 75%] Built target talker_node
[7.375s] [100%] [32m[1mLinking CXX executable listener_node[0m
[7.575s] [100%] Built target listener_node
[7.586s] Invoked command in '/home/shu/ros2_ws/build/base_demo_cpp' returned '0': CMAKE_PREFIX_PATH=${CMAKE_PREFIX_PATH}:/opt/ros/jazzy DEBUGINFOD_URLS=https://debuginfod.ubuntu.com /usr/bin/cmake --build /home/shu/ros2_ws/build/base_demo_cpp -- -j4 -l4
[7.597s] Invoking command in '/home/shu/ros2_ws/build/base_demo_cpp': CMAKE_PREFIX_PATH=${CMAKE_PREFIX_PATH}:/opt/ros/jazzy DEBUGINFOD_URLS=https://debuginfod.ubuntu.com /usr/bin/cmake --install /home/shu/ros2_ws/build/base_demo_cpp
[7.605s] -- Install configuration: ""
[7.605s] -- Installing: /home/shu/ros2_ws/install/base_demo_cpp/lib/base_demo_cpp/talker_node
[7.605s] -- Set non-toolchain portion of runtime path of "/home/shu/ros2_ws/install/base_demo_cpp/lib/base_demo_cpp/talker_node" to ""
[7.605s] -- Installing: /home/shu/ros2_ws/install/base_demo_cpp/lib/base_demo_cpp/listener_node
[7.608s] -- Set non-toolchain portion of runtime path of "/home/shu/ros2_ws/install/base_demo_cpp/lib/base_demo_cpp/listener_node" to ""
[7.608s] -- Installing: /home/shu/ros2_ws/install/base_demo_cpp/share/ament_index/resource_index/package_run_dependencies/base_demo_cpp
[7.608s] -- Installing: /home/shu/ros2_ws/install/base_demo_cpp/share/ament_index/resource_index/parent_prefix_path/base_demo_cpp
[7.609s] -- Installing: /home/shu/ros2_ws/install/base_demo_cpp/share/base_demo_cpp/environment/ament_prefix_path.sh
[7.609s] -- Installing: /home/shu/ros2_ws/install/base_demo_cpp/share/base_demo_cpp/environment/ament_prefix_path.dsv
[7.609s] -- Installing: /home/shu/ros2_ws/install/base_demo_cpp/share/base_demo_cpp/environment/path.sh
[7.610s] -- Installing: /home/shu/ros2_ws/install/base_demo_cpp/share/base_demo_cpp/environment/path.dsv
[7.610s] -- Installing: /home/shu/ros2_ws/install/base_demo_cpp/share/base_demo_cpp/local_setup.bash
[7.610s] -- Installing: /home/shu/ros2_ws/install/base_demo_cpp/share/base_demo_cpp/local_setup.sh
[7.610s] -- Installing: /home/shu/ros2_ws/install/base_demo_cpp/share/base_demo_cpp/local_setup.zsh
[7.610s] -- Installing: /home/shu/ros2_ws/install/base_demo_cpp/share/base_demo_cpp/local_setup.dsv
[7.611s] -- Installing: /home/shu/ros2_ws/install/base_demo_cpp/share/base_demo_cpp/package.dsv
[7.611s] -- Installing: /home/shu/ros2_ws/install/base_demo_cpp/share/ament_index/resource_index/packages/base_demo_cpp
[7.611s] -- Installing: /home/shu/ros2_ws/install/base_demo_cpp/share/base_demo_cpp/cmake/base_demo_cppConfig.cmake
[7.611s] -- Installing: /home/shu/ros2_ws/install/base_demo_cpp/share/base_demo_cpp/cmake/base_demo_cppConfig-version.cmake
[7.611s] -- Installing: /home/shu/ros2_ws/install/base_demo_cpp/share/base_demo_cpp/package.xml
[7.613s] Invoked command in '/home/shu/ros2_ws/build/base_demo_cpp' returned '0': CMAKE_PREFIX_PATH=${CMAKE_PREFIX_PATH}:/opt/ros/jazzy DEBUGINFOD_URLS=https://debuginfod.ubuntu.com /usr/bin/cmake --install /home/shu/ros2_ws/build/base_demo_cpp
