-- Found ament_cmake: 2.5.6 (/opt/ros/jazzy/share/ament_cmake/cmake)
-- Found rclcpp: 28.1.18 (/opt/ros/jazzy/share/rclcpp/cmake)
-- Found rosidl_generator_c: 4.6.7 (/opt/ros/jazzy/share/rosidl_generator_c/cmake)
-- Found rosidl_generator_cpp: 4.6.7 (/opt/ros/jazzy/share/rosidl_generator_cpp/cmake)
-- Using all available rosidl_typesupport_c: rosidl_typesupport_fastrtps_c;rosidl_typesupport_introspection_c
-- Using all available rosidl_typesupport_cpp: rosidl_typesupport_fastrtps_cpp;rosidl_typesupport_introspection_cpp
-- Found rmw_implementation_cmake: 7.3.3 (/opt/ros/jazzy/share/rmw_implementation_cmake/cmake)
-- Found rmw_fastrtps_cpp: 8.4.3 (/opt/ros/jazzy/share/rmw_fastrtps_cpp/cmake)
-- Using RMW implementation 'rmw_fastrtps_cpp' as default
-- Found geometry_msgs: 5.3.7 (/opt/ros/jazzy/share/geometry_msgs/cmake)
-- Found rosidl_default_generators: 1.6.0 (/opt/ros/jazzy/share/rosidl_default_generators/cmake)
-- Found rosidl_adapter: 4.6.7 (/opt/ros/jazzy/share/rosidl_adapter/cmake)
-- Found ament_cmake_ros: 0.12.0 (/opt/ros/jazzy/share/ament_cmake_ros/cmake)
-- Using all available rosidl_typesupport_c: rosidl_typesupport_fastrtps_c;rosidl_typesupport_introspection_c
-- Using all available rosidl_typesupport_cpp: rosidl_typesupport_fastrtps_cpp;rosidl_typesupport_introspection_cpp
-- Found python_cmake_module: 0.11.1 (/opt/ros/jazzy/share/python_cmake_module/cmake)
-- Found Python3: /usr/bin/python3 (found version "3.12.3") found components: Interpreter Development NumPy Development.Module Development.Embed 
-- Found Python3: /usr/bin/python3 (found version "3.12.3") found components: Interpreter 
-- Found ament_lint_auto: 0.17.5 (/opt/ros/jazzy/share/ament_lint_auto/cmake)
-- Added test 'cppcheck' to perform static code analysis on C / C++ code
-- Configured cppcheck include dirs: $<BUILD_INTERFACE:/home/shu/ros2_ws/src/base_demo_cpp/include>
-- Configured cppcheck exclude dirs and/or files: 
-- Added test 'flake8' to check Python code syntax and style conventions
-- Configured 'flake8' exclude dirs and/or files: 
-- Added test 'lint_cmake' to check CMake code style
-- Added test 'pep257' to check Python code against some of the docstring style conventions in PEP 257
-- Added test 'uncrustify' to check C / C++ code style
-- Configured uncrustify additional arguments: 
-- Added test 'xmllint' to check XML markup files
-- Configuring done (1.1s)
-- Generating done (0.1s)
-- Build files have been written to: /home/shu/ros2_ws/build/base_demo_cpp
[  2%] Built target base_demo_cpp__rosidl_generator_type_description
[  4%] Built target base_demo_cpp__rs
[  6%] [32mBuilding CXX object CMakeFiles/tcp_client.dir/src/tcp_client.cpp.o[0m
[  6%] Built target ament_cmake_python_copy_base_demo_cpp
[ 17%] Built target base_demo_cpp__rosidl_generator_c
[ 22%] Built target cmd_vel_test_node
[ 24%] Built target base_demo_cpp__cpp
[ 31%] Built target base_demo_cpp__rosidl_typesupport_fastrtps_c
[ 37%] Built target base_demo_cpp__rosidl_typesupport_introspection_c
[ 44%] Built target base_demo_cpp__rosidl_typesupport_c
[ 51%] Built target base_demo_cpp__rosidl_typesupport_introspection_cpp
[ 64%] Built target base_demo_cpp__rosidl_typesupport_fastrtps_cpp
[ 62%] Built target base_demo_cpp__rosidl_typesupport_cpp
[ 64%] Built target base_demo_cpp
[ 68%] Built target base_status_listener_node
[ 71%] Built target base_demo_cpp__py
[ 75%] Built target base_demo_cpp__rosidl_generator_py
[ 80%] Built target base_demo_cpp_s__rosidl_typesupport_introspection_c
[ 84%] Built target base_demo_cpp_s__rosidl_typesupport_fastrtps_c
[ 86%] [32m[1mLinking CXX static library libtcp_client.a[0m
[ 91%] Built target base_demo_cpp_s__rosidl_typesupport_c
[ 91%] Built target tcp_client
running egg_info
writing base_demo_cpp.egg-info/PKG-INFO
writing dependency_links to base_demo_cpp.egg-info/dependency_links.txt
writing top-level names to base_demo_cpp.egg-info/top_level.txt
[ 93%] [32m[1mLinking CXX executable tcp_client_test_node[0m
[ 95%] [32m[1mLinking CXX executable base_node[0m
reading manifest file 'base_demo_cpp.egg-info/SOURCES.txt'
writing manifest file 'base_demo_cpp.egg-info/SOURCES.txt'
[ 95%] Built target ament_cmake_python_build_base_demo_cpp_egg
[ 97%] Built target tcp_client_test_node
[100%] Built target base_node
-- Install configuration: ""
-- Up-to-date: /home/shu/ros2_ws/install/base_demo_cpp/share/ament_index/resource_index/rosidl_interfaces/base_demo_cpp
-- Up-to-date: /home/shu/ros2_ws/install/base_demo_cpp/share/base_demo_cpp/msg/BaseStatus.json
-- Up-to-date: /home/shu/ros2_ws/install/base_demo_cpp/include/base_demo_cpp/base_demo_cpp
-- Up-to-date: /home/shu/ros2_ws/install/base_demo_cpp/include/base_demo_cpp/base_demo_cpp/msg
-- Up-to-date: /home/shu/ros2_ws/install/base_demo_cpp/include/base_demo_cpp/base_demo_cpp/msg/detail
-- Up-to-date: /home/shu/ros2_ws/install/base_demo_cpp/include/base_demo_cpp/base_demo_cpp/msg/detail/base_status__type_support.h
-- Up-to-date: /home/shu/ros2_ws/install/base_demo_cpp/include/base_demo_cpp/base_demo_cpp/msg/detail/base_status__functions.h
-- Up-to-date: /home/shu/ros2_ws/install/base_demo_cpp/include/base_demo_cpp/base_demo_cpp/msg/detail/base_status__description.c
-- Up-to-date: /home/shu/ros2_ws/install/base_demo_cpp/include/base_demo_cpp/base_demo_cpp/msg/detail/base_status__functions.c
-- Up-to-date: /home/shu/ros2_ws/install/base_demo_cpp/include/base_demo_cpp/base_demo_cpp/msg/detail/base_status__struct.h
-- Up-to-date: /home/shu/ros2_ws/install/base_demo_cpp/include/base_demo_cpp/base_demo_cpp/msg/detail/base_status__type_support.c
-- Up-to-date: /home/shu/ros2_ws/install/base_demo_cpp/include/base_demo_cpp/base_demo_cpp/msg/rosidl_generator_c__visibility_control.h
-- Up-to-date: /home/shu/ros2_ws/install/base_demo_cpp/include/base_demo_cpp/base_demo_cpp/msg/base_status.h
-- Up-to-date: /home/shu/ros2_ws/install/base_demo_cpp/share/base_demo_cpp/environment/library_path.sh
-- Up-to-date: /home/shu/ros2_ws/install/base_demo_cpp/share/base_demo_cpp/environment/library_path.dsv
-- Up-to-date: /home/shu/ros2_ws/install/base_demo_cpp/lib/libbase_demo_cpp__rosidl_generator_c.so
-- Up-to-date: /home/shu/ros2_ws/install/base_demo_cpp/include/base_demo_cpp/base_demo_cpp
-- Up-to-date: /home/shu/ros2_ws/install/base_demo_cpp/include/base_demo_cpp/base_demo_cpp/msg
-- Up-to-date: /home/shu/ros2_ws/install/base_demo_cpp/include/base_demo_cpp/base_demo_cpp/msg/detail
-- Up-to-date: /home/shu/ros2_ws/install/base_demo_cpp/include/base_demo_cpp/base_demo_cpp/msg/detail/base_status__rosidl_typesupport_fastrtps_c.h
-- Up-to-date: /home/shu/ros2_ws/install/base_demo_cpp/include/base_demo_cpp/base_demo_cpp/msg/rosidl_typesupport_fastrtps_c__visibility_control.h
-- Up-to-date: /home/shu/ros2_ws/install/base_demo_cpp/lib/libbase_demo_cpp__rosidl_typesupport_fastrtps_c.so
-- Up-to-date: /home/shu/ros2_ws/install/base_demo_cpp/include/base_demo_cpp/base_demo_cpp
-- Up-to-date: /home/shu/ros2_ws/install/base_demo_cpp/include/base_demo_cpp/base_demo_cpp/msg
-- Up-to-date: /home/shu/ros2_ws/install/base_demo_cpp/include/base_demo_cpp/base_demo_cpp/msg/detail
-- Up-to-date: /home/shu/ros2_ws/install/base_demo_cpp/include/base_demo_cpp/base_demo_cpp/msg/detail/base_status__type_support.hpp
-- Up-to-date: /home/shu/ros2_ws/install/base_demo_cpp/include/base_demo_cpp/base_demo_cpp/msg/detail/base_status__builder.hpp
-- Up-to-date: /home/shu/ros2_ws/install/base_demo_cpp/include/base_demo_cpp/base_demo_cpp/msg/detail/base_status__struct.hpp
-- Up-to-date: /home/shu/ros2_ws/install/base_demo_cpp/include/base_demo_cpp/base_demo_cpp/msg/detail/base_status__traits.hpp
-- Up-to-date: /home/shu/ros2_ws/install/base_demo_cpp/include/base_demo_cpp/base_demo_cpp/msg/rosidl_generator_cpp__visibility_control.hpp
-- Up-to-date: /home/shu/ros2_ws/install/base_demo_cpp/include/base_demo_cpp/base_demo_cpp/msg/base_status.hpp
-- Up-to-date: /home/shu/ros2_ws/install/base_demo_cpp/include/base_demo_cpp/base_demo_cpp
-- Up-to-date: /home/shu/ros2_ws/install/base_demo_cpp/include/base_demo_cpp/base_demo_cpp/msg
-- Up-to-date: /home/shu/ros2_ws/install/base_demo_cpp/include/base_demo_cpp/base_demo_cpp/msg/detail
-- Up-to-date: /home/shu/ros2_ws/install/base_demo_cpp/include/base_demo_cpp/base_demo_cpp/msg/detail/dds_fastrtps
-- Up-to-date: /home/shu/ros2_ws/install/base_demo_cpp/include/base_demo_cpp/base_demo_cpp/msg/detail/base_status__rosidl_typesupport_fastrtps_cpp.hpp
-- Up-to-date: /home/shu/ros2_ws/install/base_demo_cpp/include/base_demo_cpp/base_demo_cpp/msg/rosidl_typesupport_fastrtps_cpp__visibility_control.h
-- Up-to-date: /home/shu/ros2_ws/install/base_demo_cpp/lib/libbase_demo_cpp__rosidl_typesupport_fastrtps_cpp.so
-- Up-to-date: /home/shu/ros2_ws/install/base_demo_cpp/include/base_demo_cpp/base_demo_cpp
-- Up-to-date: /home/shu/ros2_ws/install/base_demo_cpp/include/base_demo_cpp/base_demo_cpp/msg
-- Up-to-date: /home/shu/ros2_ws/install/base_demo_cpp/include/base_demo_cpp/base_demo_cpp/msg/detail
-- Up-to-date: /home/shu/ros2_ws/install/base_demo_cpp/include/base_demo_cpp/base_demo_cpp/msg/detail/base_status__rosidl_typesupport_introspection_c.h
-- Up-to-date: /home/shu/ros2_ws/install/base_demo_cpp/include/base_demo_cpp/base_demo_cpp/msg/detail/base_status__type_support.c
-- Up-to-date: /home/shu/ros2_ws/install/base_demo_cpp/include/base_demo_cpp/base_demo_cpp/msg/rosidl_typesupport_introspection_c__visibility_control.h
-- Up-to-date: /home/shu/ros2_ws/install/base_demo_cpp/lib/libbase_demo_cpp__rosidl_typesupport_introspection_c.so
-- Up-to-date: /home/shu/ros2_ws/install/base_demo_cpp/lib/libbase_demo_cpp__rosidl_typesupport_c.so
-- Up-to-date: /home/shu/ros2_ws/install/base_demo_cpp/include/base_demo_cpp/base_demo_cpp
-- Up-to-date: /home/shu/ros2_ws/install/base_demo_cpp/include/base_demo_cpp/base_demo_cpp/msg
-- Up-to-date: /home/shu/ros2_ws/install/base_demo_cpp/include/base_demo_cpp/base_demo_cpp/msg/detail
-- Up-to-date: /home/shu/ros2_ws/install/base_demo_cpp/include/base_demo_cpp/base_demo_cpp/msg/detail/base_status__rosidl_typesupport_introspection_cpp.hpp
-- Up-to-date: /home/shu/ros2_ws/install/base_demo_cpp/include/base_demo_cpp/base_demo_cpp/msg/detail/base_status__type_support.cpp
-- Up-to-date: /home/shu/ros2_ws/install/base_demo_cpp/lib/libbase_demo_cpp__rosidl_typesupport_introspection_cpp.so
-- Up-to-date: /home/shu/ros2_ws/install/base_demo_cpp/lib/libbase_demo_cpp__rosidl_typesupport_cpp.so
-- Up-to-date: /home/shu/ros2_ws/install/base_demo_cpp/share/base_demo_cpp/environment/pythonpath.sh
-- Up-to-date: /home/shu/ros2_ws/install/base_demo_cpp/share/base_demo_cpp/environment/pythonpath.dsv
-- Up-to-date: /home/shu/ros2_ws/install/base_demo_cpp/lib/python3.12/site-packages/base_demo_cpp-0.0.0-py3.12.egg-info
-- Installing: /home/shu/ros2_ws/install/base_demo_cpp/lib/python3.12/site-packages/base_demo_cpp-0.0.0-py3.12.egg-info/PKG-INFO
-- Installing: /home/shu/ros2_ws/install/base_demo_cpp/lib/python3.12/site-packages/base_demo_cpp-0.0.0-py3.12.egg-info/SOURCES.txt
-- Installing: /home/shu/ros2_ws/install/base_demo_cpp/lib/python3.12/site-packages/base_demo_cpp-0.0.0-py3.12.egg-info/dependency_links.txt
-- Installing: /home/shu/ros2_ws/install/base_demo_cpp/lib/python3.12/site-packages/base_demo_cpp-0.0.0-py3.12.egg-info/top_level.txt
-- Up-to-date: /home/shu/ros2_ws/install/base_demo_cpp/lib/python3.12/site-packages/base_demo_cpp
-- Up-to-date: /home/shu/ros2_ws/install/base_demo_cpp/lib/python3.12/site-packages/base_demo_cpp/_base_demo_cpp_s.ep.rosidl_typesupport_introspection_c.c
-- Up-to-date: /home/shu/ros2_ws/install/base_demo_cpp/lib/python3.12/site-packages/base_demo_cpp/base_demo_cpp_s__rosidl_typesupport_introspection_c.so
-- Up-to-date: /home/shu/ros2_ws/install/base_demo_cpp/lib/python3.12/site-packages/base_demo_cpp/_base_demo_cpp_s.ep.rosidl_typesupport_c.c
-- Up-to-date: /home/shu/ros2_ws/install/base_demo_cpp/lib/python3.12/site-packages/base_demo_cpp/base_demo_cpp_s__rosidl_typesupport_fastrtps_c.so
-- Installing: /home/shu/ros2_ws/install/base_demo_cpp/lib/python3.12/site-packages/base_demo_cpp/__init__.py
-- Up-to-date: /home/shu/ros2_ws/install/base_demo_cpp/lib/python3.12/site-packages/base_demo_cpp/_base_demo_cpp_s.ep.rosidl_typesupport_fastrtps_c.c
-- Up-to-date: /home/shu/ros2_ws/install/base_demo_cpp/lib/python3.12/site-packages/base_demo_cpp/base_demo_cpp_s__rosidl_typesupport_c.so
-- Up-to-date: /home/shu/ros2_ws/install/base_demo_cpp/lib/python3.12/site-packages/base_demo_cpp/msg
-- Up-to-date: /home/shu/ros2_ws/install/base_demo_cpp/lib/python3.12/site-packages/base_demo_cpp/msg/__init__.py
-- Up-to-date: /home/shu/ros2_ws/install/base_demo_cpp/lib/python3.12/site-packages/base_demo_cpp/msg/_base_status.py
-- Up-to-date: /home/shu/ros2_ws/install/base_demo_cpp/lib/python3.12/site-packages/base_demo_cpp/msg/_base_status_s.c
Listing '/home/shu/ros2_ws/install/base_demo_cpp/lib/python3.12/site-packages/base_demo_cpp'...
Compiling '/home/shu/ros2_ws/install/base_demo_cpp/lib/python3.12/site-packages/base_demo_cpp/__init__.py'...
Listing '/home/shu/ros2_ws/install/base_demo_cpp/lib/python3.12/site-packages/base_demo_cpp/msg'...
-- Up-to-date: /home/shu/ros2_ws/install/base_demo_cpp/lib/python3.12/site-packages/base_demo_cpp/base_demo_cpp_s__rosidl_typesupport_fastrtps_c.so
-- Up-to-date: /home/shu/ros2_ws/install/base_demo_cpp/lib/python3.12/site-packages/base_demo_cpp/base_demo_cpp_s__rosidl_typesupport_introspection_c.so
-- Up-to-date: /home/shu/ros2_ws/install/base_demo_cpp/lib/python3.12/site-packages/base_demo_cpp/base_demo_cpp_s__rosidl_typesupport_c.so
-- Up-to-date: /home/shu/ros2_ws/install/base_demo_cpp/lib/libbase_demo_cpp__rosidl_generator_py.so
-- Up-to-date: /home/shu/ros2_ws/install/base_demo_cpp/share/ament_index/resource_index/rust_packages/base_demo_cpp
-- Up-to-date: /home/shu/ros2_ws/install/base_demo_cpp/share/base_demo_cpp/rust
-- Up-to-date: /home/shu/ros2_ws/install/base_demo_cpp/share/base_demo_cpp/rust/src
-- Up-to-date: /home/shu/ros2_ws/install/base_demo_cpp/share/base_demo_cpp/rust/src/lib.rs
-- Up-to-date: /home/shu/ros2_ws/install/base_demo_cpp/share/base_demo_cpp/rust/src/msg.rs
-- Up-to-date: /home/shu/ros2_ws/install/base_demo_cpp/share/base_demo_cpp/rust/src/msg
-- Up-to-date: /home/shu/ros2_ws/install/base_demo_cpp/share/base_demo_cpp/rust/src/msg/rmw.rs
-- Up-to-date: /home/shu/ros2_ws/install/base_demo_cpp/share/base_demo_cpp/rust/build.rs
-- Up-to-date: /home/shu/ros2_ws/install/base_demo_cpp/share/base_demo_cpp/rust/Cargo.toml
-- Up-to-date: /home/shu/ros2_ws/install/base_demo_cpp/share/base_demo_cpp/msg/BaseStatus.idl
-- Up-to-date: /home/shu/ros2_ws/install/base_demo_cpp/share/base_demo_cpp/msg/BaseStatus.msg
-- Installing: /home/shu/ros2_ws/install/base_demo_cpp/lib/base_demo_cpp/base_node
-- Set non-toolchain portion of runtime path of "/home/shu/ros2_ws/install/base_demo_cpp/lib/base_demo_cpp/base_node" to ""
-- Up-to-date: /home/shu/ros2_ws/install/base_demo_cpp/lib/base_demo_cpp/base_status_listener_node
-- Up-to-date: /home/shu/ros2_ws/install/base_demo_cpp/lib/base_demo_cpp/cmd_vel_test_node
-- Installing: /home/shu/ros2_ws/install/base_demo_cpp/lib/base_demo_cpp/tcp_client_test_node
-- Set non-toolchain portion of runtime path of "/home/shu/ros2_ws/install/base_demo_cpp/lib/base_demo_cpp/tcp_client_test_node" to ""
-- Up-to-date: /home/shu/ros2_ws/install/base_demo_cpp/share/base_demo_cpp/launch
-- Up-to-date: /home/shu/ros2_ws/install/base_demo_cpp/share/base_demo_cpp/launch/base_system.launch.py
-- Up-to-date: /home/shu/ros2_ws/install/base_demo_cpp/include
-- Up-to-date: /home/shu/ros2_ws/install/base_demo_cpp/include/base_demo_cpp
-- Installing: /home/shu/ros2_ws/install/base_demo_cpp/include/base_demo_cpp/tcp_client.hpp
-- Up-to-date: /home/shu/ros2_ws/install/base_demo_cpp/share/ament_index/resource_index/package_run_dependencies/base_demo_cpp
-- Installing: /home/shu/ros2_ws/install/base_demo_cpp/share/ament_index/resource_index/parent_prefix_path/base_demo_cpp
-- Up-to-date: /home/shu/ros2_ws/install/base_demo_cpp/share/base_demo_cpp/environment/ament_prefix_path.sh
-- Up-to-date: /home/shu/ros2_ws/install/base_demo_cpp/share/base_demo_cpp/environment/ament_prefix_path.dsv
-- Up-to-date: /home/shu/ros2_ws/install/base_demo_cpp/share/base_demo_cpp/environment/path.sh
-- Up-to-date: /home/shu/ros2_ws/install/base_demo_cpp/share/base_demo_cpp/environment/path.dsv
-- Up-to-date: /home/shu/ros2_ws/install/base_demo_cpp/share/base_demo_cpp/local_setup.bash
-- Up-to-date: /home/shu/ros2_ws/install/base_demo_cpp/share/base_demo_cpp/local_setup.sh
-- Up-to-date: /home/shu/ros2_ws/install/base_demo_cpp/share/base_demo_cpp/local_setup.zsh
-- Up-to-date: /home/shu/ros2_ws/install/base_demo_cpp/share/base_demo_cpp/local_setup.dsv
-- Installing: /home/shu/ros2_ws/install/base_demo_cpp/share/base_demo_cpp/package.dsv
-- Up-to-date: /home/shu/ros2_ws/install/base_demo_cpp/share/ament_index/resource_index/packages/base_demo_cpp
-- Up-to-date: /home/shu/ros2_ws/install/base_demo_cpp/share/base_demo_cpp/cmake/export_base_demo_cpp__rosidl_generator_cExport.cmake
-- Up-to-date: /home/shu/ros2_ws/install/base_demo_cpp/share/base_demo_cpp/cmake/export_base_demo_cpp__rosidl_generator_cExport-noconfig.cmake
-- Up-to-date: /home/shu/ros2_ws/install/base_demo_cpp/share/base_demo_cpp/cmake/export_base_demo_cpp__rosidl_typesupport_fastrtps_cExport.cmake
-- Up-to-date: /home/shu/ros2_ws/install/base_demo_cpp/share/base_demo_cpp/cmake/export_base_demo_cpp__rosidl_typesupport_fastrtps_cExport-noconfig.cmake
-- Up-to-date: /home/shu/ros2_ws/install/base_demo_cpp/share/base_demo_cpp/cmake/export_base_demo_cpp__rosidl_generator_cppExport.cmake
-- Up-to-date: /home/shu/ros2_ws/install/base_demo_cpp/share/base_demo_cpp/cmake/export_base_demo_cpp__rosidl_typesupport_fastrtps_cppExport.cmake
-- Up-to-date: /home/shu/ros2_ws/install/base_demo_cpp/share/base_demo_cpp/cmake/export_base_demo_cpp__rosidl_typesupport_fastrtps_cppExport-noconfig.cmake
-- Up-to-date: /home/shu/ros2_ws/install/base_demo_cpp/share/base_demo_cpp/cmake/base_demo_cpp__rosidl_typesupport_introspection_cExport.cmake
-- Up-to-date: /home/shu/ros2_ws/install/base_demo_cpp/share/base_demo_cpp/cmake/base_demo_cpp__rosidl_typesupport_introspection_cExport-noconfig.cmake
-- Up-to-date: /home/shu/ros2_ws/install/base_demo_cpp/share/base_demo_cpp/cmake/base_demo_cpp__rosidl_typesupport_cExport.cmake
-- Up-to-date: /home/shu/ros2_ws/install/base_demo_cpp/share/base_demo_cpp/cmake/base_demo_cpp__rosidl_typesupport_cExport-noconfig.cmake
-- Up-to-date: /home/shu/ros2_ws/install/base_demo_cpp/share/base_demo_cpp/cmake/base_demo_cpp__rosidl_typesupport_introspection_cppExport.cmake
-- Up-to-date: /home/shu/ros2_ws/install/base_demo_cpp/share/base_demo_cpp/cmake/base_demo_cpp__rosidl_typesupport_introspection_cppExport-noconfig.cmake
-- Up-to-date: /home/shu/ros2_ws/install/base_demo_cpp/share/base_demo_cpp/cmake/base_demo_cpp__rosidl_typesupport_cppExport.cmake
-- Up-to-date: /home/shu/ros2_ws/install/base_demo_cpp/share/base_demo_cpp/cmake/base_demo_cpp__rosidl_typesupport_cppExport-noconfig.cmake
-- Up-to-date: /home/shu/ros2_ws/install/base_demo_cpp/share/base_demo_cpp/cmake/export_base_demo_cpp__rosidl_generator_pyExport.cmake
-- Up-to-date: /home/shu/ros2_ws/install/base_demo_cpp/share/base_demo_cpp/cmake/export_base_demo_cpp__rosidl_generator_pyExport-noconfig.cmake
-- Up-to-date: /home/shu/ros2_ws/install/base_demo_cpp/share/base_demo_cpp/cmake/rosidl_cmake-extras.cmake
-- Up-to-date: /home/shu/ros2_ws/install/base_demo_cpp/share/base_demo_cpp/cmake/ament_cmake_export_include_directories-extras.cmake
-- Up-to-date: /home/shu/ros2_ws/install/base_demo_cpp/share/base_demo_cpp/cmake/ament_cmake_export_libraries-extras.cmake
-- Up-to-date: /home/shu/ros2_ws/install/base_demo_cpp/share/base_demo_cpp/cmake/ament_cmake_export_targets-extras.cmake
-- Up-to-date: /home/shu/ros2_ws/install/base_demo_cpp/share/base_demo_cpp/cmake/rosidl_cmake_export_typesupport_targets-extras.cmake
-- Up-to-date: /home/shu/ros2_ws/install/base_demo_cpp/share/base_demo_cpp/cmake/ament_cmake_export_dependencies-extras.cmake
-- Up-to-date: /home/shu/ros2_ws/install/base_demo_cpp/share/base_demo_cpp/cmake/rosidl_cmake_export_typesupport_libraries-extras.cmake
-- Up-to-date: /home/shu/ros2_ws/install/base_demo_cpp/share/base_demo_cpp/cmake/base_demo_cppConfig.cmake
-- Up-to-date: /home/shu/ros2_ws/install/base_demo_cpp/share/base_demo_cpp/cmake/base_demo_cppConfig-version.cmake
-- Up-to-date: /home/shu/ros2_ws/install/base_demo_cpp/share/base_demo_cpp/package.xml
